Log file open, 12/03/22 13:52:28
LogPluginManager: Mounting plugin Paper2D
LogPluginManager: Mounting plugin AISupport
LogPluginManager: Mounting plugin LightPropagationVolume
LogPluginManager: Mounting plugin CameraShakePreviewer
LogPluginManager: Mounting plugin ActorLayerUtilities
LogPluginManager: Mounting plugin AnimationSharing
LogPluginManager: Mounting plugin CLionSourceCodeAccess
LogPluginManager: Mounting plugin CodeLiteSourceCodeAccess
LogPluginManager: Mounting plugin GitSourceControl
LogPluginManager: Mounting plugin KDevelopSourceCodeAccess
LogPluginManager: Mounting plugin NullSourceCodeAccess
LogPluginManager: Mounting plugin PerforceSourceControl
LogPluginManager: Mounting plugin PlasticSourceControl
LogPluginManager: Mounting plugin RiderSourceCodeAccess
LogPluginManager: Mounting plugin SubversionSourceControl
LogPluginManager: Mounting plugin UObjectPlugin
LogPluginManager: Mounting plugin VisualStudioCodeSourceCodeAccess
LogPluginManager: Mounting plugin VisualStudioSourceCodeAccess
LogPluginManager: Mounting plugin XCodeSourceCodeAccess
LogPluginManager: Mounting plugin AssetManagerEditor
LogPluginManager: Mounting plugin CryptoKeys
LogPluginManager: Mounting plugin CurveEditorTools
LogPluginManager: Mounting plugin DataValidation
LogPluginManager: Mounting plugin EditorScriptingUtilities
LogPluginManager: Mounting plugin GameplayTagsEditor
LogPluginManager: Mounting plugin GeometryMode
LogPluginManager: Mounting plugin MacGraphicsSwitching
LogPluginManager: Mounting plugin MaterialAnalyzer
LogPluginManager: Mounting plugin MobileLauncherProfileWizard
LogPluginManager: Mounting plugin PluginBrowser
LogPluginManager: Mounting plugin SpeedTreeImporter
LogPluginManager: Mounting plugin DatasmithContent
LogPluginManager: Mounting plugin VariantManagerContent
LogPluginManager: Mounting plugin AlembicImporter
LogPluginManager: Mounting plugin AutomationUtils
LogPluginManager: Mounting plugin BackChannel
LogPluginManager: Mounting plugin ChaosCloth
LogPluginManager: Mounting plugin ChaosClothEditor
LogPluginManager: Mounting plugin ChaosEditor
LogPluginManager: Mounting plugin ChaosNiagara
LogPluginManager: Mounting plugin ChaosSolverPlugin
LogPluginManager: Mounting plugin CharacterAI
LogPluginManager: Mounting plugin GeometryCache
LogPluginManager: Mounting plugin GeometryCollectionPlugin
LogPluginManager: Mounting plugin GeometryProcessing
LogPluginManager: Mounting plugin PlanarCut
LogPluginManager: Mounting plugin PlatformCrypto
LogPluginManager: Mounting plugin ProxyLODPlugin
LogPluginManager: Mounting plugin SkeletalReduction
LogPluginManager: Mounting plugin Niagara
LogPluginManager: Mounting plugin MagicLeap
LogPluginManager: Mounting plugin MagicLeapLightEstimation
LogPluginManager: Mounting plugin MagicLeapMedia
LogPluginManager: Mounting plugin MagicLeapPassableWorld
LogPluginManager: Mounting plugin MLSDK
LogPluginManager: Mounting plugin ImgMedia
LogPluginManager: Mounting plugin MediaCompositing
LogPluginManager: Mounting plugin MediaPlayerEditor
LogPluginManager: Mounting plugin WebMMedia
LogPluginManager: Mounting plugin MeshPainting
LogPluginManager: Mounting plugin TcpMessaging
LogPluginManager: Mounting plugin UdpMessaging
LogPluginManager: Mounting plugin ActorSequence
LogPluginManager: Mounting plugin LevelSequenceEditor
LogPluginManager: Mounting plugin MatineeToLevelSequence
LogPluginManager: Mounting plugin MovieRenderPipeline
LogPluginManager: Mounting plugin TemplateSequence
LogPluginManager: Mounting plugin NetcodeUnitTest
LogPluginManager: Mounting plugin NUTUnrealEngine4
LogPluginManager: Mounting plugin OnlineFramework
LogPluginManager: Mounting plugin OnlineSubsystem
LogPluginManager: Mounting plugin OnlineSubsystemNull
LogPluginManager: Mounting plugin OnlineSubsystemSteam
LogPluginManager: Mounting plugin OnlineSubsystemUtils
LogPluginManager: Mounting plugin LauncherChunkInstaller
LogPluginManager: Mounting plugin ApexDestruction
LogPluginManager: Mounting plugin AppleImageUtils
LogPluginManager: Mounting plugin ArchVisCharacter
LogPluginManager: Mounting plugin AssetTags
LogPluginManager: Mounting plugin AudioCapture
LogPluginManager: Mounting plugin CableComponent
LogPluginManager: Mounting plugin CustomMeshComponent
LogPluginManager: Mounting plugin EditableMesh
LogPluginManager: Mounting plugin ExampleDeviceProfileSelector
LogPluginManager: Mounting plugin GooglePAD
LogPluginManager: Mounting plugin OculusVR
LogPluginManager: Mounting plugin PhysXVehicles
LogPluginManager: Mounting plugin PostSplashScreen
LogPluginManager: Mounting plugin ProceduralMeshComponent
LogPluginManager: Mounting plugin RuntimePhysXCooking
LogPluginManager: Mounting plugin SignificanceManager
LogPluginManager: Mounting plugin SoundFields
LogPluginManager: Mounting plugin SteamShared
LogPluginManager: Mounting plugin Synthesis
LogPluginManager: Mounting plugin WebMMoviePlayer
LogPluginManager: Mounting plugin ScreenshotTools
LogInit: Using libcurl 7.55.1-DEV
LogInit:  - built for x86_64-pc-win32
LogInit:  - supports SSL with OpenSSL/1.1.1
LogInit:  - supports HTTP deflate (compression) using libz 1.2.8
LogInit:  - other features:
LogInit:      CURL_VERSION_SSL
LogInit:      CURL_VERSION_LIBZ
LogInit:      CURL_VERSION_IPV6
LogInit:      CURL_VERSION_ASYNCHDNS
LogInit:      CURL_VERSION_LARGEFILE
LogInit:      CURL_VERSION_IDN
LogInit:  CurlRequestOptions (configurable via config and command line):
LogInit:  - bVerifyPeer = true  - Libcurl will verify peer certificate
LogInit:  - bUseHttpProxy = false  - Libcurl will NOT use HTTP proxy
LogInit:  - bDontReuseConnections = false  - Libcurl will reuse connections
LogInit:  - MaxHostConnections = 16  - Libcurl will limit the number of connections to a host
LogInit:  - LocalHostAddr = Default
LogInit:  - BufferSize = 65536
LogOnline: OSS: Creating online subsystem instance for: NULL
LogInit: WinSock: version 1.1 (2.2), MaxSocks=32767, MaxUdp=65467
LogOnline: OSS: TryLoadSubsystemAndSetDefault: Loaded subsystem for module [NULL]
LogInit: Build: ++UE4+Release-4.25-CL-14469661
LogInit: Engine Version: 4.25.4-14469661+++UE4+Release-4.25
LogInit: Compatible Engine Version: 4.25.0-13144385+++UE4+Release-4.25
LogInit: Net CL: 13144385
LogInit: OS: Windows 7 (Service Pack 1), CPU: Intel(R) Core(TM) i7-6700 CPU @ 3.40GHz, GPU: NVIDIA GeForce GTX 970
LogInit: Compiled (64-bit): Oct 11 2020 08:10:49
LogInit: Compiled with Visual C++: 19.24.28315.00
LogInit: Build Configuration: Development
LogInit: Branch Name: ++UE4+Release-4.25
LogInit: Command Line:  "E:\MODDING\_Ace Combat 7\_Template Project\UE4GameProjectGenerator-master\GameProjectGenerator.uproject" -run=ProjectGenerator -HeaderRoot="E:\MODDING\_Ace Combat 7\_Template Project\UHTHeaderDump" -ProjectFile=E:\MODDING\program\Fmodel\Output\Exports\Nimbus\Nimbus.uproject -PluginManifest=E:\MODDING\program\Fmodel\Output\Exports\Nimbus\Plugins\Nimbus.upluginmanifest -OutputDir="E:\MODDING\_Ace Combat 7\_Template Project\Nimbus Template" -stdout -unattended -NoLogTimes
LogInit: Base Directory: D:/Program Files/Epic Games/UE_4.25/Engine/Binaries/Win64/
LogInit: Allocator: TBB
LogInit: Installed Engine Build: 1
LogDevObjectVersion: Number of dev versions registered: 26
LogDevObjectVersion:   Dev-Blueprints (B0D832E4-1F89-4F0D-ACCF-7EB736FD4AA2): 10
LogDevObjectVersion:   Dev-Build (E1C64328-A22C-4D53-A36C-8E866417BD8C): 0
LogDevObjectVersion:   Dev-Core (375EC13C-06E4-48FB-B500-84F0262A717E): 4
LogDevObjectVersion:   Dev-Editor (E4B068ED-F494-42E9-A231-DA0B2E46BB41): 38
LogDevObjectVersion:   Dev-Framework (CFFC743F-43B0-4480-9391-14DF171D2073): 37
LogDevObjectVersion:   Dev-Mobile (B02B49B5-BB20-44E9-A304-32B752E40360): 2
LogDevObjectVersion:   Dev-Networking (A4E4105C-59A1-49B5-A7C5-40C4547EDFEE): 0
LogDevObjectVersion:   Dev-Online (39C831C9-5AE6-47DC-9A44-9C173E1C8E7C): 0
LogDevObjectVersion:   Dev-Physics (78F01B33-EBEA-4F98-B9B4-84EACCB95AA2): 4
LogDevObjectVersion:   Dev-Platform (6631380F-2D4D-43E0-8009-CF276956A95A): 0
LogDevObjectVersion:   Dev-Rendering (12F88B9F-8875-4AFC-A67C-D90C383ABD29): 43
LogDevObjectVersion:   Dev-Sequencer (7B5AE74C-D270-4C10-A958-57980B212A5A): 12
LogDevObjectVersion:   Dev-VR (D7296918-1DD6-4BDD-9DE2-64A83CC13884): 3
LogDevObjectVersion:   Dev-LoadTimes (C2A15278-BFE7-4AFE-6C17-90FF531DF755): 1
LogDevObjectVersion:   Private-Geometry (6EACA3D4-40EC-4CC1-B786-8BED09428FC5): 3
LogDevObjectVersion:   Dev-AnimPhys (29E575DD-E0A3-4627-9D10-D276232CDCEA): 17
LogDevObjectVersion:   Dev-Anim (AF43A65D-7FD3-4947-9873-3E8ED9C1BB05): 7
LogDevObjectVersion:   Dev-ReflectionCapture (6B266CEC-1EC7-4B8F-A30B-E4D90942FC07): 1
LogDevObjectVersion:   Dev-Automation (0DF73D61-A23F-47EA-B727-89E90C41499A): 1
LogDevObjectVersion:   FortniteMain (601D1886-AC64-4F84-AA16-D3DE0DEAC7D6): 31
LogDevObjectVersion:   Dev-Enterprise (9DFFBCD6-494F-0158-E221-12823C92A888): 10
LogDevObjectVersion:   Dev-Niagara (F2AED0AC-9AFE-416F-8664-AA7FFA26D6FC): 1
LogDevObjectVersion:   Dev-Destruction (174F1F0B-B4C6-45A5-B13F-2EE8D0FB917D): 10
LogDevObjectVersion:   Dev-Physics-Ext (35F94A83-E258-406C-A318-09F59610247C): 37
LogDevObjectVersion:   Dev-PhysicsMaterial-Chaos (B68FC16E-8B1B-42E2-B453-215C058844FE): 1
LogDevObjectVersion:   Dev-CineCamera (B2E18506-4273-CFC2-A54E-F4BB758BBA07): 1
LogInit: Presizing for max 25165824 objects, including 0 objects not considered by GC, pre-allocating 0 bytes for permanent pool.
LogConfig: Applying CVar settings from Section [/Script/Engine.StreamingSettings] File [E:/MODDING/_Ace Combat 7/_Template Project/UE4GameProjectGenerator-master/Saved/Config/Windows/Engine.ini]
LogConfig: Setting CVar [[s.MinBulkDataSizeForAsyncLoading:131072]]
LogConfig: Setting CVar [[s.AsyncLoadingThreadEnabled:0]]
LogConfig: Setting CVar [[s.EventDrivenLoaderEnabled:1]]
LogConfig: Setting CVar [[s.WarnIfTimeLimitExceeded:0]]
LogConfig: Setting CVar [[s.TimeLimitExceededMultiplier:1.5]]
LogConfig: Setting CVar [[s.TimeLimitExceededMinTime:0.005]]
LogConfig: Setting CVar [[s.UseBackgroundLevelStreaming:1]]
LogConfig: Setting CVar [[s.PriorityAsyncLoadingExtraTime:15.0]]
LogConfig: Setting CVar [[s.LevelStreamingActorsUpdateTimeLimit:5.0]]
LogConfig: Setting CVar [[s.PriorityLevelStreamingActorsUpdateExtraTime:5.0]]
LogConfig: Setting CVar [[s.LevelStreamingComponentsRegistrationGranularity:10]]
LogConfig: Setting CVar [[s.UnregisterComponentsTimeLimit:1.0]]
LogConfig: Setting CVar [[s.LevelStreamingComponentsUnregistrationGranularity:5]]
LogConfig: Setting CVar [[s.FlushStreamingOnExit:1]]
LogInit: Object subsystem initialized
LogConfig: Setting CVar [[con.DebugEarlyDefault:1]]
LogConfig: Setting CVar [[r.setres:1280x720]]
LogConfig: Setting CVar [[con.DebugEarlyDefault:1]]
LogConfig: Setting CVar [[r.setres:1280x720]]
LogConfig: Applying CVar settings from Section [/Script/Engine.RendererSettings] File [E:/MODDING/_Ace Combat 7/_Template Project/UE4GameProjectGenerator-master/Saved/Config/Windows/Engine.ini]
LogConfig: Setting CVar [[r.GPUCrashDebugging:0]]
LogConfig: Applying CVar settings from Section [/Script/Engine.RendererOverrideSettings] File [E:/MODDING/_Ace Combat 7/_Template Project/UE4GameProjectGenerator-master/Saved/Config/Windows/Engine.ini]
LogConfig: Applying CVar settings from Section [/Script/Engine.StreamingSettings] File [E:/MODDING/_Ace Combat 7/_Template Project/UE4GameProjectGenerator-master/Saved/Config/Windows/Engine.ini]
LogConfig: Setting CVar [[s.MinBulkDataSizeForAsyncLoading:131072]]
LogConfig: Setting CVar [[s.AsyncLoadingThreadEnabled:0]]
LogConfig: Setting CVar [[s.EventDrivenLoaderEnabled:1]]
LogConfig: Setting CVar [[s.WarnIfTimeLimitExceeded:0]]
LogConfig: Setting CVar [[s.TimeLimitExceededMultiplier:1.5]]
LogConfig: Setting CVar [[s.TimeLimitExceededMinTime:0.005]]
LogConfig: Setting CVar [[s.UseBackgroundLevelStreaming:1]]
LogConfig: Setting CVar [[s.PriorityAsyncLoadingExtraTime:15.0]]
LogConfig: Setting CVar [[s.LevelStreamingActorsUpdateTimeLimit:5.0]]
LogConfig: Setting CVar [[s.PriorityLevelStreamingActorsUpdateExtraTime:5.0]]
LogConfig: Setting CVar [[s.LevelStreamingComponentsRegistrationGranularity:10]]
LogConfig: Setting CVar [[s.UnregisterComponentsTimeLimit:1.0]]
LogConfig: Setting CVar [[s.LevelStreamingComponentsUnregistrationGranularity:5]]
LogConfig: Setting CVar [[s.FlushStreamingOnExit:1]]
LogConfig: Applying CVar settings from Section [/Script/Engine.GarbageCollectionSettings] File [E:/MODDING/_Ace Combat 7/_Template Project/UE4GameProjectGenerator-master/Saved/Config/Windows/Engine.ini]
LogConfig: Setting CVar [[gc.MaxObjectsNotConsideredByGC:1]]
LogConfig: Setting CVar [[gc.SizeOfPermanentObjectPool:0]]
LogConfig: Setting CVar [[gc.FlushStreamingOnGC:0]]
LogConfig: Setting CVar [[gc.NumRetriesBeforeForcingGC:10]]
LogConfig: Setting CVar [[gc.AllowParallelGC:1]]
LogConfig: Setting CVar [[gc.TimeBetweenPurgingPendingKillObjects:61.1]]
LogConfig: Setting CVar [[gc.MaxObjectsInEditor:25165824]]
LogConfig: Setting CVar [[gc.IncrementalBeginDestroyEnabled:1]]
LogConfig: Setting CVar [[gc.CreateGCClusters:1]]
LogConfig: Setting CVar [[gc.MinGCClusterSize:5]]
LogConfig: Setting CVar [[gc.ActorClusteringEnabled:0]]
LogConfig: Setting CVar [[gc.BlueprintClusteringEnabled:0]]
LogConfig: Setting CVar [[gc.UseDisregardForGCOnDedicatedServers:0]]
LogConfig: Applying CVar settings from Section [/Script/Engine.NetworkSettings] File [E:/MODDING/_Ace Combat 7/_Template Project/UE4GameProjectGenerator-master/Saved/Config/Windows/Engine.ini]
LogConfig: Applying CVar settings from Section [/Script/UnrealEd.CookerSettings] File [E:/MODDING/_Ace Combat 7/_Template Project/UE4GameProjectGenerator-master/Saved/Config/Windows/Engine.ini]
LogConfig: Setting CVar [[cook.AllowCookedDataInEditorBuilds:1]]
LogConfig: Applying CVar settings from Section [ViewDistanceQuality@3] File [E:/MODDING/_Ace Combat 7/_Template Project/UE4GameProjectGenerator-master/Saved/Config/Windows/Scalability.ini]
LogConfig: Setting CVar [[r.SkeletalMeshLODBias:0]]
LogConfig: Setting CVar [[r.ViewDistanceScale:1.0]]
LogConfig: Applying CVar settings from Section [AntiAliasingQuality@3] File [E:/MODDING/_Ace Combat 7/_Template Project/UE4GameProjectGenerator-master/Saved/Config/Windows/Scalability.ini]
LogConfig: Setting CVar [[r.PostProcessAAQuality:4]]
LogConfig: Applying CVar settings from Section [ShadowQuality@3] File [E:/MODDING/_Ace Combat 7/_Template Project/UE4GameProjectGenerator-master/Saved/Config/Windows/Scalability.ini]
LogConfig: Setting CVar [[r.LightFunctionQuality:1]]
LogConfig: Setting CVar [[r.ShadowQuality:5]]
LogConfig: Setting CVar [[r.Shadow.CSM.MaxCascades:10]]
LogConfig: Setting CVar [[r.Shadow.MaxResolution:2048]]
LogConfig: Setting CVar [[r.Shadow.MaxCSMResolution:2048]]
LogConfig: Setting CVar [[r.Shadow.RadiusThreshold:0.01]]
LogConfig: Setting CVar [[r.Shadow.DistanceScale:1.0]]
LogConfig: Setting CVar [[r.Shadow.CSM.TransitionScale:1.0]]
LogConfig: Setting CVar [[r.Shadow.PreShadowResolutionFactor:1.0]]
LogConfig: Setting CVar [[r.DistanceFieldShadowing:1]]
LogConfig: Setting CVar [[r.DistanceFieldAO:1]]
LogConfig: Setting CVar [[r.AOQuality:2]]
LogConfig: Setting CVar [[r.VolumetricFog:1]]
LogConfig: Setting CVar [[r.VolumetricFog.GridPixelSize:8]]
LogConfig: Setting CVar [[r.VolumetricFog.GridSizeZ:128]]
LogConfig: Setting CVar [[r.VolumetricFog.HistoryMissSupersampleCount:4]]
LogConfig: Setting CVar [[r.LightMaxDrawDistanceScale:1]]
LogConfig: Setting CVar [[r.CapsuleShadows:1]]
LogConfig: Applying CVar settings from Section [PostProcessQuality@3] File [E:/MODDING/_Ace Combat 7/_Template Project/UE4GameProjectGenerator-master/Saved/Config/Windows/Scalability.ini]
LogConfig: Setting CVar [[r.MotionBlurQuality:4]]
LogConfig: Setting CVar [[r.AmbientOcclusionMipLevelFactor:0.4]]
LogConfig: Setting CVar [[r.AmbientOcclusionMaxQuality:100]]
LogConfig: Setting CVar [[r.AmbientOcclusionLevels:-1]]
LogConfig: Setting CVar [[r.AmbientOcclusionRadiusScale:1.0]]
LogConfig: Setting CVar [[r.DepthOfFieldQuality:2]]
LogConfig: Setting CVar [[r.RenderTargetPoolMin:400]]
LogConfig: Setting CVar [[r.LensFlareQuality:2]]
LogConfig: Setting CVar [[r.SceneColorFringeQuality:1]]
LogConfig: Setting CVar [[r.EyeAdaptationQuality:2]]
LogConfig: Setting CVar [[r.BloomQuality:5]]
LogConfig: Setting CVar [[r.FastBlurThreshold:100]]
LogConfig: Setting CVar [[r.Upscale.Quality:3]]
LogConfig: Setting CVar [[r.Tonemapper.GrainQuantization:1]]
LogConfig: Setting CVar [[r.LightShaftQuality:1]]
LogConfig: Setting CVar [[r.Filter.SizeScale:1]]
LogConfig: Setting CVar [[r.Tonemapper.Quality:5]]
LogConfig: Setting CVar [[r.DOF.Gather.AccumulatorQuality:1        ; higher gathering accumulator quality]]
LogConfig: Setting CVar [[r.DOF.Gather.PostfilterMethod:1          ; Median3x3 postfilering method]]
LogConfig: Setting CVar [[r.DOF.Gather.EnableBokehSettings:0       ; no bokeh simulation when gathering]]
LogConfig: Setting CVar [[r.DOF.Gather.RingCount:4                 ; medium number of samples when gathering]]
LogConfig: Setting CVar [[r.DOF.Scatter.ForegroundCompositing:1    ; additive foreground scattering]]
LogConfig: Setting CVar [[r.DOF.Scatter.BackgroundCompositing:2    ; additive background scattering]]
LogConfig: Setting CVar [[r.DOF.Scatter.EnableBokehSettings:1      ; bokeh simulation when scattering]]
LogConfig: Setting CVar [[r.DOF.Scatter.MaxSpriteRatio:0.1         ; only a maximum of 10% of scattered bokeh]]
LogConfig: Setting CVar [[r.DOF.Recombine.Quality:1                ; cheap slight out of focus]]
LogConfig: Setting CVar [[r.DOF.Recombine.EnableBokehSettings:0    ; no bokeh simulation on slight out of focus]]
LogConfig: Setting CVar [[r.DOF.TemporalAAQuality:1                ; more stable temporal accumulation]]
LogConfig: Setting CVar [[r.DOF.Kernel.MaxForegroundRadius:0.025]]
LogConfig: Setting CVar [[r.DOF.Kernel.MaxBackgroundRadius:0.025]]
LogConfig: Applying CVar settings from Section [TextureQuality@3] File [E:/MODDING/_Ace Combat 7/_Template Project/UE4GameProjectGenerator-master/Saved/Config/Windows/Scalability.ini]
LogConfig: Setting CVar [[r.Streaming.MipBias:0]]
LogConfig: Setting CVar [[r.Streaming.AmortizeCPUToGPUCopy:0]]
LogConfig: Setting CVar [[r.Streaming.MaxNumTexturesToStreamPerFrame:0]]
LogConfig: Setting CVar [[r.Streaming.Boost:1]]
LogConfig: Setting CVar [[r.MaxAnisotropy:8]]
LogConfig: Setting CVar [[r.VT.MaxAnisotropy:8]]
LogConfig: Setting CVar [[r.Streaming.LimitPoolSizeToVRAM:0]]
LogConfig: Setting CVar [[r.Streaming.PoolSize:1000]]
LogConfig: Setting CVar [[r.Streaming.MaxEffectiveScreenSize:0]]
LogConfig: Applying CVar settings from Section [EffectsQuality@3] File [E:/MODDING/_Ace Combat 7/_Template Project/UE4GameProjectGenerator-master/Saved/Config/Windows/Scalability.ini]
LogConfig: Setting CVar [[r.TranslucencyLightingVolumeDim:64]]
LogConfig: Setting CVar [[r.RefractionQuality:2]]
LogConfig: Setting CVar [[r.SSR.Quality:3]]
LogConfig: Setting CVar [[r.SSR.HalfResSceneColor:0]]
LogConfig: Setting CVar [[r.SceneColorFormat:4]]
LogConfig: Setting CVar [[r.DetailMode:2]]
LogConfig: Setting CVar [[r.TranslucencyVolumeBlur:1]]
LogConfig: Setting CVar [[r.MaterialQualityLevel:1 ; High quality]]
LogConfig: Setting CVar [[r.SSS.Scale:1]]
LogConfig: Setting CVar [[r.SSS.SampleSet:2]]
LogConfig: Setting CVar [[r.SSS.Quality:1]]
LogConfig: Setting CVar [[r.SSS.HalfRes:0]]
LogConfig: Setting CVar [[r.SSGI.Quality:3]]
LogConfig: Setting CVar [[r.EmitterSpawnRateScale:1.0]]
LogConfig: Setting CVar [[r.ParticleLightQuality:2]]
LogConfig: Setting CVar [[r.SkyAtmosphere.AerialPerspectiveLUT.FastApplyOnOpaque:1 ; Always have FastSkyLUT 1 in this case to avoid wrong sky]]
LogConfig: Setting CVar [[r.SkyAtmosphere.AerialPerspectiveLUT.SampleCountPerSlice:1]]
LogConfig: Setting CVar [[r.SkyAtmosphere.AerialPerspectiveLUT.DepthResolution:16.0]]
LogConfig: Setting CVar [[r.SkyAtmosphere.FastSkyLUT:1]]
LogConfig: Setting CVar [[r.SkyAtmosphere.FastSkyLUT.SampleCountMin:4.0]]
LogConfig: Setting CVar [[r.SkyAtmosphere.FastSkyLUT.SampleCountMax:32.0]]
LogConfig: Setting CVar [[r.SkyAtmosphere.SampleCountMin:4.0]]
LogConfig: Setting CVar [[r.SkyAtmosphere.SampleCountMax:32.0]]
LogConfig: Setting CVar [[r.SkyAtmosphere.TransmittanceLUT.UseSmallFormat:0]]
LogConfig: Setting CVar [[r.SkyAtmosphere.TransmittanceLUT.SampleCount:10.0]]
LogConfig: Setting CVar [[r.SkyAtmosphere.MultiScatteringLUT.SampleCount:15.0]]
LogConfig: Applying CVar settings from Section [FoliageQuality@3] File [E:/MODDING/_Ace Combat 7/_Template Project/UE4GameProjectGenerator-master/Saved/Config/Windows/Scalability.ini]
LogConfig: Setting CVar [[foliage.DensityScale:1.0]]
LogConfig: Setting CVar [[grass.DensityScale:1.0]]
LogConfig: Applying CVar settings from Section [ShadingQuality@3] File [E:/MODDING/_Ace Combat 7/_Template Project/UE4GameProjectGenerator-master/Saved/Config/Windows/Scalability.ini]
LogConfig: Setting CVar [[r.HairStrands.SkyLighting.SampleCount:16]]
LogConfig: Setting CVar [[r.HairStrands.SkyLighting.JitterIntegration:0]]
LogConfig: Setting CVar [[r.HairStrands.SkyAO.SampleCount:16]]
LogConfig: Setting CVar [[r.HairStrands.DeepShadow.SuperSampling:0]]
LogConfig: Setting CVar [[r.HairStrands.VisibilityPPLL:0]]
LogConfig: Setting CVar [[r.HairStrands.RasterizationScale:0.5]]
LogConfig: Setting CVar [[r.HairStrands.VelocityRasterizationScale:1]]
LogInit: Selected Device Profile: [Windows]
LogInit: Applying CVar settings loaded from the selected device profile: [Windows]
LogHAL: Display: Platform has ~ 16 GB [17106059264 / 17179869184 / 16], which maps to Larger [LargestMinGB=32, LargerMinGB=12, DefaultMinGB=8, SmallerMinGB=6, SmallestMinGB=0)
LogInit: Going up to parent DeviceProfile []
LogConfig: Applying CVar settings from Section [ViewDistanceQuality@3] File [E:/MODDING/_Ace Combat 7/_Template Project/UE4GameProjectGenerator-master/Saved/Config/Windows/Scalability.ini]
LogConfig: Setting CVar [[r.SkeletalMeshLODBias:0]]
LogConfig: Setting CVar [[r.ViewDistanceScale:1.0]]
LogConfig: Applying CVar settings from Section [AntiAliasingQuality@3] File [E:/MODDING/_Ace Combat 7/_Template Project/UE4GameProjectGenerator-master/Saved/Config/Windows/Scalability.ini]
LogConfig: Setting CVar [[r.PostProcessAAQuality:4]]
LogConfig: Applying CVar settings from Section [ShadowQuality@3] File [E:/MODDING/_Ace Combat 7/_Template Project/UE4GameProjectGenerator-master/Saved/Config/Windows/Scalability.ini]
LogConfig: Setting CVar [[r.LightFunctionQuality:1]]
LogConfig: Setting CVar [[r.ShadowQuality:5]]
LogConfig: Setting CVar [[r.Shadow.CSM.MaxCascades:10]]
LogConfig: Setting CVar [[r.Shadow.MaxResolution:2048]]
LogConfig: Setting CVar [[r.Shadow.MaxCSMResolution:2048]]
LogConfig: Setting CVar [[r.Shadow.RadiusThreshold:0.01]]
LogConfig: Setting CVar [[r.Shadow.DistanceScale:1.0]]
LogConfig: Setting CVar [[r.Shadow.CSM.TransitionScale:1.0]]
LogConfig: Setting CVar [[r.Shadow.PreShadowResolutionFactor:1.0]]
LogConfig: Setting CVar [[r.DistanceFieldShadowing:1]]
LogConfig: Setting CVar [[r.DistanceFieldAO:1]]
LogConfig: Setting CVar [[r.AOQuality:2]]
LogConfig: Setting CVar [[r.VolumetricFog:1]]
LogConfig: Setting CVar [[r.VolumetricFog.GridPixelSize:8]]
LogConfig: Setting CVar [[r.VolumetricFog.GridSizeZ:128]]
LogConfig: Setting CVar [[r.VolumetricFog.HistoryMissSupersampleCount:4]]
LogConfig: Setting CVar [[r.LightMaxDrawDistanceScale:1]]
LogConfig: Setting CVar [[r.CapsuleShadows:1]]
LogConfig: Applying CVar settings from Section [PostProcessQuality@3] File [E:/MODDING/_Ace Combat 7/_Template Project/UE4GameProjectGenerator-master/Saved/Config/Windows/Scalability.ini]
LogConfig: Setting CVar [[r.MotionBlurQuality:4]]
LogConfig: Setting CVar [[r.AmbientOcclusionMipLevelFactor:0.4]]
LogConfig: Setting CVar [[r.AmbientOcclusionMaxQuality:100]]
LogConfig: Setting CVar [[r.AmbientOcclusionLevels:-1]]
LogConfig: Setting CVar [[r.AmbientOcclusionRadiusScale:1.0]]
LogConfig: Setting CVar [[r.DepthOfFieldQuality:2]]
LogConfig: Setting CVar [[r.RenderTargetPoolMin:400]]
LogConfig: Setting CVar [[r.LensFlareQuality:2]]
LogConfig: Setting CVar [[r.SceneColorFringeQuality:1]]
LogConfig: Setting CVar [[r.EyeAdaptationQuality:2]]
LogConfig: Setting CVar [[r.BloomQuality:5]]
LogConfig: Setting CVar [[r.FastBlurThreshold:100]]
LogConfig: Setting CVar [[r.Upscale.Quality:3]]
LogConfig: Setting CVar [[r.Tonemapper.GrainQuantization:1]]
LogConfig: Setting CVar [[r.LightShaftQuality:1]]
LogConfig: Setting CVar [[r.Filter.SizeScale:1]]
LogConfig: Setting CVar [[r.Tonemapper.Quality:5]]
LogConfig: Setting CVar [[r.DOF.Gather.AccumulatorQuality:1        ; higher gathering accumulator quality]]
LogConfig: Setting CVar [[r.DOF.Gather.PostfilterMethod:1          ; Median3x3 postfilering method]]
LogConfig: Setting CVar [[r.DOF.Gather.EnableBokehSettings:0       ; no bokeh simulation when gathering]]
LogConfig: Setting CVar [[r.DOF.Gather.RingCount:4                 ; medium number of samples when gathering]]
LogConfig: Setting CVar [[r.DOF.Scatter.ForegroundCompositing:1    ; additive foreground scattering]]
LogConfig: Setting CVar [[r.DOF.Scatter.BackgroundCompositing:2    ; additive background scattering]]
LogConfig: Setting CVar [[r.DOF.Scatter.EnableBokehSettings:1      ; bokeh simulation when scattering]]
LogConfig: Setting CVar [[r.DOF.Scatter.MaxSpriteRatio:0.1         ; only a maximum of 10% of scattered bokeh]]
LogConfig: Setting CVar [[r.DOF.Recombine.Quality:1                ; cheap slight out of focus]]
LogConfig: Setting CVar [[r.DOF.Recombine.EnableBokehSettings:0    ; no bokeh simulation on slight out of focus]]
LogConfig: Setting CVar [[r.DOF.TemporalAAQuality:1                ; more stable temporal accumulation]]
LogConfig: Setting CVar [[r.DOF.Kernel.MaxForegroundRadius:0.025]]
LogConfig: Setting CVar [[r.DOF.Kernel.MaxBackgroundRadius:0.025]]
LogConfig: Applying CVar settings from Section [TextureQuality@3] File [E:/MODDING/_Ace Combat 7/_Template Project/UE4GameProjectGenerator-master/Saved/Config/Windows/Scalability.ini]
LogConfig: Setting CVar [[r.Streaming.MipBias:0]]
LogConfig: Setting CVar [[r.Streaming.AmortizeCPUToGPUCopy:0]]
LogConfig: Setting CVar [[r.Streaming.MaxNumTexturesToStreamPerFrame:0]]
LogConfig: Setting CVar [[r.Streaming.Boost:1]]
LogConfig: Setting CVar [[r.MaxAnisotropy:8]]
LogConfig: Setting CVar [[r.VT.MaxAnisotropy:8]]
LogConfig: Setting CVar [[r.Streaming.LimitPoolSizeToVRAM:0]]
LogConfig: Setting CVar [[r.Streaming.PoolSize:1000]]
LogConfig: Setting CVar [[r.Streaming.MaxEffectiveScreenSize:0]]
LogConfig: Applying CVar settings from Section [EffectsQuality@3] File [E:/MODDING/_Ace Combat 7/_Template Project/UE4GameProjectGenerator-master/Saved/Config/Windows/Scalability.ini]
LogConfig: Setting CVar [[r.TranslucencyLightingVolumeDim:64]]
LogConfig: Setting CVar [[r.RefractionQuality:2]]
LogConfig: Setting CVar [[r.SSR.Quality:3]]
LogConfig: Setting CVar [[r.SSR.HalfResSceneColor:0]]
LogConfig: Setting CVar [[r.SceneColorFormat:4]]
LogConfig: Setting CVar [[r.DetailMode:2]]
LogConfig: Setting CVar [[r.TranslucencyVolumeBlur:1]]
LogConfig: Setting CVar [[r.MaterialQualityLevel:1 ; High quality]]
LogConfig: Setting CVar [[r.SSS.Scale:1]]
LogConfig: Setting CVar [[r.SSS.SampleSet:2]]
LogConfig: Setting CVar [[r.SSS.Quality:1]]
LogConfig: Setting CVar [[r.SSS.HalfRes:0]]
LogConfig: Setting CVar [[r.SSGI.Quality:3]]
LogConfig: Setting CVar [[r.EmitterSpawnRateScale:1.0]]
LogConfig: Setting CVar [[r.ParticleLightQuality:2]]
LogConfig: Setting CVar [[r.SkyAtmosphere.AerialPerspectiveLUT.FastApplyOnOpaque:1 ; Always have FastSkyLUT 1 in this case to avoid wrong sky]]
LogConfig: Setting CVar [[r.SkyAtmosphere.AerialPerspectiveLUT.SampleCountPerSlice:1]]
LogConfig: Setting CVar [[r.SkyAtmosphere.AerialPerspectiveLUT.DepthResolution:16.0]]
LogConfig: Setting CVar [[r.SkyAtmosphere.FastSkyLUT:1]]
LogConfig: Setting CVar [[r.SkyAtmosphere.FastSkyLUT.SampleCountMin:4.0]]
LogConfig: Setting CVar [[r.SkyAtmosphere.FastSkyLUT.SampleCountMax:32.0]]
LogConfig: Setting CVar [[r.SkyAtmosphere.SampleCountMin:4.0]]
LogConfig: Setting CVar [[r.SkyAtmosphere.SampleCountMax:32.0]]
LogConfig: Setting CVar [[r.SkyAtmosphere.TransmittanceLUT.UseSmallFormat:0]]
LogConfig: Setting CVar [[r.SkyAtmosphere.TransmittanceLUT.SampleCount:10.0]]
LogConfig: Setting CVar [[r.SkyAtmosphere.MultiScatteringLUT.SampleCount:15.0]]
LogConfig: Applying CVar settings from Section [FoliageQuality@3] File [E:/MODDING/_Ace Combat 7/_Template Project/UE4GameProjectGenerator-master/Saved/Config/Windows/Scalability.ini]
LogConfig: Setting CVar [[foliage.DensityScale:1.0]]
LogConfig: Setting CVar [[grass.DensityScale:1.0]]
LogConfig: Applying CVar settings from Section [ShadingQuality@3] File [E:/MODDING/_Ace Combat 7/_Template Project/UE4GameProjectGenerator-master/Saved/Config/Windows/Scalability.ini]
LogConfig: Setting CVar [[r.HairStrands.SkyLighting.SampleCount:16]]
LogConfig: Setting CVar [[r.HairStrands.SkyLighting.JitterIntegration:0]]
LogConfig: Setting CVar [[r.HairStrands.SkyAO.SampleCount:16]]
LogConfig: Setting CVar [[r.HairStrands.DeepShadow.SuperSampling:0]]
LogConfig: Setting CVar [[r.HairStrands.VisibilityPPLL:0]]
LogConfig: Setting CVar [[r.HairStrands.RasterizationScale:0.5]]
LogConfig: Setting CVar [[r.HairStrands.VelocityRasterizationScale:1]]
LogConfig: Applying CVar settings from Section [Startup] File [../../../Engine/Config/ConsoleVariables.ini]
LogConfig: Setting CVar [[net.UseAdaptiveNetUpdateFrequency:0]]
LogConfig: Setting CVar [[p.chaos.AllowCreatePhysxBodies:1]]
LogConfig: Setting CVar [[fx.SkipVectorVMBackendOptimizations:1]]
LogConfig: Applying CVar settings from Section [ConsoleVariables] File [E:/MODDING/_Ace Combat 7/_Template Project/UE4GameProjectGenerator-master/Saved/Config/Windows/Engine.ini]
LogInit: Computer: DYLAN-PC
LogInit: User: Dylan
LogInit: CPU Page size=4096, Cores=4
LogInit: High frequency timer resolution =3.328359 MHz
LogMemory: Memory total: Physical=15.9GB (16GB approx)
LogMemory: Platform Memory Stats for Windows
LogMemory: Process Physical Memory: 117.01 MB used, 117.01 MB peak
LogMemory: Process Virtual Memory: 103.87 MB used, 103.87 MB peak
LogMemory: Physical Memory: 10674.31 MB used,  5639.30 MB free, 16313.61 MB total
LogMemory: Virtual Memory: 1001.64 MB used,  8387606.00 MB free, 8388608.00 MB total
LogWindows: WindowsPlatformFeatures enabled
LogInit: Physics initialised using underlying interface: PhysX
LogInit: Using OS detected language (fr-FR).
LogInit: Using OS detected locale (fr-FR).
LogTextLocalizationManager: No specific localization for 'fr-FR' exists, so the 'fr' localization will be used.
LogTextLocalizationResource: LocRes '../../../Engine/Content/Localization/Editor/fr/Editor.locres' could not be opened for reading!
LogTextLocalizationResource: LocRes '../../../Engine/Content/Localization/EditorTutorials/fr/EditorTutorials.locres' could not be opened for reading!
LogTextLocalizationResource: LocRes '../../../Engine/Content/Localization/Keywords/fr/Keywords.locres' could not be opened for reading!
LogTextLocalizationResource: LocRes '../../../Engine/Content/Localization/Category/fr/Category.locres' could not be opened for reading!
LogTextLocalizationResource: LocRes '../../../Engine/Content/Localization/ToolTips/fr/ToolTips.locres' could not be opened for reading!
LogTextLocalizationResource: LocRes '../../../Engine/Content/Localization/PropertyNames/fr/PropertyNames.locres' could not be opened for reading!
LogTextLocalizationResource: LocRes '../../../Engine/Content/Localization/Engine/fr/Engine.locres' could not be opened for reading!
LogWindows: Failed to load 'shcore.dll' (GetLastError=126)
LogWindows: File 'shcore.dll' does not exist
LogTargetPlatformManager: Display: Loaded TargetPlatform 'AllDesktop'
LogTargetPlatformManager: Display: Loaded TargetPlatform 'Android'
LogTargetPlatformManager: Display: Loaded TargetPlatform 'Android_ASTC'
LogTargetPlatformManager: Display: Loaded TargetPlatform 'Android_DXT'
LogTargetPlatformManager: Display: Loaded TargetPlatform 'Android_ETC2'
LogTargetPlatformManager: Display: Loaded TargetPlatform 'AndroidClient'
LogTargetPlatformManager: Display: Loaded TargetPlatform 'Android_ASTCClient'
LogTargetPlatformManager: Display: Loaded TargetPlatform 'Android_DXTClient'
LogTargetPlatformManager: Display: Loaded TargetPlatform 'Android_ETC2Client'
LogTargetPlatformManager: Display: Loaded TargetPlatform 'Android_Multi'
LogTargetPlatformManager: Display: Loaded TargetPlatform 'Android_MultiClient'
LogTargetPlatformManager: Display: Loaded TargetPlatform 'IOSClient'
LogTargetPlatformManager: Display: Loaded TargetPlatform 'IOS'
LogTargetPlatformManager: Display: Loaded TargetPlatform 'Linux'
LogTargetPlatformManager: Display: Loaded TargetPlatform 'LinuxNoEditor'
LogTargetPlatformManager: Display: Loaded TargetPlatform 'LinuxClient'
LogTargetPlatformManager: Display: Loaded TargetPlatform 'LinuxServer'
LogTargetPlatformManager: Display: Loaded TargetPlatform 'LinuxAArch64NoEditor'
LogTargetPlatformManager: Display: Loaded TargetPlatform 'LinuxAArch64Client'
LogTargetPlatformManager: Display: Loaded TargetPlatform 'LinuxAArch64Server'
LogTargetPlatformManager: Display: Loaded TargetPlatform 'Lumin'
LogTargetPlatformManager: Display: Loaded TargetPlatform 'LuminClient'
LogTargetPlatformManager: Display: Loaded TargetPlatform 'TVOSClient'
LogTargetPlatformManager: Display: Loaded TargetPlatform 'TVOS'
LogTargetPlatformManager: Display: Loaded TargetPlatform 'WindowsNoEditor'
LogTargetPlatformManager: Display: Loaded TargetPlatform 'Windows'
LogTargetPlatformManager: Display: Loaded TargetPlatform 'WindowsClient'
LogTargetPlatformManager: Display: Loaded TargetPlatform 'WindowsServer'
LogTargetPlatformManager: Display: Building Assets For Windows
LogAudioDebug: Display: Lib vorbis DLL was dynamically loaded.
LogShaderCompilers: Guid format shader working directory is -28 characters bigger than the processId version (E:/MODDING/_Ace Combat 7/_Template Project/UE4GameProjectGenerator-master/Intermediate/Shaders/WorkingDirectory/17488/).
LogShaderCompilers: Cleaned the shader compiler working directory 'C:/Users/Dylan/AppData/Local/Temp/UnrealShaderWorkingDir/5EBB63D442D56375D325CA88D6BD0954/'.
LogXGEController: Cleaning working directory: C:/Users/Dylan/AppData/Local/Temp/UnrealXGEWorkingDir/
LogXGEController: Cannot use XGE Controller as Incredibuild is not installed on this machine.
LogShaderCompilers: Cannot use XGE Shader Compiler as Incredibuild is not installed on this machine.
LogShaderCompilers: Display: Using Local Shader Compiler.
LogDerivedDataCache: Display: Max Cache Size: 512 MB
LogDerivedDataCache: Loaded boot cache 0.06s 75MB C:/Users/Dylan/AppData/Local/UnrealEngine/4.25/DerivedDataCache/Boot.ddc.
LogDerivedDataCache: Display: Loaded Boot cache: C:/Users/Dylan/AppData/Local/UnrealEngine/4.25/DerivedDataCache/Boot.ddc
LogDerivedDataCache: FDerivedDataBackendGraph:  Pak pak cache file E:/MODDING/_Ace Combat 7/_Template Project/UE4GameProjectGenerator-master/DerivedDataCache/DDC.ddp not found, will not use a pak cache.
LogDerivedDataCache: Unable to find inner node Pak for hierarchical cache Hierarchy.
LogDerivedDataCache: FDerivedDataBackendGraph:  CompressedPak pak cache file E:/MODDING/_Ace Combat 7/_Template Project/UE4GameProjectGenerator-master/DerivedDataCache/Compressed.ddp not found, will not use a pak cache.
LogDerivedDataCache: Unable to find inner node CompressedPak for hierarchical cache Hierarchy.
LogDerivedDataCache: Display: Pak cache opened for reading ../../../Engine/DerivedDataCache/Compressed.ddp.
LogDerivedDataCache: FDerivedDataBackendGraph:  EnterprisePak pak cache file ../../../Enterprise/DerivedDataCache/Compressed.ddp not found, will not use a pak cache.
LogDerivedDataCache: Unable to find inner node EnterprisePak for hierarchical cache Hierarchy.
LogDerivedDataCache: Using Local data cache path C:/Users/Dylan/AppData/Local/UnrealEngine/Common/DerivedDataCache: Writable
LogDerivedDataCache: Shared data cache path not found in *engine.ini, will not use an Shared cache.
LogDerivedDataCache: Unable to find inner node Shared for hierarchical cache Hierarchy.
LogAssetRegistry: FAssetRegistry took 0.0013 seconds to start up
LogInit: Selected Device Profile: [Windows]
LogMeshReduction: Using QuadricMeshReduction for automatic static mesh reduction
LogMeshReduction: Using SimplygonMeshReduction for automatic skeletal mesh reduction
LogMeshReduction: Using ProxyLODMeshReduction for automatic mesh merging
LogMeshReduction: No distributed automatic mesh merging module available
LogMeshMerging: No distributed automatic mesh merging module available
LogNetVersion: GameProjectGenerator 1.0.0, NetCL: 13144385, EngineNetVer: 14, GameNetVer: 0 (Checksum: 336554398)
LogAISub: UAISubsystem::UAISubsystem AISubsystem (0000000039DB4DC0), frame # 0
LogAISub: UAISubsystem::UAISubsystem AIPerceptionSystem (0000000039DC1580), frame # 0
LogAISub: UAISubsystem::UAISubsystem EnvQueryManager (0000000039DAE800), frame # 0
LogPackageLocalizationCache: Processed 18 localized package path(s) for 1 prioritized culture(s) in 0.064616 seconds
LogCollectionManager: Loaded 0 collections in 0.001244 seconds
LogFileCache: Scanning file cache for directory 'E:/MODDING/_Ace Combat 7/_Template Project/UE4GameProjectGenerator-master/Saved/Collections/' took 0.00s
LogFileCache: Scanning file cache for directory 'E:/MODDING/_Ace Combat 7/_Template Project/UE4GameProjectGenerator-master/Content/Developers/Dylan/Collections/' took 0.00s
LogFileCache: Scanning file cache for directory 'E:/MODDING/_Ace Combat 7/_Template Project/UE4GameProjectGenerator-master/Content/Collections/' took 0.00s
LogCollectionManager: Fixed up redirectors for 0 collections in 0.000003 seconds (updated 0 objects)
LogSteamShared: Display: Loading Steam SDK 1.47
LogSteamShared: Steam SDK Loaded!
SourceControl: Source control is disabled
SourceControl: Source control is disabled
SourceControl: Source control is disabled
SourceControl: Source control is disabled
SourceControl: Source control is disabled
LogVSAccessor: Display: Unable to create Visual Studio setup instance: 800401f0
LogVSAccessor: Display: Unable to create Visual Studio setup instance: 800401f0
LogAudioCaptureCore: Display: No Audio Capture implementations found. Audio input will be silent.
LogAudioCaptureCore: Display: No Audio Capture implementations found. Audio input will be silent.
LogOcInput: OculusInput pre-init called
LogWindows: Failed to load 'OVRPlugin.dll' (GetLastError=126)
LogWindows: File 'OVRPlugin.dll' does not exist
LogUObjectArray: 19215 objects as part of root set at end of initial load.
LogUObjectAllocator: 5138520 out of 0 bytes used by permanent object pool.
LogUObjectArray: CloseDisregardForGC: 0/0 objects in disregard for GC pool
LogInit: Executing Class /Script/ProjectGenerator.ProjectGeneratorCommandlet
LogInit: Initializing Editor Engine...
LogEngine: Initializing Engine...
LogStats: UGameplayTagsManager::InitializeManager -  0.000 s
LogInit: Initializing FReadOnlyCVARCache
LogAIModule: Creating AISystem for world Untitled
LogAISub: UAISubsystem::UAISubsystem EnvQueryManager (000000003DB34200), frame # 0
LogAISub: UAISubsystem::UAISubsystem AIPerceptionSystem (000000003DADB600), frame # 0
LogNetVersion: Set ProjectVersion to 1.0.0.0. Version Checksum will be recalculated on next use.
LogDerivedDataCache: Saved boot cache 0.07s 75MB C:/Users/Dylan/AppData/Local/UnrealEngine/4.25/DerivedDataCache/Boot.ddc.
LogInit: Texture streaming: Disabled
LogInit: Initializing Editor Engine Completed
BlueprintLog: New page: Editor Load
LogProjectGeneratorCommandlet: Display: Parsing commandlet arguments
LogProjectGeneratorCommandlet: Display: Collecting plugin module list
LogProjectGeneratorCommandlet: Display: Found 300 engine plugins and 544 engine modules
LogProjectGeneratorCommandlet: Warning: Force loaded engine module InputCore
LogProjectGeneratorCommandlet: Warning: Couldn't find native object EWidgetShape inside of the module UMG package
LogProjectGeneratorCommandlet: Display: Handled 6 plugin modules and 1 game modules
LogProjectGeneratorCommandlet: Display: Wrote project data to E:\MODDING\_Ace Combat 7\_Template Project\Nimbus Template
LogCore: Engine exit requested (reason: Commandlet ProjectGeneratorCommandlet_0 finished execution (result 0))
LogInit: Display: 
LogInit: Display: Warning/Error Summary (Unique only)
LogInit: Display: -----------------------------------
LogInit: Display: LogProjectGeneratorCommandlet: Warning: Force loaded engine module InputCore
LogInit: Display: LogProjectGeneratorCommandlet: Warning: Couldn't find native object EWidgetShape inside of the module UMG package
LogInit: Display: 
LogInit: Display: Success - 0 error(s), 2 warning(s)
LogInit: Display: 
Execution of commandlet took:  3.37 seconds
LogCore: Engine exit requested (reason: EngineExit() was called; note: exit was already requested)
LogExit: Preparing to exit.
LogDemo: Cleaned up 0 splitscreen connections with owner deletion
LogWorld: UWorld::CleanupWorld for None, bSessionEnded=true, bCleanupResources=true
LogExit: Editor shut down
LogAISub: UAISubsystem::~UAISubsystem EnvQueryManager (000000003DB34200), frame # 0
LogAISub: UAISubsystem::~UAISubsystem AIPerceptionSystem (000000003DADB600), frame # 0
LogAISub: UAISubsystem::~UAISubsystem AISubsystem (0000000039DB4DC0), frame # 0
LogAISub: UAISubsystem::~UAISubsystem AIPerceptionSystem (0000000039DC1580), frame # 0
LogAISub: UAISubsystem::~UAISubsystem EnvQueryManager (0000000039DAE800), frame # 0
LogExit: Object subsystem successfully closed.
LogShaderCompilers: Display: Shaders left to compile 0
LogModuleManager: Shutting down and abandoning module InputCore (616)
LogModuleManager: Shutting down and abandoning module OculusMR (614)
LogModuleManager: Shutting down and abandoning module GooglePADEditor (612)
LogModuleManager: Shutting down and abandoning module AudioCaptureEditor (610)
LogModuleManager: Shutting down and abandoning module TemplateSequenceEditor (608)
LogModuleManager: Shutting down and abandoning module MatineeToLevelSequence (606)
LogModuleManager: Shutting down and abandoning module LevelSequenceEditor (604)
LogModuleManager: Shutting down and abandoning module ActorSequenceEditor (602)
LogModuleManager: Shutting down and abandoning module WebMMediaFactory (600)
LogModuleManager: Shutting down and abandoning module WebMMediaEditor (598)
LogModuleManager: Shutting down and abandoning module MediaPlayerEditor (596)
LogModuleManager: Shutting down and abandoning module MediaCompositingEditor (594)
LogModuleManager: Shutting down and abandoning module SequenceRecorder (593)
LogModuleManager: Shutting down and abandoning module Persona (592)
LogModuleManager: Shutting down and abandoning module AdvancedPreviewScene (591)
LogModuleManager: Shutting down and abandoning module AnimGraph (589)
LogModuleManager: Shutting down and abandoning module Kismet (588)
LogModuleManager: Shutting down and abandoning module KismetWidgets (587)
LogModuleManager: Shutting down and abandoning module ImgMediaFactory (580)
LogModuleManager: Shutting down and abandoning module ImgMediaEditor (578)
LogModuleManager: Shutting down and abandoning module MagicLeapMediaEditor (576)
LogModuleManager: Shutting down and abandoning module PlanarCut (574)
LogModuleManager: Shutting down and abandoning module CharacterAI (572)
LogModuleManager: Shutting down and abandoning module TextureAlignMode (570)
LogModuleManager: Shutting down and abandoning module BspMode (568)
LogModuleManager: Shutting down and abandoning module PlacementMode (567)
LogModuleManager: Shutting down and abandoning module GeometryMode (564)
LogModuleManager: Shutting down and abandoning module CameraShakePreviewer (562)
LogModuleManager: Shutting down and abandoning module SmartSnapping (560)
LogModuleManager: Shutting down and abandoning module ToolMenus (558)
LogModuleManager: Shutting down and abandoning module MeshPaint (556)
LogModuleManager: Shutting down and abandoning module LiveCoding (554)
LogModuleManager: Shutting down and abandoning module LevelSequence (552)
LogModuleManager: Shutting down and abandoning module MovieSceneTracks (550)
LogModuleManager: Shutting down and abandoning module MovieScene (548)
LogModuleManager: Shutting down and abandoning module StreamingPauseRendering (546)
LogModuleManager: Shutting down and abandoning module AIModule (544)
LogModuleManager: Shutting down and abandoning module GameplayDebugger (543)
LogModuleManager: Shutting down and abandoning module AITestSuite (541)
LogModuleManager: Shutting down and abandoning module NavigationSystem (539)
LogModuleManager: Shutting down and abandoning module ScreenshotTools (536)
LogModuleManager: Shutting down and abandoning module SynthesisEditor (534)
LogModuleManager: Shutting down and abandoning module Synthesis (532)
LogModuleManager: Shutting down and abandoning module ProceduralMeshComponentEditor (530)
LogModuleManager: Shutting down and abandoning module ProceduralMeshComponent (528)
LogModuleManager: Shutting down and abandoning module OculusEditor (526)
LogModuleManager: Shutting down and abandoning module OculusInput (524)
LogModuleManager: Shutting down and abandoning module GooglePAD (522)
LogModuleManager: Shutting down and abandoning module EditableMesh (520)
LogModuleManager: Shutting down and abandoning module CustomMeshComponent (518)
LogModuleManager: Shutting down and abandoning module CableComponent (516)
LogModuleManager: Shutting down and abandoning module AudioCapture (514)
LogModuleManager: Shutting down and abandoning module AudioCaptureRtAudio (513)
LogModuleManager: Shutting down and abandoning module AssetTags (510)
LogModuleManager: Shutting down and abandoning module ArchVisCharacter (508)
LogModuleManager: Shutting down and abandoning module AppleImageUtilsBlueprintSupport (506)
LogModuleManager: Shutting down and abandoning module AppleImageUtils (504)
LogModuleManager: Shutting down and abandoning module LoginFlow (500)
LogModuleManager: Shutting down and abandoning module PlayTimeLimit (498)
LogModuleManager: Shutting down and abandoning module Rejoin (496)
LogModuleManager: Shutting down and abandoning module Hotfix (494)
LogModuleManager: Shutting down and abandoning module Lobby (492)
LogModuleManager: Shutting down and abandoning module Party (490)
LogModuleManager: Shutting down and abandoning module Qos (488)
LogModuleManager: Shutting down and abandoning module NUTUnrealEngine4 (486)
LogModuleManager: Shutting down and abandoning module NetcodeUnitTest (484)
LogModuleManager: Shutting down and abandoning module TemplateSequence (482)
LogModuleManager: Shutting down and abandoning module MovieRenderPipelineEditor (480)
LogModuleManager: Shutting down and abandoning module MovieRenderPipelineRenderPasses (478)
LogModuleManager: Shutting down and abandoning module MovieRenderPipelineSettings (476)
LogModuleManager: Shutting down and abandoning module MovieRenderPipelineCore (474)
LogModuleManager: Shutting down and abandoning module ImageWriteQueue (473)
LogModuleManager: Shutting down and abandoning module MeshPaintingToolset (470)
LogModuleManager: Shutting down and abandoning module MeshPaintEditorMode (468)
LogModuleManager: Shutting down and abandoning module MediaCompositing (466)
LogModuleManager: Shutting down and abandoning module MagicLeapSharedWorld (464)
LogModuleManager: Shutting down and abandoning module MagicLeapLightEstimation (462)
LogModuleManager: Shutting down and abandoning module MagicLeapHelperVulkan (460)
LogModuleManager: Shutting down and abandoning module MagicLeapHelperOpenGL (458)
LogModuleManager: Shutting down and abandoning module MagicLeapAudio (456)
LogModuleManager: Shutting down and abandoning module NiagaraEditorWidgets (454)
LogModuleManager: Shutting down and abandoning module MeshSolverUtilities (452)
LogModuleManager: Shutting down and abandoning module MeshConversion (450)
LogModuleManager: Shutting down and abandoning module DynamicMesh (448)
LogModuleManager: Shutting down and abandoning module GeometryAlgorithms (446)
LogModuleManager: Shutting down and abandoning module GeometricObjects (444)
LogModuleManager: Shutting down and abandoning module GeometryCollectionTracks (442)
LogModuleManager: Shutting down and abandoning module GeometryCollectionSequencer (441)
LogModuleManager: Shutting down and abandoning module GeometryCollectionEditor (438)
LogModuleManager: Shutting down and abandoning module GeometryCacheTracks (436)
LogModuleManager: Shutting down and abandoning module GeometryCacheSequencer (434)
LogModuleManager: Shutting down and abandoning module ChaosSolverEditor (432)
LogModuleManager: Shutting down and abandoning module ChaosNiagara (430)
LogModuleManager: Shutting down and abandoning module FractureEditor (428)
LogModuleManager: Shutting down and abandoning module ChaosClothEditor (426)
LogModuleManager: Shutting down and abandoning module ChaosCloth (424)
LogModuleManager: Shutting down and abandoning module AutomationUtilsEditor (422)
LogModuleManager: Shutting down and abandoning module AutomationUtils (420)
LogModuleManager: Shutting down and abandoning module AlembicImporter (418)
LogModuleManager: Shutting down and abandoning module AlembicLibrary (417)
LogModuleManager: Shutting down and abandoning module GeometryCache (416)
LogModuleManager: Shutting down and abandoning module GeometryCacheEd (415)
LogModuleManager: Shutting down and abandoning module VariantManagerContentEditor (410)
LogModuleManager: Shutting down and abandoning module DatasmithContentEditor (408)
LogModuleManager: Shutting down and abandoning module SpeedTreeImporter (406)
LogModuleManager: Shutting down and abandoning module PluginBrowser (404)
LogModuleManager: Shutting down and abandoning module MobileLauncherProfileWizard (402)
LogModuleManager: Shutting down and abandoning module MaterialAnalyzer (400)
LogModuleManager: Shutting down and abandoning module EditorScriptingUtilities (398)
LogModuleManager: Shutting down and abandoning module CurveEditorTools (396)
LogModuleManager: Shutting down and abandoning module CryptoKeysOpenSSL (394)
LogModuleManager: Shutting down and abandoning module CryptoKeys (392)
LogModuleManager: Shutting down and abandoning module VisualStudioSourceCodeAccess (390)
LogModuleManager: Shutting down and abandoning module VisualStudioCodeSourceCodeAccess (388)
LogModuleManager: Shutting down and abandoning module UObjectPlugin (386)
LogModuleManager: Shutting down and abandoning module SubversionSourceControl (384)
LogModuleManager: Shutting down and abandoning module RiderSourceCodeAccess (382)
LogModuleManager: Shutting down and abandoning module PlasticSourceControl (380)
LogModuleManager: Shutting down and abandoning module PerforceSourceControl (378)
LogModuleManager: Shutting down and abandoning module GitSourceControl (376)
LogModuleManager: Shutting down and abandoning module SourceControl (375)
LogModuleManager: Shutting down and abandoning module CLionSourceCodeAccess (372)
LogModuleManager: Shutting down and abandoning module AnimationSharingEd (370)
LogModuleManager: Shutting down and abandoning module ActorLayerUtilitiesEditor (368)
LogModuleManager: Shutting down and abandoning module ActorLayerUtilities (366)
LogModuleManager: Shutting down and abandoning module LightPropagationVolumeEditor (364)
LogModuleManager: Shutting down and abandoning module PaperTiledImporter (362)
LogModuleManager: Shutting down and abandoning module PaperSpriteSheetImporter (360)
LogModuleManager: Shutting down and abandoning module Paper2DEditor (358)
LogModuleManager: Shutting down and abandoning module ProjectGenerator (356)
LogModuleManager: Shutting down and abandoning module SteamShared (354)
LogSteamShared: Freeing the Steam Loaded Modules...
LogModuleManager: Shutting down and abandoning module SoundFields (352)
LogModuleManager: Shutting down and abandoning module SignificanceManager (350)
LogModuleManager: Shutting down and abandoning module RuntimePhysXCooking (348)
LogModuleManager: Shutting down and abandoning module PhysXVehiclesEditor (346)
LogModuleManager: Shutting down and abandoning module ApexDestructionEditor (342)
LogModuleManager: Shutting down and abandoning module ApexDestruction (340)
LogModuleManager: Shutting down and abandoning module ActorSequence (338)
LogModuleManager: Shutting down and abandoning module UdpMessaging (336)
LogModuleManager: Shutting down and abandoning module TcpMessaging (334)
LogModuleManager: Shutting down and abandoning module MagicLeapARPin (332)
LogModuleManager: Shutting down and abandoning module MagicLeapHandMeshing (330)
LogModuleManager: Shutting down and abandoning module MagicLeapSecureStorage (328)
LogModuleManager: Shutting down and abandoning module MagicLeapPrivileges (326)
LogModuleManager: Shutting down and abandoning module MagicLeapPlanes (324)
LogMagicLeapPlanes: Planes tracker already destroyed.
LogModuleManager: Shutting down and abandoning module MagicLeapImageTracker (322)
LogModuleManager: Shutting down and abandoning module MagicLeapIdentity (320)
LogModuleManager: Shutting down and abandoning module MagicLeapHandTracking (318)
LogModuleManager: Shutting down and abandoning module MagicLeapEyeTracker (316)
LogModuleManager: Shutting down and abandoning module MagicLeapController (314)
LogModuleManager: Shutting down and abandoning module MagicLeapARPinImpl (312)
LogModuleManager: Shutting down and abandoning module MagicLeapAR (310)
LogModuleManager: Shutting down and abandoning module AugmentedReality (309)
LogModuleManager: Shutting down and abandoning module NiagaraAnimNotifies (306)
LogModuleManager: Shutting down and abandoning module Niagara (304)
LogModuleManager: Shutting down and abandoning module SignalProcessing (303)
LogModuleManager: Shutting down and abandoning module NiagaraEditor (301)
LogModuleManager: Shutting down and abandoning module NiagaraCore (298)
LogModuleManager: Shutting down and abandoning module GameplayTagsEditor (296)
LogModuleManager: Shutting down and abandoning module DataValidation (294)
LogModuleManager: Shutting down and abandoning module AssetManagerEditor (292)
LogModuleManager: Shutting down and abandoning module TreeMap (291)
LogModuleManager: Shutting down and abandoning module AnimationSharing (288)
LogModuleManager: Shutting down and abandoning module LightPropagationVolumeRuntime (286)
LogModuleManager: Shutting down and abandoning module Paper2D (284)
LogModuleManager: Shutting down and abandoning module NetworkReplayStreaming (282)
LogModuleManager: Shutting down and abandoning module PacketHandler (280)
LogModuleManager: Shutting down and abandoning module ClothingSystemEditor (278)
LogModuleManager: Shutting down and abandoning module ClothingSystemRuntimeNv (276)
LogModuleManager: Shutting down and abandoning module MediaAssets (274)
LogModuleManager: Shutting down and abandoning module Overlay (272)
LogModuleManager: Shutting down and abandoning module OverlayEditor (271)
LogModuleManager: Shutting down and abandoning module Blutility (268)
LogModuleManager: Shutting down and abandoning module LevelEditor (267)
LogModuleManager: Shutting down and abandoning module PixelInspectorModule (266)
LogModuleManager: Shutting down and abandoning module CommonMenuExtensions (264)
LogModuleManager: Shutting down and abandoning module MainFrame (262)
LogModuleManager: Shutting down and abandoning module HotReload (261)
LogModuleManager: Shutting down and abandoning module IntroTutorials (256)
LogModuleManager: Shutting down and abandoning module VREditor (254)
LogModuleManager: Shutting down and abandoning module StringTableEditor (252)
LogModuleManager: Shutting down and abandoning module GameplayTasksEditor (250)
LogModuleManager: Shutting down and abandoning module BehaviorTreeEditor (248)
LogModuleManager: Shutting down and abandoning module FunctionalTesting (246)
LogModuleManager: Shutting down and abandoning module CollisionAnalyzer (244)
LogModuleManager: Shutting down and abandoning module UMG (242)
LogModuleManager: Shutting down and abandoning module UMGEditor (241)
LogModuleManager: Shutting down and abandoning module MessageLog (239)
LogModuleManager: Shutting down and abandoning module MaterialEditor (237)
LogModuleManager: Shutting down and abandoning module ContentBrowser (236)
LogModuleManager: Shutting down and abandoning module WorkspaceMenuStructure (235)
LogModuleManager: Shutting down and abandoning module CollectionManager (233)
LogModuleManager: Shutting down and abandoning module Settings (230)
LogModuleManager: Shutting down and abandoning module SlateReflector (224)
LogModuleManager: Shutting down and abandoning module Slate (222)
LogModuleManager: Shutting down and abandoning module SlateCore (220)
LogModuleManager: Shutting down and abandoning module LandscapeEditorUtilities (218)
LogModuleManager: Shutting down and abandoning module UnrealEd (216)
LogModuleManager: Shutting down and abandoning module MRMesh (214)
LogModuleManager: Shutting down and abandoning module SourceCodeAccess (212)
LogModuleManager: Shutting down and abandoning module HeadMountedDisplay (210)
LogModuleManager: Shutting down and abandoning module XAudio2 (208)
LogModuleManager: Shutting down and abandoning module Networking (206)
LogModuleManager: Shutting down and abandoning module Core (204)
LogModuleManager: Shutting down and abandoning module Media (202)
LogModuleManager: Shutting down and abandoning module MovieSceneTools (200)
LogModuleManager: Shutting down and abandoning module CurveEditor (199)
LogModuleManager: Shutting down and abandoning module Sequencer (197)
LogModuleManager: Shutting down and abandoning module EditorStyle (196)
LogModuleManager: Shutting down and abandoning module KismetCompiler (192)
LogModuleManager: Shutting down and abandoning module MeshBuilder (190)
LogModuleManager: Shutting down and abandoning module MeshUtilities (188)
LogModuleManager: Shutting down and abandoning module MeshMergeUtilities (187)
LogModuleManager: Shutting down and abandoning module MeshReductionInterface (186)
LogModuleManager: Shutting down and abandoning module MeshBoneReduction (185)
LogModuleManager: Shutting down and abandoning module SkeletalMeshReduction (183)
LogModuleManager: Shutting down and abandoning module ProxyLODMeshReduction (181)
LogModuleManager: Shutting down and abandoning module QuadricMeshReduction (179)
LogModuleManager: Shutting down and abandoning module MaterialBaking (175)
LogModuleManager: Shutting down and abandoning module DirectoryWatcher (171)
LogModuleManager: Shutting down and abandoning module NullInstallBundleManager (168)
LogModuleManager: Shutting down and abandoning module DerivedDataCache (166)
LogModuleManager: Shutting down and abandoning module XGEController (164)
LogXGEController: Cleaning working directory: C:/Users/Dylan/AppData/Local/Temp/UnrealXGEWorkingDir/
LogModuleManager: Shutting down and abandoning module TargetPlatform (162)
LogModuleManager: Shutting down and abandoning module VulkanShaderFormat (161)
LogModuleManager: Shutting down and abandoning module ShaderFormatVectorVM (159)
LogModuleManager: Shutting down and abandoning module ShaderFormatOpenGL (157)
LogModuleManager: Shutting down and abandoning module ShaderFormatD3D (155)
LogModuleManager: Shutting down and abandoning module MetalShaderFormat (153)
LogModuleManager: Shutting down and abandoning module TextureFormatUncompressed (151)
LogModuleManager: Shutting down and abandoning module TextureFormatPVR (149)
LogModuleManager: Shutting down and abandoning module TextureFormatDXT (147)
LogModuleManager: Shutting down and abandoning module TextureFormatIntelISPCTexComp (145)
LogModuleManager: Shutting down and abandoning module TextureFormatASTC (143)
LogModuleManager: Shutting down and abandoning module ImageWrapper (142)
LogModuleManager: Shutting down and abandoning module TextureFormatAndroid (139)
LogModuleManager: Shutting down and abandoning module AudioFormatOpus (137)
LogModuleManager: Shutting down and abandoning module AudioFormatOgg (135)
LogModuleManager: Shutting down and abandoning module AudioFormatADPCM (133)
LogModuleManager: Shutting down and abandoning module WindowsServerTargetPlatform (131)
LogModuleManager: Shutting down and abandoning module WindowsClientTargetPlatform (129)
LogModuleManager: Shutting down and abandoning module WindowsTargetPlatform (127)
LogModuleManager: Shutting down and abandoning module WindowsNoEditorTargetPlatform (125)
LogModuleManager: Shutting down and abandoning module TVOSTargetPlatform (123)
LogModuleManager: Shutting down and abandoning module LuminTargetPlatform (121)
LogModuleManager: Shutting down and abandoning module LinuxAArch64ServerTargetPlatform (119)
LogModuleManager: Shutting down and abandoning module LinuxAArch64ClientTargetPlatform (117)
LogModuleManager: Shutting down and abandoning module LinuxAArch64NoEditorTargetPlatform (115)
LogModuleManager: Shutting down and abandoning module LinuxServerTargetPlatform (113)
LogModuleManager: Shutting down and abandoning module LinuxClientTargetPlatform (111)
LogModuleManager: Shutting down and abandoning module LinuxNoEditorTargetPlatform (109)
LogModuleManager: Shutting down and abandoning module LinuxTargetPlatform (107)
LogModuleManager: Shutting down and abandoning module Messaging (105)
LogModuleManager: Shutting down and abandoning module IOSTargetPlatform (103)
LogModuleManager: Shutting down and abandoning module AndroidTargetPlatform (101)
LogModuleManager: Shutting down and abandoning module AllDesktopTargetPlatform (99)
LogModuleManager: Shutting down and abandoning module NullDrv (96)
LogModuleManager: Shutting down and abandoning module PhysXCooking (94)
LogModuleManager: Shutting down and abandoning module ChaosSolvers (92)
LogModuleManager: Shutting down and abandoning module FieldSystemEngine (91)
LogModuleManager: Shutting down and abandoning module Chaos (88)
LogModuleManager: Shutting down and abandoning module WindowsPlatformFeatures (86)
LogModuleManager: Shutting down and abandoning module GameplayMediaEncoder (85)
LogModuleManager: Shutting down and abandoning module AVEncoder (84)
LogModuleManager: Shutting down and abandoning module ExampleDeviceProfileSelector (80)
LogModuleManager: Shutting down and abandoning module OculusHMD (78)
LogModuleManager: Shutting down and abandoning module LauncherChunkInstaller (76)
LogModuleManager: Shutting down and abandoning module OnlineBlueprintSupport (74)
LogModuleManager: Shutting down and abandoning module OnlineSubsystem (70)
LogModuleManager: Shutting down and abandoning module XMPP (65)
LogModuleManager: Shutting down and abandoning module WebSockets (64)
LogModuleManager: Shutting down and abandoning module HTTP (61)
LogModuleManager: Shutting down and abandoning module SSL (60)
LogModuleManager: Shutting down and abandoning module MagicLeap (56)
LogModuleManager: Shutting down and abandoning module NiagaraVertexFactories (54)
LogModuleManager: Shutting down and abandoning module NiagaraShader (52)
LogModuleManager: Shutting down and abandoning module VariantManagerContent (50)
LogModuleManager: Shutting down and abandoning module DatasmithContent (48)
LogModuleManager: Shutting down and abandoning module AISupportModule (46)
LogModuleManager: Shutting down and abandoning module PlatformCryptoOpenSSL (44)
LogModuleManager: Shutting down and abandoning module PlatformCryptoTypes (42)
LogModuleManager: Shutting down and abandoning module PlatformCrypto (40)
LogModuleManager: Shutting down and abandoning module AnimationModifiers (38)
LogModuleManager: Shutting down and abandoning module PropertyEditor (37)
LogModuleManager: Shutting down and abandoning module AudioEditor (34)
LogModuleManager: Shutting down and abandoning module TextureCompressor (32)
LogModuleManager: Shutting down and abandoning module RenderCore (30)
LogModuleManager: Shutting down and abandoning module Landscape (28)
LogModuleManager: Shutting down and abandoning module SlateRHIRenderer (26)
LogModuleManager: Shutting down and abandoning module OpenGLDrv (24)
LogModuleManager: Shutting down and abandoning module D3D11RHI (22)
LogModuleManager: Shutting down and abandoning module AnimGraphRuntime (20)
LogModuleManager: Shutting down and abandoning module Renderer (18)
LogModuleManager: Shutting down and abandoning module Engine (16)
LogModuleManager: Shutting down and abandoning module CoreUObject (14)
LogModuleManager: Shutting down and abandoning module NetworkFile (12)
LogModuleManager: Shutting down and abandoning module CookedIterativeFile (10)
LogModuleManager: Shutting down and abandoning module StreamingFile (8)
LogModuleManager: Shutting down and abandoning module SandboxFile (6)
LogModuleManager: Shutting down and abandoning module PakFile (4)
LogModuleManager: Shutting down and abandoning module RSA (3)
LogContentStreaming: Display: There are 1 unreleased StreamingManagers
LogExit: Exiting.
Log file closed, 12/03/22 13:52:35
