Log file open, 01/03/23 21:33:53
LogWindows: Failed to load 'aqProf.dll' (GetLastError=126)
LogWindows: File 'aqProf.dll' does not exist
LogWindows: Failed to load 'VSPerf140.dll' (GetLastError=126)
LogWindows: File 'VSPerf140.dll' does not exist
LogWindows: Failed to load 'VtuneApi.dll' (GetLastError=126)
LogWindows: File 'VtuneApi.dll' does not exist
LogWindows: Failed to load 'VtuneApi32e.dll' (GetLastError=126)
LogWindows: File 'VtuneApi32e.dll' does not exist
LogInit: Display: Running engine for game: Nimbus
LogPlatformFile: Not using cached read wrapper
LogInit: Display: RandInit(1135149876) SRandInit(1135149876).
LogInit: Read version file with build ID '3709383'
LogInit: Overriding engine version to CL 3832480, compatible CL 3709383
LogInit: Registered custom module enumerator with build ID '3709383'
LogTaskGraph: Started task graph with 5 named threads and 14 total threads with 3 sets of task threads.
LogStats: Stats thread started at 0.180428
LogD3D11RHI: Aftermath initialized
LogPluginManager: Mounting plugin Paper2D
LogPluginManager: Mounting plugin LightPropagationVolume
LogPluginManager: Mounting plugin CodeLiteSourceCodeAccess
LogPluginManager: Mounting plugin GitSourceControl
LogPluginManager: Mounting plugin KDevelopSourceCodeAccess
LogPluginManager: Mounting plugin NullSourceCodeAccess
LogPluginManager: Mounting plugin PerforceSourceControl
LogPluginManager: Mounting plugin SubversionSourceControl
LogPluginManager: Mounting plugin UObjectPlugin
LogPluginManager: Mounting plugin VisualStudioCodeSourceCodeAccess
LogPluginManager: Mounting plugin VisualStudioSourceCodeAccess
LogPluginManager: Mounting plugin XCodeSourceCodeAccess
LogPluginManager: Mounting plugin AssetManagerEditor
LogPluginManager: Mounting plugin AudioCapture
LogPluginManager: Mounting plugin GameplayTagsEditor
LogPluginManager: Mounting plugin MobileLauncherProfileWizard
LogPluginManager: Mounting plugin PluginBrowser
LogPluginManager: Mounting plugin SpeedTreeImporter
LogPluginManager: Mounting plugin AlembicImporter
LogPluginManager: Mounting plugin CharacterAI
LogPluginManager: Mounting plugin HTML5Networking
LogPluginManager: Mounting plugin ImgMedia
LogPluginManager: Mounting plugin MediaCompositing
LogPluginManager: Mounting plugin MediaPlayerEditor
LogPluginManager: Mounting plugin TcpMessaging
LogPluginManager: Mounting plugin UdpMessaging
LogPluginManager: Mounting plugin ActorSequence
LogPluginManager: Mounting plugin LevelSequenceEditor
LogPluginManager: Mounting plugin MatineeToLevelSequence
LogPluginManager: Mounting plugin OnlineSubsystem
LogPluginManager: Mounting plugin OnlineSubsystemNull
LogPluginManager: Mounting plugin OnlineSubsystemSteam
LogPluginManager: Mounting plugin OnlineSubsystemUtils
LogPluginManager: Mounting plugin ArchVisCharacter
LogPluginManager: Mounting plugin CableComponent
LogPluginManager: Mounting plugin CustomMeshComponent
LogPluginManager: Mounting plugin ExampleDeviceProfileSelector
LogPluginManager: Mounting plugin ImmediatePhysics
LogPluginManager: Mounting plugin OculusVR
LogPluginManager: Plugin shader directory ../../../Engine/Plugins/Runtime/Oculus/OculusVR/Shaders found
LogPluginManager: Mapping shader source directory ../../../Engine/Plugins/Runtime/Oculus/OculusVR/Shaders to virtual directory /Plugin/OculusVR
LogPluginManager: Mounting plugin PhysXVehicles
LogPluginManager: Mounting plugin ProceduralMeshComponent
LogPluginManager: Mounting plugin RuntimePhysXCooking
LogPluginManager: Mounting plugin CustomKeyMouse
LogPluginManager: Mounting plugin CriWare
LogPluginManager: Mounting plugin TrueSkyPlugin
LogPluginManager: Mounting plugin Wwise
LogPluginManager: Mounting plugin TMFlightStick
LogModuleManager: Display: Found up-to-date module file E:/MODDING/_Ace Combat 7/_Template Project/_Templates/Nimbus-Template/Binaries/Win64/UE4Editor-Nimbus.dll (API version 3709383).
LogModuleManager: Display: Found up-to-date module file ../../../Engine/Plugins/2D/Paper2D/Binaries/Win64/UE4Editor-Paper2D.dll (API version 3709383).
LogModuleManager: Display: Found up-to-date module file ../../../Engine/Plugins/2D/Paper2D/Binaries/Win64/UE4Editor-Paper2DEditor.dll (API version 3709383).
LogModuleManager: Display: Found up-to-date module file ../../../Engine/Plugins/2D/Paper2D/Binaries/Win64/UE4Editor-PaperSpriteSheetImporter.dll (API version 3709383).
LogModuleManager: Display: Found up-to-date module file ../../../Engine/Plugins/2D/Paper2D/Binaries/Win64/UE4Editor-PaperTiledImporter.dll (API version 3709383).
LogModuleManager: Display: Found up-to-date module file ../../../Engine/Plugins/2D/Paper2D/Binaries/Win64/UE4Editor-SmartSnapping.dll (API version 3709383).
LogModuleManager: Display: Found up-to-date module file ../../../Engine/Plugins/Blendables/LightPropagationVolume/Binaries/Win64/UE4Editor-LightPropagationVolumeRuntime.dll (API version 3709383).
LogModuleManager: Display: Found up-to-date module file ../../../Engine/Plugins/Blendables/LightPropagationVolume/Binaries/Win64/UE4Editor-LightPropagationVolumeEditor.dll (API version 3709383).
LogModuleManager: Display: Found up-to-date module file ../../../Engine/Plugins/Developer/GitSourceControl/Binaries/Win64/UE4Editor-GitSourceControl.dll (API version 3709383).
LogModuleManager: Display: Found up-to-date module file ../../../Engine/Plugins/Developer/PerforceSourceControl/Binaries/Win64/UE4Editor-PerforceSourceControl.dll (API version 3709383).
LogModuleManager: Display: Found up-to-date module file ../../../Engine/Plugins/Developer/SubversionSourceControl/Binaries/Win64/UE4Editor-SubversionSourceControl.dll (API version 3709383).
LogModuleManager: Display: Found up-to-date module file ../../../Engine/Plugins/Developer/UObjectPlugin/Binaries/Win64/UE4Editor-UObjectPlugin.dll (API version 3709383).
LogModuleManager: Display: Found up-to-date module file ../../../Engine/Plugins/Developer/VisualStudioCodeSourceCodeAccess/Binaries/Win64/UE4Editor-VisualStudioCodeSourceCodeAccess.dll (API version 3709383).
LogModuleManager: Display: Found up-to-date module file ../../../Engine/Plugins/Developer/VisualStudioSourceCodeAccess/Binaries/Win64/UE4Editor-VisualStudioSourceCodeAccess.dll (API version 3709383).
LogModuleManager: Display: Found up-to-date module file ../../../Engine/Plugins/Editor/AssetManagerEditor/Binaries/Win64/UE4Editor-AssetManagerEditor.dll (API version 3709383).
LogModuleManager: Display: Found up-to-date module file ../../../Engine/Plugins/Editor/AudioCapture/Binaries/Win64/UE4Editor-AudioCapture.dll (API version 3709383).
LogModuleManager: Display: Found up-to-date module file ../../../Engine/Plugins/Editor/GameplayTagsEditor/Binaries/Win64/UE4Editor-GameplayTagsEditor.dll (API version 3709383).
LogModuleManager: Display: Found up-to-date module file ../../../Engine/Plugins/Editor/MobileLauncherProfileWizard/Binaries/Win64/UE4Editor-MobileLauncherProfileWizard.dll (API version 3709383).
LogModuleManager: Display: Found up-to-date module file ../../../Engine/Plugins/Editor/PluginBrowser/Binaries/Win64/UE4Editor-PluginBrowser.dll (API version 3709383).
LogModuleManager: Display: Found up-to-date module file ../../../Engine/Plugins/Editor/SpeedTreeImporter/Binaries/Win64/UE4Editor-SpeedTreeImporter.dll (API version 3709383).
LogModuleManager: Display: Found up-to-date module file ../../../Engine/Plugins/Experimental/AlembicImporter/Binaries/Win64/UE4Editor-AlembicImporter.dll (API version 3709383).
LogModuleManager: Display: Found up-to-date module file ../../../Engine/Plugins/Experimental/AlembicImporter/Binaries/Win64/UE4Editor-AlembicLibrary.dll (API version 3709383).
LogModuleManager: Display: Found up-to-date module file ../../../Engine/Plugins/Experimental/CharacterAI/Binaries/Win64/UE4Editor-CharacterAI.dll (API version 3709383).
LogModuleManager: Display: Found up-to-date module file ../../../Engine/Plugins/Experimental/HTML5Networking/Binaries/Win64/UE4Editor-HTML5Networking.dll (API version 3709383).
LogModuleManager: Display: Found up-to-date module file ../../../Engine/Plugins/Media/ImgMedia/Binaries/Win64/UE4Editor-ImgMedia.dll (API version 3709383).
LogModuleManager: Display: Found up-to-date module file ../../../Engine/Plugins/Media/ImgMedia/Binaries/Win64/UE4Editor-ImgMediaEditor.dll (API version 3709383).
LogModuleManager: Display: Found up-to-date module file ../../../Engine/Plugins/Media/ImgMedia/Binaries/Win64/UE4Editor-ImgMediaFactory.dll (API version 3709383).
LogModuleManager: Display: Found up-to-date module file ../../../Engine/Plugins/Media/ImgMedia/Binaries/Win64/UE4Editor-ImgMediaFactory.dll (API version 3709383).
LogModuleManager: Display: Found up-to-date module file ../../../Engine/Plugins/Media/ImgMedia/Binaries/Win64/UE4Editor-OpenExrWrapper.dll (API version 3709383).
LogModuleManager: Display: Found up-to-date module file ../../../Engine/Plugins/Media/MediaCompositing/Binaries/Win64/UE4Editor-MediaCompositing.dll (API version 3709383).
LogModuleManager: Display: Found up-to-date module file ../../../Engine/Plugins/Media/MediaCompositing/Binaries/Win64/UE4Editor-MediaCompositingEditor.dll (API version 3709383).
LogModuleManager: Display: Found up-to-date module file ../../../Engine/Plugins/Media/MediaPlayerEditor/Binaries/Win64/UE4Editor-MediaPlayerEditor.dll (API version 3709383).
LogModuleManager: Display: Found up-to-date module file ../../../Engine/Plugins/Messaging/TcpMessaging/Binaries/Win64/UE4Editor-TcpMessaging.dll (API version 3709383).
LogModuleManager: Display: Found up-to-date module file ../../../Engine/Plugins/Messaging/UdpMessaging/Binaries/Win64/UE4Editor-UdpMessaging.dll (API version 3709383).
LogModuleManager: Display: Found up-to-date module file ../../../Engine/Plugins/MovieScene/ActorSequence/Binaries/Win64/UE4Editor-ActorSequence.dll (API version 3709383).
LogModuleManager: Display: Found up-to-date module file ../../../Engine/Plugins/MovieScene/LevelSequenceEditor/Binaries/Win64/UE4Editor-LevelSequenceEditor.dll (API version 3709383).
LogModuleManager: Display: Found up-to-date module file ../../../Engine/Plugins/MovieScene/MatineeToLevelSequence/Binaries/Win64/UE4Editor-MatineeToLevelSequence.dll (API version 3709383).
LogModuleManager: Display: Found up-to-date module file ../../../Engine/Plugins/Online/OnlineSubsystem/Binaries/Win64/UE4Editor-OnlineSubsystem.dll (API version 3709383).
LogModuleManager: Display: Found up-to-date module file ../../../Engine/Plugins/Online/OnlineSubsystemNull/Binaries/Win64/UE4Editor-OnlineSubsystemNull.dll (API version 3709383).
LogModuleManager: Display: Found up-to-date module file ../../../Engine/Plugins/Online/OnlineSubsystemSteam/Binaries/Win64/UE4Editor-OnlineSubsystemSteam.dll (API version 3709383).
LogModuleManager: Display: Found up-to-date module file ../../../Engine/Plugins/Online/OnlineSubsystemUtils/Binaries/Win64/UE4Editor-OnlineSubsystemUtils.dll (API version 3709383).
LogModuleManager: Display: Found up-to-date module file ../../../Engine/Plugins/Online/OnlineSubsystemUtils/Binaries/Win64/UE4Editor-OnlineBlueprintSupport.dll (API version 3709383).
LogModuleManager: Display: Found up-to-date module file ../../../Engine/Plugins/Runtime/ArchVisCharacter/Binaries/Win64/UE4Editor-ArchVisCharacter.dll (API version 3709383).
LogModuleManager: Display: Found up-to-date module file ../../../Engine/Plugins/Runtime/CableComponent/Binaries/Win64/UE4Editor-CableComponent.dll (API version 3709383).
LogModuleManager: Display: Found up-to-date module file ../../../Engine/Plugins/Runtime/CustomMeshComponent/Binaries/Win64/UE4Editor-CustomMeshComponent.dll (API version 3709383).
LogModuleManager: Display: Found up-to-date module file ../../../Engine/Plugins/Runtime/ExampleDeviceProfileSelector/Binaries/Win64/UE4Editor-ExampleDeviceProfileSelector.dll (API version 3709383).
LogModuleManager: Display: Found up-to-date module file E:/MODDING/_Ace Combat 7/_Template Project/_Templates/Nimbus-Template/Plugins/EnginePlugins/Runtime/ImmediatePhysics/Binaries/Win64/UE4Editor-ImmediatePhysics.dll (API version 3709383).
LogModuleManager: Display: Found up-to-date module file ../../../Engine/Plugins/Runtime/Oculus/OculusVR/Binaries/Win64/UE4Editor-OculusHMD.dll (API version 3709383).
LogModuleManager: Display: Found up-to-date module file ../../../Engine/Plugins/Runtime/Oculus/OculusVR/Binaries/Win64/UE4Editor-OculusInput.dll (API version 3709383).
LogModuleManager: Display: Found up-to-date module file ../../../Engine/Plugins/Runtime/Oculus/OculusVR/Binaries/Win64/UE4Editor-OculusEditor.dll (API version 3709383).
LogModuleManager: Display: Found up-to-date module file ../../../Engine/Plugins/Runtime/PhysXVehicles/Binaries/Win64/UE4Editor-PhysXVehicles.dll (API version 3709383).
LogModuleManager: Display: Found up-to-date module file ../../../Engine/Plugins/Runtime/PhysXVehicles/Binaries/Win64/UE4Editor-PhysXVehiclesEditor.dll (API version 3709383).
LogModuleManager: Display: Found up-to-date module file ../../../Engine/Plugins/Runtime/ProceduralMeshComponent/Binaries/Win64/UE4Editor-ProceduralMeshComponent.dll (API version 3709383).
LogModuleManager: Display: Found up-to-date module file ../../../Engine/Plugins/Runtime/ProceduralMeshComponent/Binaries/Win64/UE4Editor-ProceduralMeshComponentEditor.dll (API version 3709383).
LogModuleManager: Display: Found up-to-date module file ../../../Engine/Plugins/Runtime/RuntimePhysXCooking/Binaries/Win64/UE4Editor-RuntimePhysXCooking.dll (API version 3709383).
LogModuleManager: Display: Found up-to-date module file E:/MODDING/_Ace Combat 7/_Template Project/_Templates/Nimbus-Template/Plugins/CustomKeyMouse/Binaries/Win64/UE4Editor-CustomKeyMouse.dll (API version 3709383).
LogModuleManager: Display: Found up-to-date module file E:/MODDING/_Ace Combat 7/_Template Project/_Templates/Nimbus-Template/Plugins/EnginePlugins/Runtime/CriWare/CriWare/Binaries/Win64/UE4Editor-CriWareRuntime.dll (API version 3709383).
LogModuleManager: Display: Found up-to-date module file E:/MODDING/_Ace Combat 7/_Template Project/_Templates/Nimbus-Template/Plugins/EnginePlugins/TrueSkyPlugin/Binaries/Win64/UE4Editor-TrueSkyPlugin.dll (API version 3709383).
LogModuleManager: Display: Found up-to-date module file E:/MODDING/_Ace Combat 7/_Template Project/_Templates/Nimbus-Template/Plugins/EnginePlugins/Wwise/Binaries/Win64/UE4Editor-AkAudio.dll (API version 3709383).
LogModuleManager: Display: Found up-to-date module file E:/MODDING/_Ace Combat 7/_Template Project/_Templates/Nimbus-Template/Plugins/TMFlightStick/Binaries/Win64/UE4Editor-TMFlightStick.dll (API version 3709383).
LogInit: Using libcurl 7.47.1
LogInit:  - built for x86_64-pc-win32
LogInit:  - supports SSL with OpenSSL/1.0.2g
LogInit:  - supports HTTP deflate (compression) using libz 1.2.8
LogInit:  - other features:
LogInit:      CURL_VERSION_SSL
LogInit:      CURL_VERSION_LIBZ
LogInit:      CURL_VERSION_IPV6
LogInit:      CURL_VERSION_ASYNCHDNS
LogInit:      CURL_VERSION_LARGEFILE
LogInit:      CURL_VERSION_IDN
LogInit:  CurlRequestOptions (configurable via config and command line):
LogInit:  - bVerifyPeer = false  - Libcurl will NOT verify peer certificate
LogInit:  - bUseHttpProxy = false  - Libcurl will NOT use HTTP proxy
LogInit:  - bDontReuseConnections = false  - Libcurl will reuse connections
LogInit:  - CertBundlePath = nullptr  - Libcurl will use whatever was configured at build time.
LogInit: Build: ++UE4+Release-4.18-CL-3832480
LogInit: Engine Version: 4.18.3-3832480+++UE4+Release-4.18
LogInit: Compatible Engine Version: 4.18.0-3709383+++UE4+Release-4.18
LogInit: Net CL: 3709383
LogDevObjectVersion: Number of dev versions registered: 16
LogDevObjectVersion:   Dev-Blueprints (B0D832E4-1F89-4F0D-ACCF-7EB736FD4AA2): 10
LogDevObjectVersion:   Dev-Build (E1C64328-A22C-4D53-A36C-8E866417BD8C): 0
LogDevObjectVersion:   Dev-Core (375EC13C-06E4-48FB-B500-84F0262A717E): 2
LogDevObjectVersion:   Dev-Editor (E4B068ED-F494-42E9-A231-DA0B2E46BB41): 20
LogDevObjectVersion:   Dev-Framework (CFFC743F-43B0-4480-9391-14DF171D2073): 30
LogDevObjectVersion:   Dev-Mobile (B02B49B5-BB20-44E9-A304-32B752E40360): 0
LogDevObjectVersion:   Dev-Networking (A4E4105C-59A1-49B5-A7C5-40C4547EDFEE): 0
LogDevObjectVersion:   Dev-Online (39C831C9-5AE6-47DC-9A44-9C173E1C8E7C): 0
LogDevObjectVersion:   Dev-Physics (78F01B33-EBEA-4F98-B9B4-84EACCB95AA2): 0
LogDevObjectVersion:   Dev-Platform (6631380F-2D4D-43E0-8009-CF276956A95A): 0
LogDevObjectVersion:   Dev-Rendering (12F88B9F-8875-4AFC-A67C-D90C383ABD29): 20
LogDevObjectVersion:   Dev-Sequencer (7B5AE74C-D270-4C10-A958-57980B212A5A): 4
LogDevObjectVersion:   Dev-VR (D7296918-1DD6-4BDD-9DE2-64A83CC13884): 0
LogDevObjectVersion:   Dev-LoadTimes (C2A15278-BFE7-4AFE-6C17-90FF531DF755): 1
LogDevObjectVersion:   Private-Geometry (6EACA3D4-40EC-4CC1-B786-8BED09428FC5): 1
LogDevObjectVersion:   Dev-AnimPhys (29E575DD-E0A3-4627-9D10-D276232CDCEA): 12
LogInit: Compiled (64-bit): Jan 12 2018 02:04:55
LogInit: Compiled with Visual C++: 19.00.24215.01
LogInit: Build Configuration: Development
LogInit: Branch Name: ++UE4+Release-4.18
LogInit: Command line:  
LogInit: Base directory: D:/Program Files/Epic Games/UE_4.18/Engine/Binaries/Win64/
LogInit: Installed Engine Build: 1
LogInit: Presizing for max 8388607 objects, including 0 objects not considered by GC, pre-allocating 0 bytes for permanent pool.
LogInit: Object subsystem initialized
[2023.01.03-20.33.55:317][  0]LogInit: Selected Device Profile: [Windows]
[2023.01.03-20.33.55:317][  0]LogInit: Applying CVar settings loaded from the selected device profile: [Windows]
[2023.01.03-20.33.55:330][  0]LogInit: Computer: DYLAN-PC
[2023.01.03-20.33.55:330][  0]LogInit: User: Dylan
[2023.01.03-20.33.55:330][  0]LogInit: CPU Page size=4096, Cores=4
[2023.01.03-20.33.55:330][  0]LogInit: High frequency timer resolution =3.328193 MHz
[2023.01.03-20.33.55:331][  0]LogMemory: Memory total: Physical=15.9GB (16GB approx)
[2023.01.03-20.33.55:331][  0]LogMemory: Platform Memory Stats for Windows
[2023.01.03-20.33.55:331][  0]LogMemory: Process Physical Memory: 280.05 MB used, 280.05 MB peak
[2023.01.03-20.33.55:331][  0]LogMemory: Process Virtual Memory: 283.68 MB used, 283.68 MB peak
[2023.01.03-20.33.55:331][  0]LogMemory: Physical Memory: 15497.36 MB used,  816.25 MB free, 16313.61 MB total
[2023.01.03-20.33.55:331][  0]LogMemory: Virtual Memory: 647.83 MB used,  816.25 MB free, 8388608.00 MB total
[2023.01.03-20.33.55:557][  0]LogInit: Using OS detected language (fr-FR).
[2023.01.03-20.33.55:557][  0]LogInit: Using OS detected locale (fr-FR).
[2023.01.03-20.33.55:561][  0]LogTextLocalizationManager: No localization for 'fr-FR' exists, so 'en' will be used for the language.
[2023.01.03-20.33.55:561][  0]LogTextLocalizationManager: No localization for 'fr-FR' exists, so 'en' will be used for the locale.
[2023.01.03-20.33.55:958][  0]LogWindows: Failed to load 'shcore.dll' (GetLastError=126)
[2023.01.03-20.33.55:958][  0]LogWindows: File 'shcore.dll' does not exist
[2023.01.03-20.33.55:958][  0]LogInit: Setting process to DPI aware
[2023.01.03-20.33.55:962][  0]LogWindows: Failed to load 'shcore.dll' (GetLastError=126)
[2023.01.03-20.33.55:962][  0]LogWindows: File 'shcore.dll' does not exist
[2023.01.03-20.33.55:962][  0]LogInit: Setting process to DPI aware
[2023.01.03-20.33.56:279][  0]LogD3D11RHI: D3D11 adapters:
[2023.01.03-20.33.56:333][  0]LogD3D11RHI:    0. 'NVIDIA GeForce GTX 970' (Feature Level 11_0)
[2023.01.03-20.33.56:333][  0]LogD3D11RHI:       3992/0/7900 MB DedicatedVideo/DedicatedSystem/SharedSystem, Outputs:1, VendorId:0x10de
[2023.01.03-20.33.56:333][  0]LogD3D11RHI: Chosen D3D11 Adapter: 0
[2023.01.03-20.33.56:342][  0]LogD3D11RHI: Creating new Direct3DDevice
[2023.01.03-20.33.56:342][  0]LogD3D11RHI:     GPU DeviceId: 0x13c2 (for the marketing name, search the web for "GPU Device Id")
[2023.01.03-20.33.56:342][  0]LogWindows: EnumDisplayDevices:
[2023.01.03-20.33.56:342][  0]LogWindows:    0. 'NVIDIA GeForce GTX 970' (P:1 D:1)
[2023.01.03-20.33.56:342][  0]LogWindows:    1. 'NVIDIA GeForce GTX 970' (P:0 D:0)
[2023.01.03-20.33.56:343][  0]LogWindows:    2. 'NVIDIA GeForce GTX 970' (P:0 D:0)
[2023.01.03-20.33.56:343][  0]LogWindows:    3. 'NVIDIA GeForce GTX 970' (P:0 D:0)
[2023.01.03-20.33.56:343][  0]LogWindows:    4. 'RDPDD Chained DD' (P:0 D:0)
[2023.01.03-20.33.56:343][  0]LogWindows:    5. 'RDP Encoder Mirror Driver' (P:0 D:0)
[2023.01.03-20.33.56:344][  0]LogWindows:    6. 'RDP Reflector Display Driver' (P:0 D:0)
[2023.01.03-20.33.56:344][  0]LogWindows: DebugString: GetVideoDriverDetailsInvalid PrimaryIsNotTheChoosenAdapter GetVideoDriverDetailsInvalid PrimaryIsNotTheChoosenAdapter GetVideoDriverDetailsInvalid PrimaryIsNotTheChoosenAdapter FoundDriverCount:4 
[2023.01.03-20.33.56:344][  0]LogD3D11RHI:     Adapter Name: NVIDIA GeForce GTX 970
[2023.01.03-20.33.56:344][  0]LogD3D11RHI:   Driver Version: 473.04 (internal:30.0.14.7304, unified:473.04)
[2023.01.03-20.33.56:344][  0]LogD3D11RHI:      Driver Date: 1-17-2022
[2023.01.03-20.33.56:344][  0]LogRHI: Texture pool is 2794 MB (70% of 3992 MB)
[2023.01.03-20.33.56:368][  0]LogD3D11RHI: Async texture creation enabled
[2023.01.03-20.33.56:391][  0]LogD3D11RHI: GPU Timing Frequency: 1000.000000 (Debug: 2 2)
[2023.01.03-20.33.56:393][  0]LogShaderCompilers: Guid format shader working directory is -24 characters bigger than the processId version (E:/MODDING/_Ace Combat 7/_Template Project/_Templates/Nimbus-Template/Intermediate/Shaders/WorkingDirectory/22764/).
[2023.01.03-20.33.56:393][  0]LogShaderCompilers: Cleaned the shader compiler working directory 'C:/Users/Dylan/AppData/Local/Temp/UnrealShaderWorkingDir/3D8D09CB4429D1BC7D671DB5D3DE3BC9/'.
[2023.01.03-20.33.56:393][  0]LogShaderCompilers: Display: Using Local Shader Compiler.
[2023.01.03-20.33.57:570][  0]LogTemp: Display: Loaded TP AllDesktopTargetPlatform
[2023.01.03-20.33.57:618][  0]LogTemp: Display: Loaded TP MacClientTargetPlatform
[2023.01.03-20.33.57:669][  0]LogTemp: Display: Loaded TP MacNoEditorTargetPlatform
[2023.01.03-20.33.57:719][  0]LogTemp: Display: Loaded TP MacServerTargetPlatform
[2023.01.03-20.33.57:765][  0]LogTemp: Display: Loaded TP MacTargetPlatform
[2023.01.03-20.33.57:812][  0]LogTemp: Display: Loaded TP WindowsClientTargetPlatform
[2023.01.03-20.33.57:857][  0]LogTemp: Display: Loaded TP WindowsNoEditorTargetPlatform
[2023.01.03-20.33.57:901][  0]LogTemp: Display: Loaded TP WindowsServerTargetPlatform
[2023.01.03-20.33.57:939][  0]LogTemp: Display: Loaded TP WindowsTargetPlatform
[2023.01.03-20.33.57:981][  0]LogTemp: Display: Loaded TP Android_ASTCTargetPlatform
[2023.01.03-20.33.58:024][  0]LogTemp: Display: Loaded TP Android_ATCTargetPlatform
[2023.01.03-20.33.58:065][  0]LogTemp: Display: Loaded TP Android_DXTTargetPlatform
[2023.01.03-20.33.58:107][  0]LogTemp: Display: Loaded TP Android_ETC1TargetPlatform
[2023.01.03-20.33.58:152][  0]LogTemp: Display: Loaded TP Android_ETC2TargetPlatform
[2023.01.03-20.33.58:241][  0]LogTemp: Display: Loaded TP Android_MultiTargetPlatform
[2023.01.03-20.33.58:241][  0]LogTemp: Display: Loaded TP Android_PVRTCTargetPlatform
[2023.01.03-20.33.58:349][  0]LogTemp: Display: Loaded TP AndroidTargetPlatform
[2023.01.03-20.33.58:392][  0]LogTemp: Display: Loaded TP HTML5TargetPlatform
[2023.01.03-20.33.58:470][  0]LogTemp: Display: Loaded TP IOSTargetPlatform
[2023.01.03-20.33.58:491][  0]LogTemp: Display: Loaded TP TVOSTargetPlatform
[2023.01.03-20.33.58:534][  0]LogTemp: Display: Loaded TP LinuxClientTargetPlatform
[2023.01.03-20.33.58:576][  0]LogTemp: Display: Loaded TP LinuxNoEditorTargetPlatform
[2023.01.03-20.33.58:618][  0]LogTemp: Display: Loaded TP LinuxServerTargetPlatform
[2023.01.03-20.33.58:672][  0]LogTemp: Display: Loaded TP LinuxTargetPlatform
[2023.01.03-20.33.58:672][  0]LogTargetPlatformManager: Display: Building Assets For Windows
[2023.01.03-20.33.59:032][  0]LogDerivedDataCache: Display: Max Cache Size: 512 MB
[2023.01.03-20.33.59:136][  0]LogDerivedDataCache: Loaded boot cache 0.10s 81MB C:/Users/Dylan/AppData/Local/UnrealEngine/4.18/DerivedDataCache/Boot.ddc.
[2023.01.03-20.33.59:137][  0]LogDerivedDataCache: Display: Loaded Boot cache: C:/Users/Dylan/AppData/Local/UnrealEngine/4.18/DerivedDataCache/Boot.ddc
[2023.01.03-20.33.59:137][  0]LogDerivedDataCache: FDerivedDataBackendGraph:  Pak pak cache file E:/MODDING/_Ace Combat 7/_Template Project/_Templates/Nimbus-Template/DerivedDataCache/DDC.ddp not found, will not use a pak cache.
[2023.01.03-20.33.59:137][  0]LogDerivedDataCache: Unable to find inner node Pak for hierarchical cache Hierarchy.
[2023.01.03-20.33.59:137][  0]LogDerivedDataCache: FDerivedDataBackendGraph:  CompressedPak pak cache file E:/MODDING/_Ace Combat 7/_Template Project/_Templates/Nimbus-Template/DerivedDataCache/Compressed.ddp not found, will not use a pak cache.
[2023.01.03-20.33.59:137][  0]LogDerivedDataCache: Unable to find inner node CompressedPak for hierarchical cache Hierarchy.
[2023.01.03-20.33.59:157][  0]LogDerivedDataCache: Display: Pak cache opened for reading ../../../Engine/DerivedDataCache/Compressed.ddp.
[2023.01.03-20.33.59:169][  0]LogDerivedDataCache: Using Local data cache path C:/Users/Dylan/AppData/Local/UnrealEngine/Common/DerivedDataCache: Writable
[2023.01.03-20.33.59:179][  0]LogMaterial: Verifying Global Shaders for PCD3D_SM5
[2023.01.03-20.33.59:179][  0]LogSlate: Using Freetype 2.6.0
[2023.01.03-20.33.59:180][  0]LogSlate: SlateFontCache - WITH_FREETYPE: 1, WITH_HARFBUZZ: 1
[2023.01.03-20.33.59:180][  0]LogSlate: SlateFontCache - WITH_FREETYPE: 1, WITH_HARFBUZZ: 1
[2023.01.03-20.33.59:615][  0]LogInit: Selected Device Profile: [Windows]
[2023.01.03-20.33.59:931][  0]LogSimplygon: Simplygon DLL not present - disabling.
[2023.01.03-20.33.59:966][  0]LogMeshReduction: Using SimplygonSwarm for distributed automatic mesh merging
[2023.01.03-20.33.59:966][  0]LogMeshReduction: Using QuadricMeshReduction for automatic static mesh reduction
[2023.01.03-20.33.59:966][  0]LogMeshReduction: No automatic skeletal mesh reduction module available
[2023.01.03-20.33.59:966][  0]LogMeshReduction: No automatic mesh merging module available
[2023.01.03-20.33.59:966][  0]LogMeshMerging: No automatic mesh merging module available
[2023.01.03-20.33.59:991][  0]LogNetVersion: Nimbus , NetCL: 3709383, EngineNetVer: 2, GameNetVer: 0 (Checksum: 1638500278)
[2023.01.03-20.34.00:147][  0]LogAssetRegistry: FAssetRegistry took 0.0247 seconds to start up
[2023.01.03-20.34.00:685][  0]LogPackageLocalizationCache: Processed 8 localized package path(s) for 1 prioritized culture(s) in 0.060196 seconds
[2023.01.03-20.34.00:690][  0]LogUObjectArray: 36201 objects as part of root set at end of initial load.
[2023.01.03-20.34.00:691][  0]LogUObjectAllocator: 7430776 out of 0 bytes used by permanent object pool.
[2023.01.03-20.34.00:691][  0]LogUObjectArray: CloseDisregardForGC: 0/0 objects in disregard for GC pool
[2023.01.03-20.34.00:734][  0]LogInit: WinSock: version 1.1 (2.2), MaxSocks=32767, MaxUdp=65467
[2023.01.03-20.34.14:477][  0]LogTcpMessaging: Initializing TcpMessaging bridge
[2023.01.03-20.34.14:542][  0]LogUdpMessaging: Initializing bridge on interface 0.0.0.0:0 to multicast group 230.0.0.1:6666.
[2023.01.03-20.34.16:626][  0]LogMaterial: Uniform references updated for custom material expression Custom.
[2023.01.03-20.34.17:201][  0]SourceControl: Source control is disabled
[2023.01.03-20.34.17:201][  0]SourceControl: Source control is disabled
[2023.01.03-20.34.17:287][  0]SourceControl: Source control is disabled
[2023.01.03-20.34.17:368][  0]SourceControl: Source control is disabled
[2023.01.03-20.34.19:216][  0]LogOnline: Display: STEAM: Loading Steam SDK 1.39
[2023.01.03-20.34.19:557][  0]LogOcInput: OculusInput pre-init called
[2023.01.03-20.34.19:903][  0]LogEngine: Initializing Engine...
[2023.01.03-20.34.20:162][  0]LogStats: UGameplayTagsManager::ConstructGameplayTagTree: Construct from data asset -  0.000 s
[2023.01.03-20.34.20:162][  0]LogStats: UGameplayTagsManager::ConstructGameplayTagTree: GameplayTagTreeChangedEvent.Broadcast -  0.000 s
[2023.01.03-20.34.20:318][  0]LogAIModule: Creating AISystem for world Untitled
[2023.01.03-20.34.20:341][  0]LogInit: XAudio2 using 'Haut-parleurs (Realtek High Definition Audio)' : 6 channels at 48 kHz using 32 bits per sample (channel mask 0x3f)
[2023.01.03-20.34.20:441][  0]LogInit: FAudioDevice initialized.
[2023.01.03-20.34.20:566][  0]LogDerivedDataCache: Saved boot cache 0.12s 80MB C:/Users/Dylan/AppData/Local/UnrealEngine/4.18/DerivedDataCache/Boot.ddc.
[2023.01.03-20.34.20:582][  0]LogInit: Texture streaming: Enabled
[2023.01.03-20.34.20:730][  0]LogEngineSessionManager: EngineSessionManager initialized
[2023.01.03-20.34.20:928][  0]LogInit: Transaction tracking system initialized
[2023.01.03-20.34.21:515][  0]BlueprintLog: New page: Editor Load
[2023.01.03-20.34.22:649][  0]LocalizationService: Localization service is disabled
[2023.01.03-20.34.23:682][  0]LogConsoleResponse: Display: 
[2023.01.03-20.34.24:174][  0]LogCook: Display: Max memory allowance for cook 16384mb min free memory 0mb
[2023.01.03-20.34.24:174][  0]LogCook: Display: Mobile HDR setting 1
[2023.01.03-20.34.24:174][  0]LogGameplayTags: Display: UGameplayTagsManager::DoneAddingNativeTags. DelegateIsBound: 0
[2023.01.03-20.34.24:414][  0]LogFileCache: Scanning file cache for directory 'E:/MODDING/_Ace Combat 7/_Template Project/_Templates/Nimbus-Template/Content/' took 0.01s
[2023.01.03-20.34.26:525][  0]SourceControl: Source control is disabled
[2023.01.03-20.34.26:525][  0]Cmd: MAP LOAD FILE="../../../Engine/Content/Maps/Templates/Template_Default.umap" TEMPLATE=1 SHOWPROGRESS=1 FEATURELEVEL=3
[2023.01.03-20.34.26:525][  0]LightingResults: New page: Lighting Build
[2023.01.03-20.34.26:562][  0]MapCheck: New page: Map Check
[2023.01.03-20.34.26:562][  0]LightingResults: New page: Lighting Build
[2023.01.03-20.34.26:746][  0]LogSpawn: Warning: UWorld::DestroyActor: World has no context! World: Template_Default, Actor: /Temp/Untitled_1.Template_Default:PersistentLevel.WorldSettings_0
[2023.01.03-20.34.26:887][  0]LogAIModule: Creating AISystem for world Untitled_1
[2023.01.03-20.34.26:892][  0]LogEditorServer: Finished looking for orphan Actors (0.000 secs)
[2023.01.03-20.34.26:904][  0]Cmd: MAP CHECKDEP NOCLEARLOG
[2023.01.03-20.34.26:977][  0]MapCheck: Map check complete: 0 Error(s), 0 Warning(s), took 72.227ms to complete.
[2023.01.03-20.34.26:977][  0]LogFileHelpers: Loading map 'Template_Default' took 0.452
[2023.01.03-20.34.27:218][  0]LogCollectionManager: Loaded 0 collections in 0.001584 seconds
[2023.01.03-20.34.27:284][  0]LogFileCache: Scanning file cache for directory 'E:/MODDING/_Ace Combat 7/_Template Project/_Templates/Nimbus-Template/Saved/Collections/' took 0.01s
[2023.01.03-20.34.27:284][  0]LogFileCache: Scanning file cache for directory 'E:/MODDING/_Ace Combat 7/_Template Project/_Templates/Nimbus-Template/Content/Developers/Dylan/Collections/' took 0.01s
[2023.01.03-20.34.27:284][  0]LogFileCache: Scanning file cache for directory 'E:/MODDING/_Ace Combat 7/_Template Project/_Templates/Nimbus-Template/Content/Collections/' took 0.01s
[2023.01.03-20.34.27:284][  0]LogCollectionManager: Rebuilt the GUID cache for 0 collections in 0.000000 seconds
[2023.01.03-20.34.27:299][  0]LogContentBrowser: Native class hierarchy populated in 0.0150 seconds. Added 3181 classes and 497 folders.
[2023.01.03-20.34.27:351][  0]LogContentBrowser: Native class hierarchy updated for 'WidgetCarousel' in 0.0056 seconds. Added 0 classes and 0 folders.
[2023.01.03-20.34.28:503][  0]LogContentBrowser: Native class hierarchy updated for 'AddContentDialog' in 0.0063 seconds. Added 0 classes and 0 folders.
[2023.01.03-20.34.28:582][  0]LogContentBrowser: Native class hierarchy updated for 'SceneOutliner' in 0.0072 seconds. Added 1 classes and 2 folders.
[2023.01.03-20.34.28:682][  0]LogSlate: Took 0.017753 seconds to synchronously load lazily loaded font '../../../Engine/Content/Slate/Fonts/Roboto-Regular.ttf' (155K)
[2023.01.03-20.34.28:695][  0]LogSlate: Took 0.011331 seconds to synchronously load lazily loaded font '../../../Engine/Content/Slate/Fonts/Roboto-Bold.ttf' (160K)
[2023.01.03-20.34.28:709][  0]LogSlate: Took 0.010265 seconds to synchronously load lazily loaded font '../../../Engine/Content/Editor/Slate/Fonts/FontAwesome.ttf' (139K)
[2023.01.03-20.34.28:800][  0]LogRenderer: Reallocating scene render targets to support 1192x576 Format 10 NumSamples 1 (Frame:1).
[2023.01.03-20.34.28:976][  0]LogContentBrowser: Native class hierarchy updated for 'HierarchicalLODOutliner' in 0.0069 seconds. Added 1 classes and 2 folders.
[2023.01.03-20.34.28:976][  0]LogLoad: (Engine Initialization) Total time: 36.20 seconds
[2023.01.03-20.34.28:976][  0]LogLoad: (Engine Initialization) Total Blueprint compile time: 0.00 seconds
[2023.01.03-20.34.28:976][  0]LogExternalProfiler: No external profilers were discovered.  External profiling features will not be available.
[2023.01.03-20.34.29:055][  0]LogAssetRegistry: Asset discovery search completed in 28.9275 seconds
[2023.01.03-20.34.29:057][  0]LogCollectionManager: Rebuilt the object cache for 0 collections in 0.000000 seconds (found 0 objects)
[2023.01.03-20.34.29:057][  0]LogCollectionManager: Fixed up redirectors for 0 collections in 0.000055 seconds (updated 0 objects)
[2023.01.03-20.34.29:060][  0]LogContentStreaming: Texture pool size now 1000 MB
[2023.01.03-20.34.29:172][  0]LogSlate: Took 0.000263 seconds to synchronously load lazily loaded font '../../../Engine/Content/Slate/Fonts/Roboto-Light.ttf' (159K)
[2023.01.03-20.34.32:128][137]Cmd: QUIT_EDITOR
[2023.01.03-20.34.32:335][137]LogExit: Preparing to exit.
[2023.01.03-20.34.32:897][137]LogExit: Editor shut down
[2023.01.03-20.34.32:899][137]LogExit: Transaction tracking system shut down
[2023.01.03-20.34.33:110][137]LogDirectoryWatcher: A directory notification for '../../../Engine/Content/' was aborted.
[2023.01.03-20.34.33:110][137]LogDirectoryWatcher: A directory notification for 'E:/MODDING/_Ace Combat 7/_Template Project/_Templates/Nimbus-Template/Content/' was aborted.
[2023.01.03-20.34.33:110][137]LogDirectoryWatcher: A directory notification for '../../../Engine/Plugins/2D/Paper2D/Content/' was aborted.
[2023.01.03-20.34.33:110][137]LogDirectoryWatcher: A directory notification for '../../../Engine/Plugins/Media/MediaCompositing/Content/' was aborted.
[2023.01.03-20.34.33:110][137]LogDirectoryWatcher: A directory notification for '../../../Engine/Plugins/Runtime/Oculus/OculusVR/Content/' was aborted.
[2023.01.03-20.34.33:542][137]LogExit: Object subsystem successfully closed.
[2023.01.03-20.34.33:600][137]LogD3D11RHI: Shutdown
[2023.01.03-20.34.33:600][137]LogD3D11RHI: CleanupD3DDevice
[2023.01.03-20.34.33:607][137]LogD3D11RHI: ~FD3D11DynamicRHI
[2023.01.03-20.34.33:811][137]LogModuleManager: Shutting down and abandoning module HierarchicalLODOutliner (528)
[2023.01.03-20.34.33:811][137]LogModuleManager: Shutting down and abandoning module DesktopPlatform (526)
[2023.01.03-20.34.33:812][137]LogModuleManager: Shutting down and abandoning module SceneOutliner (524)
[2023.01.03-20.34.33:812][137]LogModuleManager: Shutting down and abandoning module AddContentDialog (522)
[2023.01.03-20.34.33:823][137]LogDirectoryWatcher: A directory notification for 'D:/Program Files/Epic Games/UE_4.18/FeaturePacks/' was aborted.
[2023.01.03-20.34.33:826][137]LogModuleManager: Shutting down and abandoning module WidgetCarousel (521)
[2023.01.03-20.34.33:826][137]LogModuleManager: Shutting down and abandoning module EditorWidgets (518)
[2023.01.03-20.34.33:826][137]LogModuleManager: Shutting down and abandoning module CollectionManager (516)
[2023.01.03-20.34.33:834][137]LogDirectoryWatcher: A directory notification for 'E:/MODDING/_Ace Combat 7/_Template Project/_Templates/Nimbus-Template/Content/Collections/' was aborted.
[2023.01.03-20.34.33:834][137]LogDirectoryWatcher: A directory notification for 'E:/MODDING/_Ace Combat 7/_Template Project/_Templates/Nimbus-Template/Content/Developers/Dylan/Collections/' was aborted.
[2023.01.03-20.34.33:834][137]LogDirectoryWatcher: A directory notification for 'E:/MODDING/_Ace Combat 7/_Template Project/_Templates/Nimbus-Template/Saved/Collections/' was aborted.
[2023.01.03-20.34.33:835][137]LogModuleManager: Shutting down and abandoning module HierarchicalLODUtilities (514)
[2023.01.03-20.34.33:835][137]LogModuleManager: Shutting down and abandoning module StatsViewer (512)
[2023.01.03-20.34.33:836][137]LogModuleManager: Shutting down and abandoning module FoliageEdit (510)
[2023.01.03-20.34.33:836][137]LogModuleManager: Shutting down and abandoning module LandscapeEditor (508)
[2023.01.03-20.34.33:838][137]LogModuleManager: Shutting down and abandoning module MeshPaintMode (506)
[2023.01.03-20.34.33:838][137]LogModuleManager: Shutting down and abandoning module SceneDepthPickerMode (504)
[2023.01.03-20.34.33:838][137]LogModuleManager: Shutting down and abandoning module ActorPickerMode (502)
[2023.01.03-20.34.33:838][137]LogModuleManager: Shutting down and abandoning module GeometryMode (500)
[2023.01.03-20.34.33:839][137]LogModuleManager: Shutting down and abandoning module TextureAlignMode (498)
[2023.01.03-20.34.33:839][137]LogModuleManager: Shutting down and abandoning module BspMode (496)
[2023.01.03-20.34.33:839][137]LogModuleManager: Shutting down and abandoning module PIEPreviewDeviceProfileSelector (494)
[2023.01.03-20.34.33:839][137]LogModuleManager: Shutting down and abandoning module HardwareSurvey (492)
[2023.01.03-20.34.33:839][137]LogModuleManager: Shutting down and abandoning module SequenceRecorderSections (490)
[2023.01.03-20.34.33:839][137]LogModuleManager: Shutting down and abandoning module AutomationWorker (488)
[2023.01.03-20.34.33:839][137]LogModuleManager: Shutting down and abandoning module MatineeToLevelSequence (486)
[2023.01.03-20.34.33:840][137]LogModuleManager: Shutting down and abandoning module LevelSequenceEditor (484)
[2023.01.03-20.34.33:857][137]LogModuleManager: Shutting down and abandoning module PlacementMode (483)
[2023.01.03-20.34.33:857][137]LogModuleManager: Shutting down and abandoning module OpenExrWrapper (480)
[2023.01.03-20.34.33:857][137]LogModuleManager: Shutting down and abandoning module ImgMediaFactory (478)
[2023.01.03-20.34.33:857][137]LogModuleManager: Shutting down and abandoning module ImgMediaEditor (476)
[2023.01.03-20.34.33:857][137]LogModuleManager: Shutting down and abandoning module CharacterAI (474)
[2023.01.03-20.34.33:857][137]LogModuleManager: Shutting down and abandoning module AudioCapture (472)
[2023.01.03-20.34.33:858][137]LogModuleManager: Shutting down and abandoning module SequenceRecorder (471)
[2023.01.03-20.34.33:858][137]LogModuleManager: Shutting down and abandoning module SmartSnapping (468)
[2023.01.03-20.34.33:858][137]LogModuleManager: Shutting down and abandoning module SessionServices (466)
[2023.01.03-20.34.33:858][137]LogModuleManager: Shutting down and abandoning module ViewportSnapping (464)
[2023.01.03-20.34.33:858][137]LogModuleManager: Shutting down and abandoning module ViewportInteraction (462)
[2023.01.03-20.34.33:858][137]LogModuleManager: Shutting down and abandoning module ClothPainter (460)
[2023.01.03-20.34.33:860][137]LogModuleManager: Shutting down and abandoning module SkeletalMeshEditor (459)
[2023.01.03-20.34.33:862][137]LogModuleManager: Shutting down and abandoning module LogVisualizer (456)
[2023.01.03-20.34.33:865][137]LogModuleManager: Shutting down and abandoning module IntroTutorials (454)
[2023.01.03-20.34.33:877][137]LogModuleManager: Shutting down and abandoning module GameProjectGeneration (453)
[2023.01.03-20.34.33:879][137]LogModuleManager: Shutting down and abandoning module IOSPlatformEditor (450)
[2023.01.03-20.34.33:879][137]LogModuleManager: Shutting down and abandoning module HTML5PlatformEditor (448)
[2023.01.03-20.34.33:879][137]LogModuleManager: Shutting down and abandoning module AndroidPlatformEditor (446)
[2023.01.03-20.34.33:879][137]LogModuleManager: Shutting down and abandoning module AndroidDeviceDetection (445)
[2023.01.03-20.34.34:200][137]LogModuleManager: Shutting down and abandoning module WindowsPlatformEditor (442)
[2023.01.03-20.34.34:200][137]LogModuleManager: Shutting down and abandoning module IOSRuntimeSettings (440)
[2023.01.03-20.34.34:200][137]LogModuleManager: Shutting down and abandoning module AndroidRuntimeSettings (438)
[2023.01.03-20.34.34:200][137]LogModuleManager: Shutting down and abandoning module InputBindingEditor (436)
[2023.01.03-20.34.34:216][137]LogModuleManager: Shutting down and abandoning module MergeActors (434)
[2023.01.03-20.34.34:218][137]LogModuleManager: Shutting down and abandoning module SizeMap (432)
[2023.01.03-20.34.34:218][137]LogModuleManager: Shutting down and abandoning module TreeMap (430)
[2023.01.03-20.34.34:219][137]LogModuleManager: Shutting down and abandoning module ReferenceViewer (428)
[2023.01.03-20.34.34:219][137]LogModuleManager: Shutting down and abandoning module LocalizationDashboard (426)
[2023.01.03-20.34.34:220][137]LogModuleManager: Shutting down and abandoning module LocalizationService (425)
[2023.01.03-20.34.34:220][137]LogModuleManager: Shutting down and abandoning module HardwareTargeting (422)
[2023.01.03-20.34.34:220][137]LogModuleManager: Shutting down and abandoning module DeviceProfileEditor (420)
[2023.01.03-20.34.34:220][137]LogModuleManager: Shutting down and abandoning module UndoHistory (418)
[2023.01.03-20.34.34:220][137]LogModuleManager: Shutting down and abandoning module XmlParser (416)
[2023.01.03-20.34.34:220][137]LogModuleManager: Shutting down and abandoning module Blutility (414)
[2023.01.03-20.34.34:220][137]LogModuleManager: Shutting down and abandoning module ProjectSettingsViewer (412)
[2023.01.03-20.34.34:220][137]LogModuleManager: Shutting down and abandoning module ProjectTargetPlatformEditor (411)
[2023.01.03-20.34.34:221][137]LogModuleManager: Shutting down and abandoning module EditorSettingsViewer (408)
[2023.01.03-20.34.34:221][137]LogModuleManager: Shutting down and abandoning module SettingsEditor (406)
[2023.01.03-20.34.34:221][137]LogModuleManager: Shutting down and abandoning module ProjectLauncher (404)
[2023.01.03-20.34.34:222][137]LogModuleManager: Shutting down and abandoning module SessionFrontend (402)
[2023.01.03-20.34.34:223][137]LogModuleManager: Shutting down and abandoning module ProfilerClient (400)
[2023.01.03-20.34.34:223][137]LogModuleManager: Shutting down and abandoning module DeviceManager (398)
[2023.01.03-20.34.34:224][137]LogModuleManager: Shutting down and abandoning module TargetDeviceServices (397)
[2023.01.03-20.34.34:254][137]LogModuleManager: Shutting down and abandoning module AutomationController (394)
[2023.01.03-20.34.34:256][137]LogModuleManager: Shutting down and abandoning module AutomationWindow (392)
[2023.01.03-20.34.34:258][137]LogModuleManager: Shutting down and abandoning module Layers (390)
[2023.01.03-20.34.34:261][137]LogModuleManager: Shutting down and abandoning module ComponentVisualizers (388)
[2023.01.03-20.34.34:261][137]LogModuleManager: Shutting down and abandoning module DetailCustomizations (386)
[2023.01.03-20.34.34:269][137]LogModuleManager: Shutting down and abandoning module PackagesDialog (384)
[2023.01.03-20.34.34:286][137]LogModuleManager: Shutting down and abandoning module Persona (382)
[2023.01.03-20.34.34:294][137]LogModuleManager: Shutting down and abandoning module AdvancedPreviewScene (381)
[2023.01.03-20.34.34:294][137]LogModuleManager: Shutting down and abandoning module AnimGraph (379)
[2023.01.03-20.34.34:294][137]LogModuleManager: Shutting down and abandoning module Kismet (376)
[2023.01.03-20.34.34:313][137]LogModuleManager: Shutting down and abandoning module ClassViewer (374)
[2023.01.03-20.34.34:313][137]LogModuleManager: Shutting down and abandoning module Toolbox (372)
[2023.01.03-20.34.34:313][137]LogModuleManager: Shutting down and abandoning module ModuleUI (370)
[2023.01.03-20.34.34:314][137]LogModuleManager: Shutting down and abandoning module MovieSceneTools (368)
[2023.01.03-20.34.34:315][137]LogModuleManager: Shutting down and abandoning module OutputLog (366)
[2023.01.03-20.34.34:316][137]LogModuleManager: Shutting down and abandoning module GammaUI (364)
[2023.01.03-20.34.34:317][137]LogModuleManager: Shutting down and abandoning module Documentation (362)
[2023.01.03-20.34.34:317][137]LogModuleManager: Shutting down and abandoning module MovieSceneTracks (360)
[2023.01.03-20.34.34:317][137]LogModuleManager: Shutting down and abandoning module MovieScene (358)
[2023.01.03-20.34.34:317][137]LogModuleManager: Shutting down and abandoning module StreamingPauseRendering (356)
[2023.01.03-20.34.34:317][137]LogModuleManager: Shutting down and abandoning module LauncherPlatform (354)
[2023.01.03-20.34.34:317][137]LogModuleManager: Shutting down and abandoning module AnalyticsET (352)
[2023.01.03-20.34.34:317][137]LogModuleManager: Shutting down and abandoning module PortalServices (350)
[2023.01.03-20.34.34:317][137]LogModuleManager: Shutting down and abandoning module PortalRpc (348)
[2023.01.03-20.34.34:317][137]LogModuleManager: Shutting down and abandoning module MessagingRpc (346)
[2023.01.03-20.34.34:317][137]LogModuleManager: Shutting down and abandoning module AIModule (344)
[2023.01.03-20.34.34:317][137]LogModuleManager: Shutting down and abandoning module GameplayDebugger (343)
[2023.01.03-20.34.34:318][137]LogModuleManager: Shutting down and abandoning module AITestSuite (341)
[2023.01.03-20.34.34:319][137]LogModuleManager: Shutting down and abandoning module ProfilerService (338)
[2023.01.03-20.34.34:356][137]LogModuleManager: Shutting down and abandoning module TaskGraph (336)
[2023.01.03-20.34.34:358][137]LogModuleManager: Shutting down and abandoning module ProceduralMeshComponentEditor (334)
[2023.01.03-20.34.34:358][137]LogModuleManager: Shutting down and abandoning module ProceduralMeshComponent (332)
[2023.01.03-20.34.34:358][137]LogModuleManager: Shutting down and abandoning module OculusInput (330)
[2023.01.03-20.34.34:358][137]LogModuleManager: Shutting down and abandoning module CustomMeshComponent (328)
[2023.01.03-20.34.34:358][137]LogModuleManager: Shutting down and abandoning module CableComponent (326)
[2023.01.03-20.34.34:358][137]LogModuleManager: Shutting down and abandoning module ArchVisCharacter (324)
[2023.01.03-20.34.34:358][137]LogModuleManager: Shutting down and abandoning module ActorSequence (318)
[2023.01.03-20.34.34:358][137]LogModuleManager: Shutting down and abandoning module MediaPlayerEditor (316)
[2023.01.03-20.34.34:362][137]LogModuleManager: Shutting down and abandoning module MediaCompositingEditor (314)
[2023.01.03-20.34.34:362][137]LogModuleManager: Shutting down and abandoning module MediaCompositing (312)
[2023.01.03-20.34.34:362][137]LogModuleManager: Shutting down and abandoning module HTML5Networking (310)
[2023.01.03-20.34.34:362][137]LogModuleManager: Shutting down and abandoning module AlembicImporter (308)
[2023.01.03-20.34.34:362][137]LogModuleManager: Shutting down and abandoning module AlembicLibrary (307)
[2023.01.03-20.34.34:362][137]LogModuleManager: Shutting down and abandoning module GeometryCache (306)
[2023.01.03-20.34.34:363][137]LogModuleManager: Shutting down and abandoning module GeometryCacheEd (305)
[2023.01.03-20.34.34:363][137]LogModuleManager: Shutting down and abandoning module SpeedTreeImporter (300)
[2023.01.03-20.34.34:363][137]LogModuleManager: Shutting down and abandoning module PluginBrowser (298)
[2023.01.03-20.34.34:367][137]LogModuleManager: Shutting down and abandoning module MobileLauncherProfileWizard (296)
[2023.01.03-20.34.34:368][137]LogModuleManager: Shutting down and abandoning module VisualStudioSourceCodeAccess (294)
[2023.01.03-20.34.34:368][137]LogModuleManager: Shutting down and abandoning module VisualStudioCodeSourceCodeAccess (292)
[2023.01.03-20.34.34:368][137]LogModuleManager: Shutting down and abandoning module UObjectPlugin (290)
[2023.01.03-20.34.34:368][137]LogModuleManager: Shutting down and abandoning module SubversionSourceControl (288)
[2023.01.03-20.34.34:369][137]LogModuleManager: Shutting down and abandoning module PerforceSourceControl (286)
[2023.01.03-20.34.34:371][137]LogModuleManager: Shutting down and abandoning module GitSourceControl (284)
[2023.01.03-20.34.34:372][137]LogModuleManager: Shutting down and abandoning module SourceControl (283)
[2023.01.03-20.34.34:373][137]LogModuleManager: Shutting down and abandoning module LightPropagationVolumeEditor (280)
[2023.01.03-20.34.34:373][137]LogModuleManager: Shutting down and abandoning module PaperTiledImporter (278)
[2023.01.03-20.34.34:373][137]LogModuleManager: Shutting down and abandoning module PaperSpriteSheetImporter (276)
[2023.01.03-20.34.34:373][137]LogModuleManager: Shutting down and abandoning module Paper2DEditor (274)
[2023.01.03-20.34.34:375][137]LogModuleManager: Shutting down and abandoning module MeshPaint (273)
[2023.01.03-20.34.34:375][137]LogModuleManager: Shutting down and abandoning module LevelEditor (271)
[2023.01.03-20.34.34:377][137]LogModuleManager: Shutting down and abandoning module PixelInspectorModule (270)
[2023.01.03-20.34.34:377][137]LogModuleManager: Shutting down and abandoning module MainFrame (268)
[2023.01.03-20.34.34:391][137]LogModuleManager: Shutting down and abandoning module HotReload (267)
[2023.01.03-20.34.34:392][137]LogDirectoryWatcher: A directory notification for 'E:/MODDING/_Ace Combat 7/_Template Project/_Templates/Nimbus-Template/Binaries/Win64' was aborted.
[2023.01.03-20.34.34:392][137]LogDirectoryWatcher: A directory notification for 'E:/MODDING/_Ace Combat 7/_Template Project/_Templates/Nimbus-Template/Plugins/EnginePlugins/Runtime/ImmediatePhysics/Binaries/Win64' was aborted.
[2023.01.03-20.34.34:392][137]LogDirectoryWatcher: A directory notification for 'E:/MODDING/_Ace Combat 7/_Template Project/_Templates/Nimbus-Template/Plugins/CustomKeyMouse/Binaries/Win64' was aborted.
[2023.01.03-20.34.34:392][137]LogDirectoryWatcher: A directory notification for 'E:/MODDING/_Ace Combat 7/_Template Project/_Templates/Nimbus-Template/Plugins/EnginePlugins/Runtime/CriWare/CriWare/Binaries/Win64' was aborted.
[2023.01.03-20.34.34:392][137]LogDirectoryWatcher: A directory notification for 'E:/MODDING/_Ace Combat 7/_Template Project/_Templates/Nimbus-Template/Plugins/EnginePlugins/TrueSkyPlugin/Binaries/Win64' was aborted.
[2023.01.03-20.34.34:392][137]LogDirectoryWatcher: A directory notification for 'E:/MODDING/_Ace Combat 7/_Template Project/_Templates/Nimbus-Template/Plugins/EnginePlugins/Wwise/Binaries/Win64' was aborted.
[2023.01.03-20.34.34:392][137]LogDirectoryWatcher: A directory notification for 'E:/MODDING/_Ace Combat 7/_Template Project/_Templates/Nimbus-Template/Plugins/TMFlightStick/Binaries/Win64' was aborted.
[2023.01.03-20.34.34:393][137]LogModuleManager: Shutting down and abandoning module Nimbus (262)
[2023.01.03-20.34.34:393][137]LogModuleManager: Shutting down and abandoning module AkAudio (260)
[2023.01.03-20.34.34:393][137]LogModuleManager: Shutting down and abandoning module TrueSkyPlugin (258)
[2023.01.03-20.34.34:393][137]LogModuleManager: Shutting down and abandoning module CustomKeyMouse (256)
[2023.01.03-20.34.34:393][137]LogModuleManager: Shutting down and abandoning module RuntimePhysXCooking (254)
[2023.01.03-20.34.34:393][137]LogModuleManager: Shutting down and abandoning module PhysXVehiclesEditor (252)
[2023.01.03-20.34.34:393][137]LogModuleManager: Shutting down and abandoning module PhysXVehicles (250)
[2023.01.03-20.34.34:393][137]LogModuleManager: Shutting down and abandoning module OculusEditor (248)
[2023.01.03-20.34.34:393][137]LogModuleManager: Shutting down and abandoning module ImmediatePhysics (246)
[2023.01.03-20.34.34:393][137]LogModuleManager: Shutting down and abandoning module UdpMessaging (244)
[2023.01.03-20.34.34:493][137]LogModuleManager: Shutting down and abandoning module TcpMessaging (242)
[2023.01.03-20.34.34:594][137]LogModuleManager: Shutting down and abandoning module GameplayTagsEditor (240)
[2023.01.03-20.34.34:606][137]LogModuleManager: Shutting down and abandoning module AssetManagerEditor (238)
[2023.01.03-20.34.34:608][137]LogModuleManager: Shutting down and abandoning module GraphEditor (237)
[2023.01.03-20.34.34:634][137]LogModuleManager: Shutting down and abandoning module ContentBrowser (235)
[2023.01.03-20.34.34:635][137]LogModuleManager: Shutting down and abandoning module LightPropagationVolumeRuntime (232)
[2023.01.03-20.34.34:635][137]LogModuleManager: Shutting down and abandoning module Paper2D (230)
[2023.01.03-20.34.34:635][137]LogModuleManager: Shutting down and abandoning module ImgMedia (228)
[2023.01.03-20.34.34:635][137]LogModuleManager: Shutting down and abandoning module PacketHandler (226)
[2023.01.03-20.34.34:635][137]LogModuleManager: Shutting down and abandoning module ClothingSystemEditor (224)
[2023.01.03-20.34.34:635][137]LogModuleManager: Shutting down and abandoning module ClothingSystemRuntime (222)
[2023.01.03-20.34.34:648][137]LogModuleManager: Shutting down and abandoning module MediaAssets (220)
[2023.01.03-20.34.34:648][137]LogModuleManager: Shutting down and abandoning module Media (219)
[2023.01.03-20.34.34:653][137]LogModuleManager: Shutting down and abandoning module Overlay (216)
[2023.01.03-20.34.34:653][137]LogModuleManager: Shutting down and abandoning module OverlayEditor (215)
[2023.01.03-20.34.34:653][137]LogModuleManager: Shutting down and abandoning module VREditor (212)
[2023.01.03-20.34.34:655][137]LogModuleManager: Shutting down and abandoning module StringTableEditor (210)
[2023.01.03-20.34.34:656][137]LogModuleManager: Shutting down and abandoning module GameplayTasksEditor (208)
[2023.01.03-20.34.34:656][137]LogModuleManager: Shutting down and abandoning module BehaviorTreeEditor (206)
[2023.01.03-20.34.34:659][137]LogModuleManager: Shutting down and abandoning module FunctionalTesting (204)
[2023.01.03-20.34.34:659][137]LogModuleManager: Shutting down and abandoning module CollisionAnalyzer (202)
[2023.01.03-20.34.34:661][137]LogModuleManager: Shutting down and abandoning module WorkspaceMenuStructure (201)
[2023.01.03-20.34.34:661][137]LogModuleManager: Shutting down and abandoning module UMG (198)
[2023.01.03-20.34.34:675][137]LogModuleManager: Shutting down and abandoning module UMGEditor (197)
[2023.01.03-20.34.34:678][137]LogModuleManager: Shutting down and abandoning module Sequencer (196)
[2023.01.03-20.34.34:681][137]LogModuleManager: Shutting down and abandoning module MessageLog (193)
[2023.01.03-20.34.34:681][137]LogModuleManager: Shutting down and abandoning module SlateReflector (188)
[2023.01.03-20.34.34:685][137]LogModuleManager: Shutting down and abandoning module Slate (186)
[2023.01.03-20.34.34:685][137]LogModuleManager: Shutting down and abandoning module EditorStyle (184)
[2023.01.03-20.34.34:687][137]LogModuleManager: Shutting down and abandoning module MRMesh (182)
[2023.01.03-20.34.34:687][137]LogModuleManager: Shutting down and abandoning module SourceCodeAccess (180)
[2023.01.03-20.34.34:687][137]LogModuleManager: Shutting down and abandoning module HeadMountedDisplay (178)
[2023.01.03-20.34.34:687][137]LogModuleManager: Shutting down and abandoning module XAudio2 (176)
[2023.01.03-20.34.34:687][137]LogModuleManager: Shutting down and abandoning module Networking (174)
[2023.01.03-20.34.34:687][137]LogModuleManager: Shutting down and abandoning module Core (170)
[2023.01.03-20.34.34:687][137]LogModuleManager: Shutting down and abandoning module LevelSequence (166)
[2023.01.03-20.34.34:694][137]LogModuleManager: Shutting down and abandoning module DirectoryWatcher (164)
[2023.01.03-20.34.34:694][137]LogModuleManager: Shutting down and abandoning module KismetCompiler (162)
[2023.01.03-20.34.34:694][137]LogModuleManager: Shutting down and abandoning module MeshUtilities (160)
[2023.01.03-20.34.34:695][137]LogModuleManager: Shutting down and abandoning module MeshMergeUtilities (159)
[2023.01.03-20.34.34:696][137]LogModuleManager: Shutting down and abandoning module MeshReductionInterface (158)
[2023.01.03-20.34.34:696][137]LogModuleManager: Shutting down and abandoning module SimplygonSwarm (157)
[2023.01.03-20.34.34:697][137]LogModuleManager: Shutting down and abandoning module SimplygonMeshReduction (155)
[2023.01.03-20.34.34:697][137]LogModuleManager: Shutting down and abandoning module QuadricMeshReduction (153)
[2023.01.03-20.34.34:697][137]LogModuleManager: Shutting down and abandoning module MaterialBaking (149)
[2023.01.03-20.34.34:698][137]LogModuleManager: Shutting down and abandoning module DerivedDataCache (146)
[2023.01.03-20.34.35:160][137]LogDerivedDataCache: Shutdown
[2023.01.03-20.34.35:161][137]LogModuleManager: Shutting down and abandoning module TargetPlatform (144)
[2023.01.03-20.34.35:161][137]LogModuleManager: Shutting down and abandoning module VulkanShaderFormat (143)
[2023.01.03-20.34.35:161][137]LogModuleManager: Shutting down and abandoning module ShaderFormatVectorVM (141)
[2023.01.03-20.34.35:162][137]LogModuleManager: Shutting down and abandoning module ShaderFormatOpenGL (139)
[2023.01.03-20.34.35:162][137]LogModuleManager: Shutting down and abandoning module ShaderFormatD3D (137)
[2023.01.03-20.34.35:163][137]LogModuleManager: Shutting down and abandoning module MetalShaderFormat (135)
[2023.01.03-20.34.35:164][137]LogModuleManager: Shutting down and abandoning module TextureFormatUncompressed (133)
[2023.01.03-20.34.35:164][137]LogModuleManager: Shutting down and abandoning module TextureFormatPVR (131)
[2023.01.03-20.34.35:164][137]LogModuleManager: Shutting down and abandoning module TextureFormatDXT (129)
[2023.01.03-20.34.35:165][137]LogModuleManager: Shutting down and abandoning module TextureFormatIntelISPCTexComp (127)
[2023.01.03-20.34.35:165][137]LogModuleManager: Shutting down and abandoning module TextureFormatASTC (125)
[2023.01.03-20.34.35:165][137]LogModuleManager: Shutting down and abandoning module ImageWrapper (124)
[2023.01.03-20.34.35:165][137]LogModuleManager: Shutting down and abandoning module TextureFormatAndroid (121)
[2023.01.03-20.34.35:165][137]LogModuleManager: Shutting down and abandoning module AudioFormatOpus (119)
[2023.01.03-20.34.35:165][137]LogModuleManager: Shutting down and abandoning module AudioFormatOgg (117)
[2023.01.03-20.34.35:165][137]LogModuleManager: Shutting down and abandoning module AudioFormatADPCM (115)
[2023.01.03-20.34.35:165][137]LogModuleManager: Shutting down and abandoning module LinuxTargetPlatform (113)
[2023.01.03-20.34.35:165][137]LogModuleManager: Shutting down and abandoning module LinuxServerTargetPlatform (111)
[2023.01.03-20.34.35:165][137]LogModuleManager: Shutting down and abandoning module LinuxNoEditorTargetPlatform (109)
[2023.01.03-20.34.35:165][137]LogModuleManager: Shutting down and abandoning module LinuxClientTargetPlatform (107)
[2023.01.03-20.34.35:165][137]LogModuleManager: Shutting down and abandoning module TVOSTargetPlatform (105)
[2023.01.03-20.34.35:165][137]LogModuleManager: Shutting down and abandoning module Messaging (103)
[2023.01.03-20.34.35:165][137]LogModuleManager: Shutting down and abandoning module IOSTargetPlatform (101)
[2023.01.03-20.34.35:165][137]LogModuleManager: Shutting down and abandoning module HTML5TargetPlatform (99)
[2023.01.03-20.34.35:165][137]LogModuleManager: Shutting down and abandoning module AndroidTargetPlatform (97)
[2023.01.03-20.34.35:165][137]LogModuleManager: Shutting down and abandoning module Android_PVRTCTargetPlatform (95)
[2023.01.03-20.34.35:165][137]LogModuleManager: Shutting down and abandoning module Android_MultiTargetPlatform (93)
[2023.01.03-20.34.35:165][137]LogModuleManager: Shutting down and abandoning module Android_ETC2TargetPlatform (91)
[2023.01.03-20.34.35:165][137]LogModuleManager: Shutting down and abandoning module Android_ETC1TargetPlatform (89)
[2023.01.03-20.34.35:165][137]LogModuleManager: Shutting down and abandoning module Android_DXTTargetPlatform (87)
[2023.01.03-20.34.35:165][137]LogModuleManager: Shutting down and abandoning module Android_ATCTargetPlatform (85)
[2023.01.03-20.34.35:165][137]LogModuleManager: Shutting down and abandoning module Android_ASTCTargetPlatform (83)
[2023.01.03-20.34.35:165][137]LogModuleManager: Shutting down and abandoning module WindowsTargetPlatform (81)
[2023.01.03-20.34.35:165][137]LogModuleManager: Shutting down and abandoning module WindowsServerTargetPlatform (79)
[2023.01.03-20.34.35:165][137]LogModuleManager: Shutting down and abandoning module WindowsNoEditorTargetPlatform (77)
[2023.01.03-20.34.35:165][137]LogModuleManager: Shutting down and abandoning module WindowsClientTargetPlatform (75)
[2023.01.03-20.34.35:165][137]LogModuleManager: Shutting down and abandoning module MacTargetPlatform (73)
[2023.01.03-20.34.35:165][137]LogModuleManager: Shutting down and abandoning module MacServerTargetPlatform (71)
[2023.01.03-20.34.35:165][137]LogModuleManager: Shutting down and abandoning module MacNoEditorTargetPlatform (69)
[2023.01.03-20.34.35:166][137]LogModuleManager: Shutting down and abandoning module MacClientTargetPlatform (67)
[2023.01.03-20.34.35:166][137]LogModuleManager: Shutting down and abandoning module AllDesktopTargetPlatform (65)
[2023.01.03-20.34.35:166][137]LogModuleManager: Shutting down and abandoning module InputCore (62)
[2023.01.03-20.34.35:166][137]LogModuleManager: Shutting down and abandoning module Settings (60)
[2023.01.03-20.34.35:166][137]LogModuleManager: Shutting down and abandoning module PhysXCooking (58)
[2023.01.03-20.34.35:166][137]LogModuleManager: Shutting down and abandoning module TMFlightStick (56)
[2023.01.03-20.34.35:166][137]LogModuleManager: Shutting down and abandoning module CriWareRuntime (54)
[2023.01.03-20.34.35:166][137]LogModuleManager: Shutting down and abandoning module OculusHMD (52)
[2023.01.03-20.34.35:166][137]LogModuleManager: Shutting down and abandoning module ExampleDeviceProfileSelector (50)
[2023.01.03-20.34.35:166][137]LogModuleManager: Shutting down and abandoning module OnlineBlueprintSupport (48)
[2023.01.03-20.34.35:166][137]LogModuleManager: Shutting down and abandoning module OnlineSubsystem (44)
[2023.01.03-20.34.35:177][137]LogModuleManager: Shutting down and abandoning module XMPP (43)
[2023.01.03-20.34.35:179][137]LogModuleManager: Shutting down and abandoning module HTTP (41)
[2023.01.03-20.34.35:179][137]LogHttp: Display: Http module shutting down, but needs to wait on 1 outstanding Http requests:
[2023.01.03-20.34.35:179][137]LogHttp: Display: 	verb=[POST] url=[https://datarouter.ol.epicgames.com/datarouter/api/v1/public/data?SessionID=%7B6B955D16-43D5-C425-D828-DF941C22D4F9%7D&AppID=UEEditor.Rocket.Release&AppVersion=4.18.3-3832480%2B%2B%2BUE4%2BRelease-4.18&UserID=bb6505a14235a50658229eaf03fca05e%7C7bdf56354873435ba30cb74f50999318%7C2ea7aa79-c2e3-42a2-a0ec-cbc0ed4b735a&AppEnvironment=datacollector-binary&UploadType=eteventstream] status=Processing
[2023.01.03-20.34.35:202][137]LogModuleManager: Shutting down and abandoning module SSL (40)
[2023.01.03-20.34.35:204][137]LogModuleManager: Shutting down and abandoning module AnimationModifiers (36)
[2023.01.03-20.34.35:205][137]LogModuleManager: Shutting down and abandoning module PropertyEditor (35)
[2023.01.03-20.34.35:205][137]LogModuleManager: Shutting down and abandoning module AudioEditor (32)
[2023.01.03-20.34.35:206][137]LogModuleManager: Shutting down and abandoning module TextureCompressor (30)
[2023.01.03-20.34.35:208][137]LogModuleManager: Shutting down and abandoning module ShaderCore (28)
[2023.01.03-20.34.35:208][137]LogModuleManager: Shutting down and abandoning module Landscape (26)
[2023.01.03-20.34.35:208][137]LogModuleManager: Shutting down and abandoning module SlateRHIRenderer (24)
[2023.01.03-20.34.35:210][137]LogModuleManager: Shutting down and abandoning module OpenGLDrv (22)
[2023.01.03-20.34.35:211][137]LogModuleManager: Shutting down and abandoning module D3D11RHI (20)
[2023.01.03-20.34.35:211][137]LogModuleManager: Shutting down and abandoning module AnimGraphRuntime (18)
[2023.01.03-20.34.35:211][137]LogModuleManager: Shutting down and abandoning module Renderer (16)
[2023.01.03-20.34.35:211][137]LogModuleManager: Shutting down and abandoning module Engine (14)
[2023.01.03-20.34.35:212][137]LogModuleManager: Shutting down and abandoning module CoreUObject (12)
[2023.01.03-20.34.35:212][137]LogModuleManager: Shutting down and abandoning module NetworkFile (10)
[2023.01.03-20.34.35:212][137]LogModuleManager: Shutting down and abandoning module CookedIterativeFile (8)
[2023.01.03-20.34.35:212][137]LogModuleManager: Shutting down and abandoning module StreamingFile (6)
[2023.01.03-20.34.35:213][137]LogModuleManager: Shutting down and abandoning module SandboxFile (4)
[2023.01.03-20.34.35:213][137]LogModuleManager: Shutting down and abandoning module PakFile (2)
[2023.01.03-20.34.35:216][137]LogExit: Exiting.
[2023.01.03-20.34.35:231][137]Log file closed, 01/03/23 21:34:35
