Log file open, 01/03/23 22:05:11
LogWindows: Failed to load 'aqProf.dll' (GetLastError=126)
LogWindows: File 'aqProf.dll' does not exist
LogWindows: Failed to load 'VSPerf140.dll' (GetLastError=126)
LogWindows: File 'VSPerf140.dll' does not exist
LogWindows: Failed to load 'VtuneApi.dll' (GetLastError=126)
LogWindows: File 'VtuneApi.dll' does not exist
LogWindows: Failed to load 'VtuneApi32e.dll' (GetLastError=126)
LogWindows: File 'VtuneApi32e.dll' does not exist
LogInit: Display: Running engine for game: Nimbus
LogPlatformFile: Not using cached read wrapper
LogInit: Display: RandInit(-1205562432) SRandInit(-1205562432).
LogInit: Read version file with build ID '3709383'
LogInit: Overriding engine version to CL 3832480, compatible CL 3709383
LogInit: Registered custom module enumerator with build ID '3709383'
LogTaskGraph: Started task graph with 5 named threads and 14 total threads with 3 sets of task threads.
LogStats: Stats thread started at 0.170575
LogD3D11RHI: Aftermath initialized
LogPluginManager: Mounting plugin Paper2D
LogPluginManager: Mounting plugin LightPropagationVolume
LogPluginManager: Mounting plugin CodeLiteSourceCodeAccess
LogPluginManager: Mounting plugin GitSourceControl
LogPluginManager: Mounting plugin KDevelopSourceCodeAccess
LogPluginManager: Mounting plugin NullSourceCodeAccess
LogPluginManager: Mounting plugin PerforceSourceControl
LogPluginManager: Mounting plugin SubversionSourceControl
LogPluginManager: Mounting plugin UObjectPlugin
LogPluginManager: Mounting plugin VisualStudioCodeSourceCodeAccess
LogPluginManager: Mounting plugin VisualStudioSourceCodeAccess
LogPluginManager: Mounting plugin XCodeSourceCodeAccess
LogPluginManager: Mounting plugin AssetManagerEditor
LogPluginManager: Mounting plugin AudioCapture
LogPluginManager: Mounting plugin GameplayTagsEditor
LogPluginManager: Mounting plugin MobileLauncherProfileWizard
LogPluginManager: Mounting plugin PluginBrowser
LogPluginManager: Mounting plugin SpeedTreeImporter
LogPluginManager: Mounting plugin AlembicImporter
LogPluginManager: Mounting plugin CharacterAI
LogPluginManager: Mounting plugin HTML5Networking
LogPluginManager: Mounting plugin ImgMedia
LogPluginManager: Mounting plugin MediaCompositing
LogPluginManager: Mounting plugin MediaPlayerEditor
LogPluginManager: Mounting plugin TcpMessaging
LogPluginManager: Mounting plugin UdpMessaging
LogPluginManager: Mounting plugin ActorSequence
LogPluginManager: Mounting plugin LevelSequenceEditor
LogPluginManager: Mounting plugin MatineeToLevelSequence
LogPluginManager: Mounting plugin OnlineSubsystem
LogPluginManager: Mounting plugin OnlineSubsystemNull
LogPluginManager: Mounting plugin OnlineSubsystemSteam
LogPluginManager: Mounting plugin OnlineSubsystemUtils
LogPluginManager: Mounting plugin ArchVisCharacter
LogPluginManager: Mounting plugin CableComponent
LogPluginManager: Mounting plugin CustomMeshComponent
LogPluginManager: Mounting plugin ExampleDeviceProfileSelector
LogPluginManager: Mounting plugin ImmediatePhysics
LogPluginManager: Mounting plugin OculusVR
LogPluginManager: Plugin shader directory ../../../Engine/Plugins/Runtime/Oculus/OculusVR/Shaders found
LogPluginManager: Mapping shader source directory ../../../Engine/Plugins/Runtime/Oculus/OculusVR/Shaders to virtual directory /Plugin/OculusVR
LogPluginManager: Mounting plugin PhysXVehicles
LogPluginManager: Mounting plugin ProceduralMeshComponent
LogPluginManager: Mounting plugin RuntimePhysXCooking
LogPluginManager: Mounting plugin CustomKeyMouse
LogPluginManager: Mounting plugin CriWare
LogPluginManager: Mounting plugin TrueSkyPlugin
LogPluginManager: Mounting plugin Wwise
LogPluginManager: Mounting plugin TMFlightStick
LogModuleManager: Display: Found up-to-date module file E:/MODDING/_Ace Combat 7/_Template Project/_Templates/Nimbus-Template - Copie/Binaries/Win64/UE4Editor-Nimbus.dll (API version 3709383).
LogModuleManager: Display: Found up-to-date module file ../../../Engine/Plugins/2D/Paper2D/Binaries/Win64/UE4Editor-Paper2D.dll (API version 3709383).
LogModuleManager: Display: Found up-to-date module file ../../../Engine/Plugins/2D/Paper2D/Binaries/Win64/UE4Editor-Paper2DEditor.dll (API version 3709383).
LogModuleManager: Display: Found up-to-date module file ../../../Engine/Plugins/2D/Paper2D/Binaries/Win64/UE4Editor-PaperSpriteSheetImporter.dll (API version 3709383).
LogModuleManager: Display: Found up-to-date module file ../../../Engine/Plugins/2D/Paper2D/Binaries/Win64/UE4Editor-PaperTiledImporter.dll (API version 3709383).
LogModuleManager: Display: Found up-to-date module file ../../../Engine/Plugins/2D/Paper2D/Binaries/Win64/UE4Editor-SmartSnapping.dll (API version 3709383).
LogModuleManager: Display: Found up-to-date module file ../../../Engine/Plugins/Blendables/LightPropagationVolume/Binaries/Win64/UE4Editor-LightPropagationVolumeRuntime.dll (API version 3709383).
LogModuleManager: Display: Found up-to-date module file ../../../Engine/Plugins/Blendables/LightPropagationVolume/Binaries/Win64/UE4Editor-LightPropagationVolumeEditor.dll (API version 3709383).
LogModuleManager: Display: Found up-to-date module file ../../../Engine/Plugins/Developer/GitSourceControl/Binaries/Win64/UE4Editor-GitSourceControl.dll (API version 3709383).
LogModuleManager: Display: Found up-to-date module file ../../../Engine/Plugins/Developer/PerforceSourceControl/Binaries/Win64/UE4Editor-PerforceSourceControl.dll (API version 3709383).
LogModuleManager: Display: Found up-to-date module file ../../../Engine/Plugins/Developer/SubversionSourceControl/Binaries/Win64/UE4Editor-SubversionSourceControl.dll (API version 3709383).
LogModuleManager: Display: Found up-to-date module file ../../../Engine/Plugins/Developer/UObjectPlugin/Binaries/Win64/UE4Editor-UObjectPlugin.dll (API version 3709383).
LogModuleManager: Display: Found up-to-date module file ../../../Engine/Plugins/Developer/VisualStudioCodeSourceCodeAccess/Binaries/Win64/UE4Editor-VisualStudioCodeSourceCodeAccess.dll (API version 3709383).
LogModuleManager: Display: Found up-to-date module file ../../../Engine/Plugins/Developer/VisualStudioSourceCodeAccess/Binaries/Win64/UE4Editor-VisualStudioSourceCodeAccess.dll (API version 3709383).
LogModuleManager: Display: Found up-to-date module file ../../../Engine/Plugins/Editor/AssetManagerEditor/Binaries/Win64/UE4Editor-AssetManagerEditor.dll (API version 3709383).
LogModuleManager: Display: Found up-to-date module file ../../../Engine/Plugins/Editor/AudioCapture/Binaries/Win64/UE4Editor-AudioCapture.dll (API version 3709383).
LogModuleManager: Display: Found up-to-date module file ../../../Engine/Plugins/Editor/GameplayTagsEditor/Binaries/Win64/UE4Editor-GameplayTagsEditor.dll (API version 3709383).
LogModuleManager: Display: Found up-to-date module file ../../../Engine/Plugins/Editor/MobileLauncherProfileWizard/Binaries/Win64/UE4Editor-MobileLauncherProfileWizard.dll (API version 3709383).
LogModuleManager: Display: Found up-to-date module file ../../../Engine/Plugins/Editor/PluginBrowser/Binaries/Win64/UE4Editor-PluginBrowser.dll (API version 3709383).
LogModuleManager: Display: Found up-to-date module file ../../../Engine/Plugins/Editor/SpeedTreeImporter/Binaries/Win64/UE4Editor-SpeedTreeImporter.dll (API version 3709383).
LogModuleManager: Display: Found up-to-date module file ../../../Engine/Plugins/Experimental/AlembicImporter/Binaries/Win64/UE4Editor-AlembicImporter.dll (API version 3709383).
LogModuleManager: Display: Found up-to-date module file ../../../Engine/Plugins/Experimental/AlembicImporter/Binaries/Win64/UE4Editor-AlembicLibrary.dll (API version 3709383).
LogModuleManager: Display: Found up-to-date module file ../../../Engine/Plugins/Experimental/CharacterAI/Binaries/Win64/UE4Editor-CharacterAI.dll (API version 3709383).
LogModuleManager: Display: Found up-to-date module file ../../../Engine/Plugins/Experimental/HTML5Networking/Binaries/Win64/UE4Editor-HTML5Networking.dll (API version 3709383).
LogModuleManager: Display: Found up-to-date module file ../../../Engine/Plugins/Media/ImgMedia/Binaries/Win64/UE4Editor-ImgMedia.dll (API version 3709383).
LogModuleManager: Display: Found up-to-date module file ../../../Engine/Plugins/Media/ImgMedia/Binaries/Win64/UE4Editor-ImgMediaEditor.dll (API version 3709383).
LogModuleManager: Display: Found up-to-date module file ../../../Engine/Plugins/Media/ImgMedia/Binaries/Win64/UE4Editor-ImgMediaFactory.dll (API version 3709383).
LogModuleManager: Display: Found up-to-date module file ../../../Engine/Plugins/Media/ImgMedia/Binaries/Win64/UE4Editor-ImgMediaFactory.dll (API version 3709383).
LogModuleManager: Display: Found up-to-date module file ../../../Engine/Plugins/Media/ImgMedia/Binaries/Win64/UE4Editor-OpenExrWrapper.dll (API version 3709383).
LogModuleManager: Display: Found up-to-date module file ../../../Engine/Plugins/Media/MediaCompositing/Binaries/Win64/UE4Editor-MediaCompositing.dll (API version 3709383).
LogModuleManager: Display: Found up-to-date module file ../../../Engine/Plugins/Media/MediaCompositing/Binaries/Win64/UE4Editor-MediaCompositingEditor.dll (API version 3709383).
LogModuleManager: Display: Found up-to-date module file ../../../Engine/Plugins/Media/MediaPlayerEditor/Binaries/Win64/UE4Editor-MediaPlayerEditor.dll (API version 3709383).
LogModuleManager: Display: Found up-to-date module file ../../../Engine/Plugins/Messaging/TcpMessaging/Binaries/Win64/UE4Editor-TcpMessaging.dll (API version 3709383).
LogModuleManager: Display: Found up-to-date module file ../../../Engine/Plugins/Messaging/UdpMessaging/Binaries/Win64/UE4Editor-UdpMessaging.dll (API version 3709383).
LogModuleManager: Display: Found up-to-date module file ../../../Engine/Plugins/MovieScene/ActorSequence/Binaries/Win64/UE4Editor-ActorSequence.dll (API version 3709383).
LogModuleManager: Display: Found up-to-date module file ../../../Engine/Plugins/MovieScene/LevelSequenceEditor/Binaries/Win64/UE4Editor-LevelSequenceEditor.dll (API version 3709383).
LogModuleManager: Display: Found up-to-date module file ../../../Engine/Plugins/MovieScene/MatineeToLevelSequence/Binaries/Win64/UE4Editor-MatineeToLevelSequence.dll (API version 3709383).
LogModuleManager: Display: Found up-to-date module file ../../../Engine/Plugins/Online/OnlineSubsystem/Binaries/Win64/UE4Editor-OnlineSubsystem.dll (API version 3709383).
LogModuleManager: Display: Found up-to-date module file ../../../Engine/Plugins/Online/OnlineSubsystemNull/Binaries/Win64/UE4Editor-OnlineSubsystemNull.dll (API version 3709383).
LogModuleManager: Display: Found up-to-date module file ../../../Engine/Plugins/Online/OnlineSubsystemSteam/Binaries/Win64/UE4Editor-OnlineSubsystemSteam.dll (API version 3709383).
LogModuleManager: Display: Found up-to-date module file ../../../Engine/Plugins/Online/OnlineSubsystemUtils/Binaries/Win64/UE4Editor-OnlineSubsystemUtils.dll (API version 3709383).
LogModuleManager: Display: Found up-to-date module file ../../../Engine/Plugins/Online/OnlineSubsystemUtils/Binaries/Win64/UE4Editor-OnlineBlueprintSupport.dll (API version 3709383).
LogModuleManager: Display: Found up-to-date module file ../../../Engine/Plugins/Runtime/ArchVisCharacter/Binaries/Win64/UE4Editor-ArchVisCharacter.dll (API version 3709383).
LogModuleManager: Display: Found up-to-date module file ../../../Engine/Plugins/Runtime/CableComponent/Binaries/Win64/UE4Editor-CableComponent.dll (API version 3709383).
LogModuleManager: Display: Found up-to-date module file ../../../Engine/Plugins/Runtime/CustomMeshComponent/Binaries/Win64/UE4Editor-CustomMeshComponent.dll (API version 3709383).
LogModuleManager: Display: Found up-to-date module file ../../../Engine/Plugins/Runtime/ExampleDeviceProfileSelector/Binaries/Win64/UE4Editor-ExampleDeviceProfileSelector.dll (API version 3709383).
LogModuleManager: Display: Found up-to-date module file E:/MODDING/_Ace Combat 7/_Template Project/_Templates/Nimbus-Template - Copie/Plugins/EnginePlugins/Runtime/ImmediatePhysics/Binaries/Win64/UE4Editor-ImmediatePhysics.dll (API version 3709383).
LogModuleManager: Display: Found up-to-date module file ../../../Engine/Plugins/Runtime/Oculus/OculusVR/Binaries/Win64/UE4Editor-OculusHMD.dll (API version 3709383).
LogModuleManager: Display: Found up-to-date module file ../../../Engine/Plugins/Runtime/Oculus/OculusVR/Binaries/Win64/UE4Editor-OculusInput.dll (API version 3709383).
LogModuleManager: Display: Found up-to-date module file ../../../Engine/Plugins/Runtime/Oculus/OculusVR/Binaries/Win64/UE4Editor-OculusEditor.dll (API version 3709383).
LogModuleManager: Display: Found up-to-date module file ../../../Engine/Plugins/Runtime/PhysXVehicles/Binaries/Win64/UE4Editor-PhysXVehicles.dll (API version 3709383).
LogModuleManager: Display: Found up-to-date module file ../../../Engine/Plugins/Runtime/PhysXVehicles/Binaries/Win64/UE4Editor-PhysXVehiclesEditor.dll (API version 3709383).
LogModuleManager: Display: Found up-to-date module file ../../../Engine/Plugins/Runtime/ProceduralMeshComponent/Binaries/Win64/UE4Editor-ProceduralMeshComponent.dll (API version 3709383).
LogModuleManager: Display: Found up-to-date module file ../../../Engine/Plugins/Runtime/ProceduralMeshComponent/Binaries/Win64/UE4Editor-ProceduralMeshComponentEditor.dll (API version 3709383).
LogModuleManager: Display: Found up-to-date module file ../../../Engine/Plugins/Runtime/RuntimePhysXCooking/Binaries/Win64/UE4Editor-RuntimePhysXCooking.dll (API version 3709383).
LogModuleManager: Display: Found up-to-date module file E:/MODDING/_Ace Combat 7/_Template Project/_Templates/Nimbus-Template - Copie/Plugins/CustomKeyMouse/Binaries/Win64/UE4Editor-CustomKeyMouse.dll (API version 3709383).
LogModuleManager: Display: Found up-to-date module file E:/MODDING/_Ace Combat 7/_Template Project/_Templates/Nimbus-Template - Copie/Plugins/EnginePlugins/Runtime/CriWare/CriWare/Binaries/Win64/UE4Editor-CriWareRuntime.dll (API version 3709383).
LogModuleManager: Display: Found up-to-date module file E:/MODDING/_Ace Combat 7/_Template Project/_Templates/Nimbus-Template - Copie/Plugins/EnginePlugins/TrueSkyPlugin/Binaries/Win64/UE4Editor-TrueSkyPlugin.dll (API version 3709383).
LogModuleManager: Display: Found up-to-date module file E:/MODDING/_Ace Combat 7/_Template Project/_Templates/Nimbus-Template - Copie/Plugins/EnginePlugins/Wwise/Binaries/Win64/UE4Editor-AkAudio.dll (API version 3709383).
LogModuleManager: Display: Found up-to-date module file E:/MODDING/_Ace Combat 7/_Template Project/_Templates/Nimbus-Template - Copie/Plugins/TMFlightStick/Binaries/Win64/UE4Editor-TMFlightStick.dll (API version 3709383).
LogInit: Using libcurl 7.47.1
LogInit:  - built for x86_64-pc-win32
LogInit:  - supports SSL with OpenSSL/1.0.2g
LogInit:  - supports HTTP deflate (compression) using libz 1.2.8
LogInit:  - other features:
LogInit:      CURL_VERSION_SSL
LogInit:      CURL_VERSION_LIBZ
LogInit:      CURL_VERSION_IPV6
LogInit:      CURL_VERSION_ASYNCHDNS
LogInit:      CURL_VERSION_LARGEFILE
LogInit:      CURL_VERSION_IDN
LogInit:  CurlRequestOptions (configurable via config and command line):
LogInit:  - bVerifyPeer = false  - Libcurl will NOT verify peer certificate
LogInit:  - bUseHttpProxy = false  - Libcurl will NOT use HTTP proxy
LogInit:  - bDontReuseConnections = false  - Libcurl will reuse connections
LogInit:  - CertBundlePath = nullptr  - Libcurl will use whatever was configured at build time.
LogInit: Build: ++UE4+Release-4.18-CL-3832480
LogInit: Engine Version: 4.18.3-3832480+++UE4+Release-4.18
LogInit: Compatible Engine Version: 4.18.0-3709383+++UE4+Release-4.18
LogInit: Net CL: 3709383
LogDevObjectVersion: Number of dev versions registered: 16
LogDevObjectVersion:   Dev-Blueprints (B0D832E4-1F89-4F0D-ACCF-7EB736FD4AA2): 10
LogDevObjectVersion:   Dev-Build (E1C64328-A22C-4D53-A36C-8E866417BD8C): 0
LogDevObjectVersion:   Dev-Core (375EC13C-06E4-48FB-B500-84F0262A717E): 2
LogDevObjectVersion:   Dev-Editor (E4B068ED-F494-42E9-A231-DA0B2E46BB41): 20
LogDevObjectVersion:   Dev-Framework (CFFC743F-43B0-4480-9391-14DF171D2073): 30
LogDevObjectVersion:   Dev-Mobile (B02B49B5-BB20-44E9-A304-32B752E40360): 0
LogDevObjectVersion:   Dev-Networking (A4E4105C-59A1-49B5-A7C5-40C4547EDFEE): 0
LogDevObjectVersion:   Dev-Online (39C831C9-5AE6-47DC-9A44-9C173E1C8E7C): 0
LogDevObjectVersion:   Dev-Physics (78F01B33-EBEA-4F98-B9B4-84EACCB95AA2): 0
LogDevObjectVersion:   Dev-Platform (6631380F-2D4D-43E0-8009-CF276956A95A): 0
LogDevObjectVersion:   Dev-Rendering (12F88B9F-8875-4AFC-A67C-D90C383ABD29): 20
LogDevObjectVersion:   Dev-Sequencer (7B5AE74C-D270-4C10-A958-57980B212A5A): 4
LogDevObjectVersion:   Dev-VR (D7296918-1DD6-4BDD-9DE2-64A83CC13884): 0
LogDevObjectVersion:   Dev-LoadTimes (C2A15278-BFE7-4AFE-6C17-90FF531DF755): 1
LogDevObjectVersion:   Private-Geometry (6EACA3D4-40EC-4CC1-B786-8BED09428FC5): 1
LogDevObjectVersion:   Dev-AnimPhys (29E575DD-E0A3-4627-9D10-D276232CDCEA): 12
LogInit: Compiled (64-bit): Jan 12 2018 02:04:55
LogInit: Compiled with Visual C++: 19.00.24215.01
LogInit: Build Configuration: Development
LogInit: Branch Name: ++UE4+Release-4.18
LogInit: Command line:  
LogInit: Base directory: D:/Program Files/Epic Games/UE_4.18/Engine/Binaries/Win64/
LogInit: Installed Engine Build: 1
LogInit: Presizing for max 8388607 objects, including 0 objects not considered by GC, pre-allocating 0 bytes for permanent pool.
LogInit: Object subsystem initialized
[2023.01.03-21.05.12:961][  0]LogInit: Selected Device Profile: [Windows]
[2023.01.03-21.05.12:961][  0]LogInit: Applying CVar settings loaded from the selected device profile: [Windows]
[2023.01.03-21.05.12:971][  0]LogInit: Computer: DYLAN-PC
[2023.01.03-21.05.12:971][  0]LogInit: User: Dylan
[2023.01.03-21.05.12:971][  0]LogInit: CPU Page size=4096, Cores=4
[2023.01.03-21.05.12:971][  0]LogInit: High frequency timer resolution =3.328193 MHz
[2023.01.03-21.05.12:971][  0]LogMemory: Memory total: Physical=15.9GB (16GB approx)
[2023.01.03-21.05.12:971][  0]LogMemory: Platform Memory Stats for Windows
[2023.01.03-21.05.12:971][  0]LogMemory: Process Physical Memory: 279.14 MB used, 279.14 MB peak
[2023.01.03-21.05.12:971][  0]LogMemory: Process Virtual Memory: 278.62 MB used, 278.62 MB peak
[2023.01.03-21.05.12:971][  0]LogMemory: Physical Memory: 13632.90 MB used,  2680.71 MB free, 16313.61 MB total
[2023.01.03-21.05.12:971][  0]LogMemory: Virtual Memory: 642.83 MB used,  2680.71 MB free, 8388608.00 MB total
[2023.01.03-21.05.13:071][  0]LogInit: Using OS detected language (fr-FR).
[2023.01.03-21.05.13:071][  0]LogInit: Using OS detected locale (fr-FR).
[2023.01.03-21.05.13:074][  0]LogTextLocalizationManager: No localization for 'fr-FR' exists, so 'en' will be used for the language.
[2023.01.03-21.05.13:074][  0]LogTextLocalizationManager: No localization for 'fr-FR' exists, so 'en' will be used for the locale.
[2023.01.03-21.05.13:459][  0]LogWindows: Failed to load 'shcore.dll' (GetLastError=126)
[2023.01.03-21.05.13:459][  0]LogWindows: File 'shcore.dll' does not exist
[2023.01.03-21.05.13:459][  0]LogInit: Setting process to DPI aware
[2023.01.03-21.05.13:462][  0]LogWindows: Failed to load 'shcore.dll' (GetLastError=126)
[2023.01.03-21.05.13:462][  0]LogWindows: File 'shcore.dll' does not exist
[2023.01.03-21.05.13:462][  0]LogInit: Setting process to DPI aware
[2023.01.03-21.05.13:734][  0]LogD3D11RHI: D3D11 adapters:
[2023.01.03-21.05.13:774][  0]LogD3D11RHI:    0. 'NVIDIA GeForce GTX 970' (Feature Level 11_0)
[2023.01.03-21.05.13:774][  0]LogD3D11RHI:       3992/0/7900 MB DedicatedVideo/DedicatedSystem/SharedSystem, Outputs:1, VendorId:0x10de
[2023.01.03-21.05.13:774][  0]LogD3D11RHI: Chosen D3D11 Adapter: 0
[2023.01.03-21.05.13:781][  0]LogD3D11RHI: Creating new Direct3DDevice
[2023.01.03-21.05.13:781][  0]LogD3D11RHI:     GPU DeviceId: 0x13c2 (for the marketing name, search the web for "GPU Device Id")
[2023.01.03-21.05.13:781][  0]LogWindows: EnumDisplayDevices:
[2023.01.03-21.05.13:782][  0]LogWindows:    0. 'NVIDIA GeForce GTX 970' (P:1 D:1)
[2023.01.03-21.05.13:782][  0]LogWindows:    1. 'NVIDIA GeForce GTX 970' (P:0 D:0)
[2023.01.03-21.05.13:782][  0]LogWindows:    2. 'NVIDIA GeForce GTX 970' (P:0 D:0)
[2023.01.03-21.05.13:782][  0]LogWindows:    3. 'NVIDIA GeForce GTX 970' (P:0 D:0)
[2023.01.03-21.05.13:782][  0]LogWindows:    4. 'RDPDD Chained DD' (P:0 D:0)
[2023.01.03-21.05.13:782][  0]LogWindows:    5. 'RDP Encoder Mirror Driver' (P:0 D:0)
[2023.01.03-21.05.13:782][  0]LogWindows:    6. 'RDP Reflector Display Driver' (P:0 D:0)
[2023.01.03-21.05.13:783][  0]LogWindows: DebugString: GetVideoDriverDetailsInvalid PrimaryIsNotTheChoosenAdapter GetVideoDriverDetailsInvalid PrimaryIsNotTheChoosenAdapter GetVideoDriverDetailsInvalid PrimaryIsNotTheChoosenAdapter FoundDriverCount:4 
[2023.01.03-21.05.13:783][  0]LogD3D11RHI:     Adapter Name: NVIDIA GeForce GTX 970
[2023.01.03-21.05.13:783][  0]LogD3D11RHI:   Driver Version: 473.04 (internal:30.0.14.7304, unified:473.04)
[2023.01.03-21.05.13:783][  0]LogD3D11RHI:      Driver Date: 1-17-2022
[2023.01.03-21.05.13:783][  0]LogRHI: Texture pool is 2794 MB (70% of 3992 MB)
[2023.01.03-21.05.13:805][  0]LogD3D11RHI: Async texture creation enabled
[2023.01.03-21.05.13:825][  0]LogD3D11RHI: GPU Timing Frequency: 1000.000000 (Debug: 2 2)
[2023.01.03-21.05.13:826][  0]LogShaderCompilers: Guid format shader working directory is -32 characters bigger than the processId version (E:/MODDING/_Ace Combat 7/_Template Project/_Templates/Nimbus-Template - Copie/Intermediate/Shaders/WorkingDirectory/21852/).
[2023.01.03-21.05.13:826][  0]LogShaderCompilers: Cleaned the shader compiler working directory 'C:/Users/Dylan/AppData/Local/Temp/UnrealShaderWorkingDir/95E6D7D846703FC777A760B197997589/'.
[2023.01.03-21.05.13:826][  0]LogShaderCompilers: Display: Using Local Shader Compiler.
[2023.01.03-21.05.14:836][  0]LogTemp: Display: Loaded TP AllDesktopTargetPlatform
[2023.01.03-21.05.14:884][  0]LogTemp: Display: Loaded TP MacClientTargetPlatform
[2023.01.03-21.05.14:946][  0]LogTemp: Display: Loaded TP MacNoEditorTargetPlatform
[2023.01.03-21.05.14:997][  0]LogTemp: Display: Loaded TP MacServerTargetPlatform
[2023.01.03-21.05.15:046][  0]LogTemp: Display: Loaded TP MacTargetPlatform
[2023.01.03-21.05.15:100][  0]LogTemp: Display: Loaded TP WindowsClientTargetPlatform
[2023.01.03-21.05.15:149][  0]LogTemp: Display: Loaded TP WindowsNoEditorTargetPlatform
[2023.01.03-21.05.15:195][  0]LogTemp: Display: Loaded TP WindowsServerTargetPlatform
[2023.01.03-21.05.15:232][  0]LogTemp: Display: Loaded TP WindowsTargetPlatform
[2023.01.03-21.05.15:277][  0]LogTemp: Display: Loaded TP Android_ASTCTargetPlatform
[2023.01.03-21.05.15:322][  0]LogTemp: Display: Loaded TP Android_ATCTargetPlatform
[2023.01.03-21.05.15:367][  0]LogTemp: Display: Loaded TP Android_DXTTargetPlatform
[2023.01.03-21.05.15:412][  0]LogTemp: Display: Loaded TP Android_ETC1TargetPlatform
[2023.01.03-21.05.15:456][  0]LogTemp: Display: Loaded TP Android_ETC2TargetPlatform
[2023.01.03-21.05.15:554][  0]LogTemp: Display: Loaded TP Android_MultiTargetPlatform
[2023.01.03-21.05.15:554][  0]LogTemp: Display: Loaded TP Android_PVRTCTargetPlatform
[2023.01.03-21.05.15:598][  0]LogTemp: Display: Loaded TP AndroidTargetPlatform
[2023.01.03-21.05.15:630][  0]LogTemp: Display: Loaded TP HTML5TargetPlatform
[2023.01.03-21.05.15:705][  0]LogTemp: Display: Loaded TP IOSTargetPlatform
[2023.01.03-21.05.15:725][  0]LogTemp: Display: Loaded TP TVOSTargetPlatform
[2023.01.03-21.05.15:768][  0]LogTemp: Display: Loaded TP LinuxClientTargetPlatform
[2023.01.03-21.05.15:812][  0]LogTemp: Display: Loaded TP LinuxNoEditorTargetPlatform
[2023.01.03-21.05.15:854][  0]LogTemp: Display: Loaded TP LinuxServerTargetPlatform
[2023.01.03-21.05.15:900][  0]LogTemp: Display: Loaded TP LinuxTargetPlatform
[2023.01.03-21.05.15:900][  0]LogTargetPlatformManager: Display: Building Assets For Windows
[2023.01.03-21.05.16:221][  0]LogDerivedDataCache: Display: Max Cache Size: 512 MB
[2023.01.03-21.05.16:320][  0]LogDerivedDataCache: Loaded boot cache 0.10s 78MB C:/Users/Dylan/AppData/Local/UnrealEngine/4.18/DerivedDataCache/Boot.ddc.
[2023.01.03-21.05.16:320][  0]LogDerivedDataCache: Display: Loaded Boot cache: C:/Users/Dylan/AppData/Local/UnrealEngine/4.18/DerivedDataCache/Boot.ddc
[2023.01.03-21.05.16:320][  0]LogDerivedDataCache: FDerivedDataBackendGraph:  Pak pak cache file E:/MODDING/_Ace Combat 7/_Template Project/_Templates/Nimbus-Template - Copie/DerivedDataCache/DDC.ddp not found, will not use a pak cache.
[2023.01.03-21.05.16:320][  0]LogDerivedDataCache: Unable to find inner node Pak for hierarchical cache Hierarchy.
[2023.01.03-21.05.16:320][  0]LogDerivedDataCache: FDerivedDataBackendGraph:  CompressedPak pak cache file E:/MODDING/_Ace Combat 7/_Template Project/_Templates/Nimbus-Template - Copie/DerivedDataCache/Compressed.ddp not found, will not use a pak cache.
[2023.01.03-21.05.16:320][  0]LogDerivedDataCache: Unable to find inner node CompressedPak for hierarchical cache Hierarchy.
[2023.01.03-21.05.16:340][  0]LogDerivedDataCache: Display: Pak cache opened for reading ../../../Engine/DerivedDataCache/Compressed.ddp.
[2023.01.03-21.05.16:352][  0]LogDerivedDataCache: Using Local data cache path C:/Users/Dylan/AppData/Local/UnrealEngine/Common/DerivedDataCache: Writable
[2023.01.03-21.05.16:362][  0]LogMaterial: Verifying Global Shaders for PCD3D_SM5
[2023.01.03-21.05.16:362][  0]LogSlate: Using Freetype 2.6.0
[2023.01.03-21.05.16:362][  0]LogSlate: SlateFontCache - WITH_FREETYPE: 1, WITH_HARFBUZZ: 1
[2023.01.03-21.05.16:362][  0]LogSlate: SlateFontCache - WITH_FREETYPE: 1, WITH_HARFBUZZ: 1
[2023.01.03-21.05.16:717][  0]LogInit: Selected Device Profile: [Windows]
[2023.01.03-21.05.16:988][  0]LogSimplygon: Simplygon DLL not present - disabling.
[2023.01.03-21.05.17:029][  0]LogMeshReduction: Using SimplygonSwarm for distributed automatic mesh merging
[2023.01.03-21.05.17:029][  0]LogMeshReduction: Using QuadricMeshReduction for automatic static mesh reduction
[2023.01.03-21.05.17:029][  0]LogMeshReduction: No automatic skeletal mesh reduction module available
[2023.01.03-21.05.17:029][  0]LogMeshReduction: No automatic mesh merging module available
[2023.01.03-21.05.17:029][  0]LogMeshMerging: No automatic mesh merging module available
[2023.01.03-21.05.17:066][  0]LogNetVersion: Nimbus , NetCL: 3709383, EngineNetVer: 2, GameNetVer: 0 (Checksum: 1638500278)
[2023.01.03-21.05.17:233][  0]LogAssetRegistry: FAssetRegistry took 0.0235 seconds to start up
[2023.01.03-21.05.17:707][  0]LogPackageLocalizationCache: Processed 8 localized package path(s) for 1 prioritized culture(s) in 0.076525 seconds
[2023.01.03-21.05.17:713][  0]LogUObjectArray: 36201 objects as part of root set at end of initial load.
[2023.01.03-21.05.17:713][  0]LogUObjectAllocator: 7430776 out of 0 bytes used by permanent object pool.
[2023.01.03-21.05.17:713][  0]LogUObjectArray: CloseDisregardForGC: 0/0 objects in disregard for GC pool
[2023.01.03-21.05.17:742][  0]LogInit: WinSock: version 1.1 (2.2), MaxSocks=32767, MaxUdp=65467
[2023.01.03-21.05.20:054][  0]LogTcpMessaging: Initializing TcpMessaging bridge
[2023.01.03-21.05.20:100][  0]LogUdpMessaging: Initializing bridge on interface 0.0.0.0:0 to multicast group 230.0.0.1:6666.
[2023.01.03-21.05.23:882][  0]LogMaterial: Uniform references updated for custom material expression Custom.
[2023.01.03-21.05.24:255][  0]SourceControl: Source control is disabled
[2023.01.03-21.05.24:255][  0]SourceControl: Source control is disabled
[2023.01.03-21.05.24:302][  0]SourceControl: Source control is disabled
[2023.01.03-21.05.24:355][  0]SourceControl: Source control is disabled
[2023.01.03-21.05.25:087][  0]LogOnline: Display: STEAM: Loading Steam SDK 1.39
[2023.01.03-21.05.25:296][  0]LogOcInput: OculusInput pre-init called
[2023.01.03-21.05.25:492][  0]LogEngine: Initializing Engine...
[2023.01.03-21.05.25:709][  0]LogStats: UGameplayTagsManager::ConstructGameplayTagTree: Construct from data asset -  0.000 s
[2023.01.03-21.05.25:709][  0]LogStats: UGameplayTagsManager::ConstructGameplayTagTree: GameplayTagTreeChangedEvent.Broadcast -  0.000 s
[2023.01.03-21.05.25:823][  0]LogAIModule: Creating AISystem for world Untitled
[2023.01.03-21.05.25:840][  0]LogInit: XAudio2 using 'Haut-parleurs (Realtek High Definition Audio)' : 6 channels at 48 kHz using 32 bits per sample (channel mask 0x3f)
[2023.01.03-21.05.25:914][  0]LogInit: FAudioDevice initialized.
[2023.01.03-21.05.25:991][  0]LogDerivedDataCache: Saved boot cache 0.08s 76MB C:/Users/Dylan/AppData/Local/UnrealEngine/4.18/DerivedDataCache/Boot.ddc.
[2023.01.03-21.05.26:003][  0]LogInit: Texture streaming: Enabled
[2023.01.03-21.05.26:063][  0]LogEngineSessionManager: EngineSessionManager initialized
[2023.01.03-21.05.26:174][  0]LogInit: Transaction tracking system initialized
[2023.01.03-21.05.26:424][  0]BlueprintLog: New page: Editor Load
[2023.01.03-21.05.27:129][  0]LocalizationService: Localization service is disabled
[2023.01.03-21.05.27:747][  0]LogConsoleResponse: Display: 
[2023.01.03-21.05.27:889][  0]LogAutoReimportManager: Warning: Unable to watch directory E:/MODDING/_Ace Combat 7/_Template Project/_Templates/Nimbus-Template - Copie/Content/ as it doesn't exist.
[2023.01.03-21.05.27:889][  0]LogCook: Display: Max memory allowance for cook 16384mb min free memory 0mb
[2023.01.03-21.05.27:889][  0]LogCook: Display: Mobile HDR setting 1
[2023.01.03-21.05.27:889][  0]LogGameplayTags: Display: UGameplayTagsManager::DoneAddingNativeTags. DelegateIsBound: 0
[2023.01.03-21.05.28:683][  0]SourceControl: Source control is disabled
[2023.01.03-21.05.28:684][  0]Cmd: MAP LOAD FILE="../../../Engine/Content/Maps/Templates/Template_Default.umap" TEMPLATE=1 SHOWPROGRESS=1 FEATURELEVEL=3
[2023.01.03-21.05.28:684][  0]LightingResults: New page: Lighting Build
[2023.01.03-21.05.28:717][  0]MapCheck: New page: Map Check
[2023.01.03-21.05.28:717][  0]LightingResults: New page: Lighting Build
[2023.01.03-21.05.28:912][  0]LogSpawn: Warning: UWorld::DestroyActor: World has no context! World: Template_Default, Actor: /Temp/Untitled_1.Template_Default:PersistentLevel.WorldSettings_0
[2023.01.03-21.05.28:955][  0]LogAIModule: Creating AISystem for world Untitled_1
[2023.01.03-21.05.28:961][  0]LogEditorServer: Finished looking for orphan Actors (0.000 secs)
[2023.01.03-21.05.28:972][  0]Cmd: MAP CHECKDEP NOCLEARLOG
[2023.01.03-21.05.29:016][  0]MapCheck: Map check complete: 0 Error(s), 0 Warning(s), took 44.203ms to complete.
[2023.01.03-21.05.29:016][  0]LogFileHelpers: Loading map 'Template_Default' took 0.333
[2023.01.03-21.05.29:483][  0]LogCollectionManager: Loaded 0 collections in 0.001728 seconds
[2023.01.03-21.05.29:598][  0]LogFileCache: Scanning file cache for directory 'E:/MODDING/_Ace Combat 7/_Template Project/_Templates/Nimbus-Template - Copie/Saved/Collections/' took 0.01s
[2023.01.03-21.05.29:598][  0]LogFileCache: Scanning file cache for directory 'E:/MODDING/_Ace Combat 7/_Template Project/_Templates/Nimbus-Template - Copie/Content/Developers/Dylan/Collections/' took 0.01s
[2023.01.03-21.05.29:598][  0]LogFileCache: Scanning file cache for directory 'E:/MODDING/_Ace Combat 7/_Template Project/_Templates/Nimbus-Template - Copie/Content/Collections/' took 0.01s
[2023.01.03-21.05.29:598][  0]LogCollectionManager: Rebuilt the GUID cache for 0 collections in 0.000001 seconds
[2023.01.03-21.05.29:617][  0]LogContentBrowser: Native class hierarchy populated in 0.0190 seconds. Added 3181 classes and 497 folders.
[2023.01.03-21.05.29:683][  0]LogContentBrowser: Native class hierarchy updated for 'WidgetCarousel' in 0.0085 seconds. Added 0 classes and 0 folders.
[2023.01.03-21.05.29:748][  0]LogContentBrowser: Native class hierarchy updated for 'AddContentDialog' in 0.0068 seconds. Added 0 classes and 0 folders.
[2023.01.03-21.05.29:799][  0]LogContentBrowser: Native class hierarchy updated for 'SceneOutliner' in 0.0082 seconds. Added 1 classes and 2 folders.
[2023.01.03-21.05.29:887][  0]LogSlate: Took 0.000363 seconds to synchronously load lazily loaded font '../../../Engine/Content/Slate/Fonts/Roboto-Regular.ttf' (155K)
[2023.01.03-21.05.29:889][  0]LogSlate: Took 0.000273 seconds to synchronously load lazily loaded font '../../../Engine/Content/Slate/Fonts/Roboto-Bold.ttf' (160K)
[2023.01.03-21.05.29:894][  0]LogSlate: Took 0.000218 seconds to synchronously load lazily loaded font '../../../Engine/Content/Editor/Slate/Fonts/FontAwesome.ttf' (139K)
[2023.01.03-21.05.29:994][  0]LogRenderer: Reallocating scene render targets to support 1192x576 Format 10 NumSamples 1 (Frame:1).
[2023.01.03-21.05.30:244][  0]LogContentBrowser: Native class hierarchy updated for 'HierarchicalLODOutliner' in 0.0064 seconds. Added 1 classes and 2 folders.
[2023.01.03-21.05.30:244][  0]LogLoad: (Engine Initialization) Total time: 19.75 seconds
[2023.01.03-21.05.30:244][  0]LogLoad: (Engine Initialization) Total Blueprint compile time: 0.00 seconds
[2023.01.03-21.05.30:244][  0]LogExternalProfiler: No external profilers were discovered.  External profiling features will not be available.
[2023.01.03-21.05.30:267][  0]LogContentStreaming: Texture pool size now 1000 MB
[2023.01.03-21.05.57:742][282]LogAssetRegistry: Asset discovery search completed in 40.5285 seconds
[2023.01.03-21.05.57:744][282]LogCollectionManager: Rebuilt the object cache for 0 collections in 0.000000 seconds (found 0 objects)
[2023.01.03-21.05.57:744][282]LogCollectionManager: Fixed up redirectors for 0 collections in 0.000048 seconds (updated 0 objects)
[2023.01.03-21.06.00:961][653]LogWindowsTextInputMethodSystem: Display: IME system now deactivated.
[2023.01.03-21.06.01:111][654]Cmd: QUIT_EDITOR
[2023.01.03-21.06.01:142][654]LogExit: Preparing to exit.
[2023.01.03-21.06.02:213][654]LogExit: Editor shut down
[2023.01.03-21.06.02:215][654]LogExit: Transaction tracking system shut down
[2023.01.03-21.06.02:330][654]LogDirectoryWatcher: A directory notification for '../../../Engine/Content/' was aborted.
[2023.01.03-21.06.02:330][654]LogDirectoryWatcher: A directory notification for '../../../Engine/Plugins/2D/Paper2D/Content/' was aborted.
[2023.01.03-21.06.02:330][654]LogDirectoryWatcher: A directory notification for '../../../Engine/Plugins/Media/MediaCompositing/Content/' was aborted.
[2023.01.03-21.06.02:330][654]LogDirectoryWatcher: A directory notification for '../../../Engine/Plugins/Runtime/Oculus/OculusVR/Content/' was aborted.
[2023.01.03-21.06.02:429][654]LogExit: Object subsystem successfully closed.
[2023.01.03-21.06.02:446][654]LogD3D11RHI: Shutdown
[2023.01.03-21.06.02:446][654]LogD3D11RHI: CleanupD3DDevice
[2023.01.03-21.06.02:447][654]LogD3D11RHI: ~FD3D11DynamicRHI
[2023.01.03-21.06.02:460][654]LogModuleManager: Shutting down and abandoning module HierarchicalLODOutliner (528)
[2023.01.03-21.06.02:460][654]LogModuleManager: Shutting down and abandoning module DesktopPlatform (526)
[2023.01.03-21.06.02:460][654]LogModuleManager: Shutting down and abandoning module SceneOutliner (524)
[2023.01.03-21.06.02:460][654]LogModuleManager: Shutting down and abandoning module AddContentDialog (522)
[2023.01.03-21.06.02:460][654]LogDirectoryWatcher: A directory notification for 'D:/Program Files/Epic Games/UE_4.18/FeaturePacks/' was aborted.
[2023.01.03-21.06.02:461][654]LogModuleManager: Shutting down and abandoning module WidgetCarousel (521)
[2023.01.03-21.06.02:461][654]LogModuleManager: Shutting down and abandoning module EditorWidgets (518)
[2023.01.03-21.06.02:461][654]LogModuleManager: Shutting down and abandoning module CollectionManager (516)
[2023.01.03-21.06.02:461][654]LogDirectoryWatcher: A directory notification for 'E:/MODDING/_Ace Combat 7/_Template Project/_Templates/Nimbus-Template - Copie/Content/Collections/' was aborted.
[2023.01.03-21.06.02:462][654]LogDirectoryWatcher: A directory notification for 'E:/MODDING/_Ace Combat 7/_Template Project/_Templates/Nimbus-Template - Copie/Content/Developers/Dylan/Collections/' was aborted.
[2023.01.03-21.06.02:462][654]LogDirectoryWatcher: A directory notification for 'E:/MODDING/_Ace Combat 7/_Template Project/_Templates/Nimbus-Template - Copie/Saved/Collections/' was aborted.
[2023.01.03-21.06.02:462][654]LogModuleManager: Shutting down and abandoning module HierarchicalLODUtilities (514)
[2023.01.03-21.06.02:462][654]LogModuleManager: Shutting down and abandoning module StatsViewer (512)
[2023.01.03-21.06.02:462][654]LogModuleManager: Shutting down and abandoning module FoliageEdit (510)
[2023.01.03-21.06.02:462][654]LogModuleManager: Shutting down and abandoning module LandscapeEditor (508)
[2023.01.03-21.06.02:463][654]LogModuleManager: Shutting down and abandoning module MeshPaintMode (506)
[2023.01.03-21.06.02:463][654]LogModuleManager: Shutting down and abandoning module SceneDepthPickerMode (504)
[2023.01.03-21.06.02:463][654]LogModuleManager: Shutting down and abandoning module ActorPickerMode (502)
[2023.01.03-21.06.02:463][654]LogModuleManager: Shutting down and abandoning module GeometryMode (500)
[2023.01.03-21.06.02:463][654]LogModuleManager: Shutting down and abandoning module TextureAlignMode (498)
[2023.01.03-21.06.02:463][654]LogModuleManager: Shutting down and abandoning module BspMode (496)
[2023.01.03-21.06.02:463][654]LogModuleManager: Shutting down and abandoning module PIEPreviewDeviceProfileSelector (494)
[2023.01.03-21.06.02:463][654]LogModuleManager: Shutting down and abandoning module HardwareSurvey (492)
[2023.01.03-21.06.02:463][654]LogModuleManager: Shutting down and abandoning module SequenceRecorderSections (490)
[2023.01.03-21.06.02:463][654]LogModuleManager: Shutting down and abandoning module AutomationWorker (488)
[2023.01.03-21.06.02:463][654]LogModuleManager: Shutting down and abandoning module MatineeToLevelSequence (486)
[2023.01.03-21.06.02:463][654]LogModuleManager: Shutting down and abandoning module LevelSequenceEditor (484)
[2023.01.03-21.06.02:463][654]LogModuleManager: Shutting down and abandoning module PlacementMode (483)
[2023.01.03-21.06.02:463][654]LogModuleManager: Shutting down and abandoning module OpenExrWrapper (480)
[2023.01.03-21.06.02:463][654]LogModuleManager: Shutting down and abandoning module ImgMediaFactory (478)
[2023.01.03-21.06.02:463][654]LogModuleManager: Shutting down and abandoning module ImgMediaEditor (476)
[2023.01.03-21.06.02:463][654]LogModuleManager: Shutting down and abandoning module CharacterAI (474)
[2023.01.03-21.06.02:463][654]LogModuleManager: Shutting down and abandoning module AudioCapture (472)
[2023.01.03-21.06.02:463][654]LogModuleManager: Shutting down and abandoning module SequenceRecorder (471)
[2023.01.03-21.06.02:463][654]LogModuleManager: Shutting down and abandoning module SmartSnapping (468)
[2023.01.03-21.06.02:463][654]LogModuleManager: Shutting down and abandoning module SessionServices (466)
[2023.01.03-21.06.02:463][654]LogModuleManager: Shutting down and abandoning module ViewportSnapping (464)
[2023.01.03-21.06.02:463][654]LogModuleManager: Shutting down and abandoning module ViewportInteraction (462)
[2023.01.03-21.06.02:463][654]LogModuleManager: Shutting down and abandoning module ClothPainter (460)
[2023.01.03-21.06.02:463][654]LogModuleManager: Shutting down and abandoning module SkeletalMeshEditor (459)
[2023.01.03-21.06.02:463][654]LogModuleManager: Shutting down and abandoning module LogVisualizer (456)
[2023.01.03-21.06.02:464][654]LogModuleManager: Shutting down and abandoning module IntroTutorials (454)
[2023.01.03-21.06.02:464][654]LogModuleManager: Shutting down and abandoning module GameProjectGeneration (453)
[2023.01.03-21.06.02:464][654]LogModuleManager: Shutting down and abandoning module IOSPlatformEditor (450)
[2023.01.03-21.06.02:464][654]LogModuleManager: Shutting down and abandoning module HTML5PlatformEditor (448)
[2023.01.03-21.06.02:464][654]LogModuleManager: Shutting down and abandoning module AndroidPlatformEditor (446)
[2023.01.03-21.06.02:464][654]LogModuleManager: Shutting down and abandoning module AndroidDeviceDetection (445)
[2023.01.03-21.06.03:428][654]LogModuleManager: Shutting down and abandoning module WindowsPlatformEditor (442)
[2023.01.03-21.06.03:428][654]LogModuleManager: Shutting down and abandoning module IOSRuntimeSettings (440)
[2023.01.03-21.06.03:428][654]LogModuleManager: Shutting down and abandoning module AndroidRuntimeSettings (438)
[2023.01.03-21.06.03:428][654]LogModuleManager: Shutting down and abandoning module InputBindingEditor (436)
[2023.01.03-21.06.03:428][654]LogModuleManager: Shutting down and abandoning module MergeActors (434)
[2023.01.03-21.06.03:428][654]LogModuleManager: Shutting down and abandoning module SizeMap (432)
[2023.01.03-21.06.03:428][654]LogModuleManager: Shutting down and abandoning module TreeMap (430)
[2023.01.03-21.06.03:428][654]LogModuleManager: Shutting down and abandoning module ReferenceViewer (428)
[2023.01.03-21.06.03:428][654]LogModuleManager: Shutting down and abandoning module LocalizationDashboard (426)
[2023.01.03-21.06.03:428][654]LogModuleManager: Shutting down and abandoning module LocalizationService (425)
[2023.01.03-21.06.03:428][654]LogModuleManager: Shutting down and abandoning module HardwareTargeting (422)
[2023.01.03-21.06.03:428][654]LogModuleManager: Shutting down and abandoning module DeviceProfileEditor (420)
[2023.01.03-21.06.03:428][654]LogModuleManager: Shutting down and abandoning module UndoHistory (418)
[2023.01.03-21.06.03:428][654]LogModuleManager: Shutting down and abandoning module XmlParser (416)
[2023.01.03-21.06.03:428][654]LogModuleManager: Shutting down and abandoning module Blutility (414)
[2023.01.03-21.06.03:428][654]LogModuleManager: Shutting down and abandoning module ProjectSettingsViewer (412)
[2023.01.03-21.06.03:428][654]LogModuleManager: Shutting down and abandoning module ProjectTargetPlatformEditor (411)
[2023.01.03-21.06.03:428][654]LogModuleManager: Shutting down and abandoning module EditorSettingsViewer (408)
[2023.01.03-21.06.03:428][654]LogModuleManager: Shutting down and abandoning module SettingsEditor (406)
[2023.01.03-21.06.03:428][654]LogModuleManager: Shutting down and abandoning module ProjectLauncher (404)
[2023.01.03-21.06.03:429][654]LogModuleManager: Shutting down and abandoning module SessionFrontend (402)
[2023.01.03-21.06.03:429][654]LogModuleManager: Shutting down and abandoning module ProfilerClient (400)
[2023.01.03-21.06.03:429][654]LogModuleManager: Shutting down and abandoning module DeviceManager (398)
[2023.01.03-21.06.03:429][654]LogModuleManager: Shutting down and abandoning module TargetDeviceServices (397)
[2023.01.03-21.06.03:459][654]LogModuleManager: Shutting down and abandoning module AutomationController (394)
[2023.01.03-21.06.03:459][654]LogModuleManager: Shutting down and abandoning module AutomationWindow (392)
[2023.01.03-21.06.03:459][654]LogModuleManager: Shutting down and abandoning module Layers (390)
[2023.01.03-21.06.03:459][654]LogModuleManager: Shutting down and abandoning module ComponentVisualizers (388)
[2023.01.03-21.06.03:459][654]LogModuleManager: Shutting down and abandoning module DetailCustomizations (386)
[2023.01.03-21.06.03:459][654]LogModuleManager: Shutting down and abandoning module PackagesDialog (384)
[2023.01.03-21.06.03:459][654]LogModuleManager: Shutting down and abandoning module Persona (382)
[2023.01.03-21.06.03:459][654]LogModuleManager: Shutting down and abandoning module AdvancedPreviewScene (381)
[2023.01.03-21.06.03:459][654]LogModuleManager: Shutting down and abandoning module AnimGraph (379)
[2023.01.03-21.06.03:459][654]LogModuleManager: Shutting down and abandoning module Kismet (376)
[2023.01.03-21.06.03:459][654]LogModuleManager: Shutting down and abandoning module ClassViewer (374)
[2023.01.03-21.06.03:459][654]LogModuleManager: Shutting down and abandoning module Toolbox (372)
[2023.01.03-21.06.03:459][654]LogModuleManager: Shutting down and abandoning module ModuleUI (370)
[2023.01.03-21.06.03:459][654]LogModuleManager: Shutting down and abandoning module MovieSceneTools (368)
[2023.01.03-21.06.03:460][654]LogModuleManager: Shutting down and abandoning module OutputLog (366)
[2023.01.03-21.06.03:460][654]LogModuleManager: Shutting down and abandoning module GammaUI (364)
[2023.01.03-21.06.03:460][654]LogModuleManager: Shutting down and abandoning module Documentation (362)
[2023.01.03-21.06.03:460][654]LogModuleManager: Shutting down and abandoning module MovieSceneTracks (360)
[2023.01.03-21.06.03:460][654]LogModuleManager: Shutting down and abandoning module MovieScene (358)
[2023.01.03-21.06.03:460][654]LogModuleManager: Shutting down and abandoning module StreamingPauseRendering (356)
[2023.01.03-21.06.03:460][654]LogModuleManager: Shutting down and abandoning module LauncherPlatform (354)
[2023.01.03-21.06.03:460][654]LogModuleManager: Shutting down and abandoning module AnalyticsET (352)
[2023.01.03-21.06.03:460][654]LogModuleManager: Shutting down and abandoning module PortalServices (350)
[2023.01.03-21.06.03:460][654]LogModuleManager: Shutting down and abandoning module PortalRpc (348)
[2023.01.03-21.06.03:460][654]LogModuleManager: Shutting down and abandoning module MessagingRpc (346)
[2023.01.03-21.06.03:460][654]LogModuleManager: Shutting down and abandoning module AIModule (344)
[2023.01.03-21.06.03:460][654]LogModuleManager: Shutting down and abandoning module GameplayDebugger (343)
[2023.01.03-21.06.03:460][654]LogModuleManager: Shutting down and abandoning module AITestSuite (341)
[2023.01.03-21.06.03:460][654]LogModuleManager: Shutting down and abandoning module ProfilerService (338)
[2023.01.03-21.06.03:695][654]LogModuleManager: Shutting down and abandoning module TaskGraph (336)
[2023.01.03-21.06.03:695][654]LogModuleManager: Shutting down and abandoning module ProceduralMeshComponentEditor (334)
[2023.01.03-21.06.03:695][654]LogModuleManager: Shutting down and abandoning module ProceduralMeshComponent (332)
[2023.01.03-21.06.03:695][654]LogModuleManager: Shutting down and abandoning module OculusInput (330)
[2023.01.03-21.06.03:695][654]LogModuleManager: Shutting down and abandoning module CustomMeshComponent (328)
[2023.01.03-21.06.03:695][654]LogModuleManager: Shutting down and abandoning module CableComponent (326)
[2023.01.03-21.06.03:695][654]LogModuleManager: Shutting down and abandoning module ArchVisCharacter (324)
[2023.01.03-21.06.03:695][654]LogModuleManager: Shutting down and abandoning module ActorSequence (318)
[2023.01.03-21.06.03:695][654]LogModuleManager: Shutting down and abandoning module MediaPlayerEditor (316)
[2023.01.03-21.06.03:695][654]LogModuleManager: Shutting down and abandoning module MediaCompositingEditor (314)
[2023.01.03-21.06.03:695][654]LogModuleManager: Shutting down and abandoning module MediaCompositing (312)
[2023.01.03-21.06.03:695][654]LogModuleManager: Shutting down and abandoning module HTML5Networking (310)
[2023.01.03-21.06.03:695][654]LogModuleManager: Shutting down and abandoning module AlembicImporter (308)
[2023.01.03-21.06.03:695][654]LogModuleManager: Shutting down and abandoning module AlembicLibrary (307)
[2023.01.03-21.06.03:695][654]LogModuleManager: Shutting down and abandoning module GeometryCache (306)
[2023.01.03-21.06.03:695][654]LogModuleManager: Shutting down and abandoning module GeometryCacheEd (305)
[2023.01.03-21.06.03:695][654]LogModuleManager: Shutting down and abandoning module SpeedTreeImporter (300)
[2023.01.03-21.06.03:695][654]LogModuleManager: Shutting down and abandoning module PluginBrowser (298)
[2023.01.03-21.06.03:695][654]LogModuleManager: Shutting down and abandoning module MobileLauncherProfileWizard (296)
[2023.01.03-21.06.03:695][654]LogModuleManager: Shutting down and abandoning module VisualStudioSourceCodeAccess (294)
[2023.01.03-21.06.03:695][654]LogModuleManager: Shutting down and abandoning module VisualStudioCodeSourceCodeAccess (292)
[2023.01.03-21.06.03:695][654]LogModuleManager: Shutting down and abandoning module UObjectPlugin (290)
[2023.01.03-21.06.03:695][654]LogModuleManager: Shutting down and abandoning module SubversionSourceControl (288)
[2023.01.03-21.06.03:695][654]LogModuleManager: Shutting down and abandoning module PerforceSourceControl (286)
[2023.01.03-21.06.03:695][654]LogModuleManager: Shutting down and abandoning module GitSourceControl (284)
[2023.01.03-21.06.03:695][654]LogModuleManager: Shutting down and abandoning module SourceControl (283)
[2023.01.03-21.06.03:696][654]LogModuleManager: Shutting down and abandoning module LightPropagationVolumeEditor (280)
[2023.01.03-21.06.03:696][654]LogModuleManager: Shutting down and abandoning module PaperTiledImporter (278)
[2023.01.03-21.06.03:696][654]LogModuleManager: Shutting down and abandoning module PaperSpriteSheetImporter (276)
[2023.01.03-21.06.03:696][654]LogModuleManager: Shutting down and abandoning module Paper2DEditor (274)
[2023.01.03-21.06.03:696][654]LogModuleManager: Shutting down and abandoning module MeshPaint (273)
[2023.01.03-21.06.03:696][654]LogModuleManager: Shutting down and abandoning module LevelEditor (271)
[2023.01.03-21.06.03:696][654]LogModuleManager: Shutting down and abandoning module PixelInspectorModule (270)
[2023.01.03-21.06.03:696][654]LogModuleManager: Shutting down and abandoning module MainFrame (268)
[2023.01.03-21.06.03:696][654]LogModuleManager: Shutting down and abandoning module HotReload (267)
[2023.01.03-21.06.03:696][654]LogDirectoryWatcher: A directory notification for 'E:/MODDING/_Ace Combat 7/_Template Project/_Templates/Nimbus-Template - Copie/Binaries/Win64' was aborted.
[2023.01.03-21.06.03:696][654]LogDirectoryWatcher: A directory notification for 'E:/MODDING/_Ace Combat 7/_Template Project/_Templates/Nimbus-Template - Copie/Plugins/EnginePlugins/Runtime/ImmediatePhysics/Binaries/Win64' was aborted.
[2023.01.03-21.06.03:696][654]LogDirectoryWatcher: A directory notification for 'E:/MODDING/_Ace Combat 7/_Template Project/_Templates/Nimbus-Template - Copie/Plugins/CustomKeyMouse/Binaries/Win64' was aborted.
[2023.01.03-21.06.03:697][654]LogDirectoryWatcher: A directory notification for 'E:/MODDING/_Ace Combat 7/_Template Project/_Templates/Nimbus-Template - Copie/Plugins/EnginePlugins/Runtime/CriWare/CriWare/Binaries/Win64' was aborted.
[2023.01.03-21.06.03:697][654]LogDirectoryWatcher: A directory notification for 'E:/MODDING/_Ace Combat 7/_Template Project/_Templates/Nimbus-Template - Copie/Plugins/EnginePlugins/TrueSkyPlugin/Binaries/Win64' was aborted.
[2023.01.03-21.06.03:697][654]LogDirectoryWatcher: A directory notification for 'E:/MODDING/_Ace Combat 7/_Template Project/_Templates/Nimbus-Template - Copie/Plugins/EnginePlugins/Wwise/Binaries/Win64' was aborted.
[2023.01.03-21.06.03:697][654]LogDirectoryWatcher: A directory notification for 'E:/MODDING/_Ace Combat 7/_Template Project/_Templates/Nimbus-Template - Copie/Plugins/TMFlightStick/Binaries/Win64' was aborted.
[2023.01.03-21.06.03:697][654]LogModuleManager: Shutting down and abandoning module Nimbus (262)
[2023.01.03-21.06.03:697][654]LogModuleManager: Shutting down and abandoning module AkAudio (260)
[2023.01.03-21.06.03:697][654]LogModuleManager: Shutting down and abandoning module TrueSkyPlugin (258)
[2023.01.03-21.06.03:697][654]LogModuleManager: Shutting down and abandoning module CustomKeyMouse (256)
[2023.01.03-21.06.03:697][654]LogModuleManager: Shutting down and abandoning module RuntimePhysXCooking (254)
[2023.01.03-21.06.03:697][654]LogModuleManager: Shutting down and abandoning module PhysXVehiclesEditor (252)
[2023.01.03-21.06.03:697][654]LogModuleManager: Shutting down and abandoning module PhysXVehicles (250)
[2023.01.03-21.06.03:697][654]LogModuleManager: Shutting down and abandoning module OculusEditor (248)
[2023.01.03-21.06.03:697][654]LogModuleManager: Shutting down and abandoning module ImmediatePhysics (246)
[2023.01.03-21.06.03:697][654]LogModuleManager: Shutting down and abandoning module UdpMessaging (244)
[2023.01.03-21.06.03:797][654]LogModuleManager: Shutting down and abandoning module TcpMessaging (242)
[2023.01.03-21.06.03:897][654]LogModuleManager: Shutting down and abandoning module GameplayTagsEditor (240)
[2023.01.03-21.06.03:897][654]LogModuleManager: Shutting down and abandoning module AssetManagerEditor (238)
[2023.01.03-21.06.03:897][654]LogModuleManager: Shutting down and abandoning module GraphEditor (237)
[2023.01.03-21.06.03:897][654]LogModuleManager: Shutting down and abandoning module ContentBrowser (235)
[2023.01.03-21.06.03:897][654]LogModuleManager: Shutting down and abandoning module LightPropagationVolumeRuntime (232)
[2023.01.03-21.06.03:897][654]LogModuleManager: Shutting down and abandoning module Paper2D (230)
[2023.01.03-21.06.03:898][654]LogModuleManager: Shutting down and abandoning module ImgMedia (228)
[2023.01.03-21.06.03:898][654]LogModuleManager: Shutting down and abandoning module PacketHandler (226)
[2023.01.03-21.06.03:898][654]LogModuleManager: Shutting down and abandoning module ClothingSystemEditor (224)
[2023.01.03-21.06.03:898][654]LogModuleManager: Shutting down and abandoning module ClothingSystemRuntime (222)
[2023.01.03-21.06.03:898][654]LogModuleManager: Shutting down and abandoning module MediaAssets (220)
[2023.01.03-21.06.03:898][654]LogModuleManager: Shutting down and abandoning module Media (219)
[2023.01.03-21.06.03:903][654]LogModuleManager: Shutting down and abandoning module Overlay (216)
[2023.01.03-21.06.03:903][654]LogModuleManager: Shutting down and abandoning module OverlayEditor (215)
[2023.01.03-21.06.03:903][654]LogModuleManager: Shutting down and abandoning module VREditor (212)
[2023.01.03-21.06.03:903][654]LogModuleManager: Shutting down and abandoning module StringTableEditor (210)
[2023.01.03-21.06.03:903][654]LogModuleManager: Shutting down and abandoning module GameplayTasksEditor (208)
[2023.01.03-21.06.03:903][654]LogModuleManager: Shutting down and abandoning module BehaviorTreeEditor (206)
[2023.01.03-21.06.03:903][654]LogModuleManager: Shutting down and abandoning module FunctionalTesting (204)
[2023.01.03-21.06.03:903][654]LogModuleManager: Shutting down and abandoning module CollisionAnalyzer (202)
[2023.01.03-21.06.03:903][654]LogModuleManager: Shutting down and abandoning module WorkspaceMenuStructure (201)
[2023.01.03-21.06.03:903][654]LogModuleManager: Shutting down and abandoning module UMG (198)
[2023.01.03-21.06.03:903][654]LogModuleManager: Shutting down and abandoning module UMGEditor (197)
[2023.01.03-21.06.03:903][654]LogModuleManager: Shutting down and abandoning module Sequencer (196)
[2023.01.03-21.06.03:904][654]LogModuleManager: Shutting down and abandoning module MessageLog (193)
[2023.01.03-21.06.03:904][654]LogModuleManager: Shutting down and abandoning module SlateReflector (188)
[2023.01.03-21.06.03:904][654]LogModuleManager: Shutting down and abandoning module Slate (186)
[2023.01.03-21.06.03:904][654]LogModuleManager: Shutting down and abandoning module EditorStyle (184)
[2023.01.03-21.06.03:905][654]LogModuleManager: Shutting down and abandoning module MRMesh (182)
[2023.01.03-21.06.03:905][654]LogModuleManager: Shutting down and abandoning module SourceCodeAccess (180)
[2023.01.03-21.06.03:905][654]LogModuleManager: Shutting down and abandoning module HeadMountedDisplay (178)
[2023.01.03-21.06.03:905][654]LogModuleManager: Shutting down and abandoning module XAudio2 (176)
[2023.01.03-21.06.03:905][654]LogModuleManager: Shutting down and abandoning module Networking (174)
[2023.01.03-21.06.03:905][654]LogModuleManager: Shutting down and abandoning module Core (170)
[2023.01.03-21.06.03:905][654]LogModuleManager: Shutting down and abandoning module LevelSequence (166)
[2023.01.03-21.06.03:905][654]LogModuleManager: Shutting down and abandoning module DirectoryWatcher (164)
[2023.01.03-21.06.03:906][654]LogModuleManager: Shutting down and abandoning module KismetCompiler (162)
[2023.01.03-21.06.03:906][654]LogModuleManager: Shutting down and abandoning module MeshUtilities (160)
[2023.01.03-21.06.03:906][654]LogModuleManager: Shutting down and abandoning module MeshMergeUtilities (159)
[2023.01.03-21.06.03:906][654]LogModuleManager: Shutting down and abandoning module MeshReductionInterface (158)
[2023.01.03-21.06.03:906][654]LogModuleManager: Shutting down and abandoning module SimplygonSwarm (157)
[2023.01.03-21.06.03:906][654]LogModuleManager: Shutting down and abandoning module SimplygonMeshReduction (155)
[2023.01.03-21.06.03:906][654]LogModuleManager: Shutting down and abandoning module QuadricMeshReduction (153)
[2023.01.03-21.06.03:906][654]LogModuleManager: Shutting down and abandoning module MaterialBaking (149)
[2023.01.03-21.06.03:906][654]LogModuleManager: Shutting down and abandoning module DerivedDataCache (146)
[2023.01.03-21.06.04:344][654]LogDerivedDataCache: Shutdown
[2023.01.03-21.06.04:344][654]LogModuleManager: Shutting down and abandoning module TargetPlatform (144)
[2023.01.03-21.06.04:344][654]LogModuleManager: Shutting down and abandoning module VulkanShaderFormat (143)
[2023.01.03-21.06.04:344][654]LogModuleManager: Shutting down and abandoning module ShaderFormatVectorVM (141)
[2023.01.03-21.06.04:344][654]LogModuleManager: Shutting down and abandoning module ShaderFormatOpenGL (139)
[2023.01.03-21.06.04:344][654]LogModuleManager: Shutting down and abandoning module ShaderFormatD3D (137)
[2023.01.03-21.06.04:344][654]LogModuleManager: Shutting down and abandoning module MetalShaderFormat (135)
[2023.01.03-21.06.04:344][654]LogModuleManager: Shutting down and abandoning module TextureFormatUncompressed (133)
[2023.01.03-21.06.04:344][654]LogModuleManager: Shutting down and abandoning module TextureFormatPVR (131)
[2023.01.03-21.06.04:344][654]LogModuleManager: Shutting down and abandoning module TextureFormatDXT (129)
[2023.01.03-21.06.04:344][654]LogModuleManager: Shutting down and abandoning module TextureFormatIntelISPCTexComp (127)
[2023.01.03-21.06.04:344][654]LogModuleManager: Shutting down and abandoning module TextureFormatASTC (125)
[2023.01.03-21.06.04:344][654]LogModuleManager: Shutting down and abandoning module ImageWrapper (124)
[2023.01.03-21.06.04:344][654]LogModuleManager: Shutting down and abandoning module TextureFormatAndroid (121)
[2023.01.03-21.06.04:344][654]LogModuleManager: Shutting down and abandoning module AudioFormatOpus (119)
[2023.01.03-21.06.04:344][654]LogModuleManager: Shutting down and abandoning module AudioFormatOgg (117)
[2023.01.03-21.06.04:344][654]LogModuleManager: Shutting down and abandoning module AudioFormatADPCM (115)
[2023.01.03-21.06.04:344][654]LogModuleManager: Shutting down and abandoning module LinuxTargetPlatform (113)
[2023.01.03-21.06.04:344][654]LogModuleManager: Shutting down and abandoning module LinuxServerTargetPlatform (111)
[2023.01.03-21.06.04:344][654]LogModuleManager: Shutting down and abandoning module LinuxNoEditorTargetPlatform (109)
[2023.01.03-21.06.04:344][654]LogModuleManager: Shutting down and abandoning module LinuxClientTargetPlatform (107)
[2023.01.03-21.06.04:344][654]LogModuleManager: Shutting down and abandoning module TVOSTargetPlatform (105)
[2023.01.03-21.06.04:344][654]LogModuleManager: Shutting down and abandoning module Messaging (103)
[2023.01.03-21.06.04:344][654]LogModuleManager: Shutting down and abandoning module IOSTargetPlatform (101)
[2023.01.03-21.06.04:345][654]LogModuleManager: Shutting down and abandoning module HTML5TargetPlatform (99)
[2023.01.03-21.06.04:345][654]LogModuleManager: Shutting down and abandoning module AndroidTargetPlatform (97)
[2023.01.03-21.06.04:345][654]LogModuleManager: Shutting down and abandoning module Android_PVRTCTargetPlatform (95)
[2023.01.03-21.06.04:345][654]LogModuleManager: Shutting down and abandoning module Android_MultiTargetPlatform (93)
[2023.01.03-21.06.04:345][654]LogModuleManager: Shutting down and abandoning module Android_ETC2TargetPlatform (91)
[2023.01.03-21.06.04:345][654]LogModuleManager: Shutting down and abandoning module Android_ETC1TargetPlatform (89)
[2023.01.03-21.06.04:345][654]LogModuleManager: Shutting down and abandoning module Android_DXTTargetPlatform (87)
[2023.01.03-21.06.04:345][654]LogModuleManager: Shutting down and abandoning module Android_ATCTargetPlatform (85)
[2023.01.03-21.06.04:345][654]LogModuleManager: Shutting down and abandoning module Android_ASTCTargetPlatform (83)
[2023.01.03-21.06.04:345][654]LogModuleManager: Shutting down and abandoning module WindowsTargetPlatform (81)
[2023.01.03-21.06.04:345][654]LogModuleManager: Shutting down and abandoning module WindowsServerTargetPlatform (79)
[2023.01.03-21.06.04:345][654]LogModuleManager: Shutting down and abandoning module WindowsNoEditorTargetPlatform (77)
[2023.01.03-21.06.04:345][654]LogModuleManager: Shutting down and abandoning module WindowsClientTargetPlatform (75)
[2023.01.03-21.06.04:345][654]LogModuleManager: Shutting down and abandoning module MacTargetPlatform (73)
[2023.01.03-21.06.04:345][654]LogModuleManager: Shutting down and abandoning module MacServerTargetPlatform (71)
[2023.01.03-21.06.04:345][654]LogModuleManager: Shutting down and abandoning module MacNoEditorTargetPlatform (69)
[2023.01.03-21.06.04:345][654]LogModuleManager: Shutting down and abandoning module MacClientTargetPlatform (67)
[2023.01.03-21.06.04:345][654]LogModuleManager: Shutting down and abandoning module AllDesktopTargetPlatform (65)
[2023.01.03-21.06.04:345][654]LogModuleManager: Shutting down and abandoning module InputCore (62)
[2023.01.03-21.06.04:345][654]LogModuleManager: Shutting down and abandoning module Settings (60)
[2023.01.03-21.06.04:345][654]LogModuleManager: Shutting down and abandoning module PhysXCooking (58)
[2023.01.03-21.06.04:345][654]LogModuleManager: Shutting down and abandoning module TMFlightStick (56)
[2023.01.03-21.06.04:345][654]LogModuleManager: Shutting down and abandoning module CriWareRuntime (54)
[2023.01.03-21.06.04:345][654]LogModuleManager: Shutting down and abandoning module OculusHMD (52)
[2023.01.03-21.06.04:345][654]LogModuleManager: Shutting down and abandoning module ExampleDeviceProfileSelector (50)
[2023.01.03-21.06.04:345][654]LogModuleManager: Shutting down and abandoning module OnlineBlueprintSupport (48)
[2023.01.03-21.06.04:345][654]LogModuleManager: Shutting down and abandoning module OnlineSubsystem (44)
[2023.01.03-21.06.04:345][654]LogModuleManager: Shutting down and abandoning module XMPP (43)
[2023.01.03-21.06.04:345][654]LogModuleManager: Shutting down and abandoning module HTTP (41)
[2023.01.03-21.06.04:346][654]LogHttp: Display: Http module shutting down, but needs to wait on 1 outstanding Http requests:
[2023.01.03-21.06.04:346][654]LogHttp: Display: 	verb=[POST] url=[https://datarouter.ol.epicgames.com/datarouter/api/v1/public/data?SessionID=%7B2F66252B-4866-7C30-16D0-378D550D5255%7D&AppID=UEEditor.Rocket.Release&AppVersion=4.18.3-3832480%2B%2B%2BUE4%2BRelease-4.18&UserID=bb6505a14235a50658229eaf03fca05e%7C7bdf56354873435ba30cb74f50999318%7C2ea7aa79-c2e3-42a2-a0ec-cbc0ed4b735a&AppEnvironment=datacollector-binary&UploadType=eteventstream] status=Processing
[2023.01.03-21.06.04:376][654]LogModuleManager: Shutting down and abandoning module SSL (40)
[2023.01.03-21.06.04:377][654]LogModuleManager: Shutting down and abandoning module AnimationModifiers (36)
[2023.01.03-21.06.04:377][654]LogModuleManager: Shutting down and abandoning module PropertyEditor (35)
[2023.01.03-21.06.04:377][654]LogModuleManager: Shutting down and abandoning module AudioEditor (32)
[2023.01.03-21.06.04:377][654]LogModuleManager: Shutting down and abandoning module TextureCompressor (30)
[2023.01.03-21.06.04:378][654]LogModuleManager: Shutting down and abandoning module ShaderCore (28)
[2023.01.03-21.06.04:378][654]LogModuleManager: Shutting down and abandoning module Landscape (26)
[2023.01.03-21.06.04:378][654]LogModuleManager: Shutting down and abandoning module SlateRHIRenderer (24)
[2023.01.03-21.06.04:378][654]LogModuleManager: Shutting down and abandoning module OpenGLDrv (22)
[2023.01.03-21.06.04:378][654]LogModuleManager: Shutting down and abandoning module D3D11RHI (20)
[2023.01.03-21.06.04:378][654]LogModuleManager: Shutting down and abandoning module AnimGraphRuntime (18)
[2023.01.03-21.06.04:378][654]LogModuleManager: Shutting down and abandoning module Renderer (16)
[2023.01.03-21.06.04:378][654]LogModuleManager: Shutting down and abandoning module Engine (14)
[2023.01.03-21.06.04:378][654]LogModuleManager: Shutting down and abandoning module CoreUObject (12)
[2023.01.03-21.06.04:378][654]LogModuleManager: Shutting down and abandoning module NetworkFile (10)
[2023.01.03-21.06.04:378][654]LogModuleManager: Shutting down and abandoning module CookedIterativeFile (8)
[2023.01.03-21.06.04:378][654]LogModuleManager: Shutting down and abandoning module StreamingFile (6)
[2023.01.03-21.06.04:378][654]LogModuleManager: Shutting down and abandoning module SandboxFile (4)
[2023.01.03-21.06.04:378][654]LogModuleManager: Shutting down and abandoning module PakFile (2)
[2023.01.03-21.06.04:380][654]LogExit: Exiting.
[2023.01.03-21.06.04:389][654]Log file closed, 01/03/23 22:06:04
